#
# A fatal error has been detected by the Java Runtime Environment:
#
#  EXCEPTION_ACCESS_VIOLATION (0xc0000005) at pc=0x00007ffc1cb93536, pid=17800, tid=7864
#
# JRE version: OpenJDK Runtime Environment Temurin-17.0.7+7 (17.0.7+7) (build 17.0.7+7)
# Java VM: OpenJDK 64-Bit Server VM Temurin-17.0.7+7 (17.0.7+7, mixed mode, tiered, compressed oops, compressed class ptrs, g1 gc, windows-amd64)
# Problematic frame:
# C  [ntdll.dll+0x63536]
#
# No core dump will be written. Minidumps are not enabled by default on client versions of Windows
#
# If you would like to submit a bug report, please visit:
#   https://github.com/adoptium/adoptium-support/issues
# The crash happened outside the Java Virtual Machine in native code.
# See problematic frame for where to report the bug.
#

---------------  S U M M A R Y ------------

Command Line: --module-path=C:\Users\iceman44\Desktop\javafx-sdk-20.0.2\lib --add-modules=javafx.controls,javafx.fxml -Djava.library.path=C:\Users\Administrator\Desktop\opencv\build\java\x64 -Dfile.encoding=UTF-8 -XX:+ShowCodeDetailsInExceptionMessages application.MainApplication

Host: Intel(R) Core(TM) i5-7300HQ CPU @ 2.50GHz, 4 cores, 7G,  Windows 10 , 64 bit Build 19041 (10.0.19041.3155)
Time: Fri Sep  1 16:32:13 2023 GMT Summer Time elapsed time: 52.296455 seconds (0d 0h 0m 52s)

---------------  T H R E A D  ---------------

Current thread (0x0000019e0a4e3d00):  JavaThread "Thread-3" [_thread_in_native, id=7864, stack(0x000000891cd00000,0x000000891ce00000)]

Stack: [0x000000891cd00000,0x000000891ce00000],  sp=0x000000891cdff150,  free space=1020k
Native frames: (J=compiled Java code, j=interpreted, Vv=VM code, C=native code)
C  [ntdll.dll+0x63536]
C  [ntdll.dll+0x2fcb4]
C  [ntdll.dll+0x2fae2]
C  0x00007ffc04d32be7

Java frames: (J=compiled Java code, j=interpreted, Vv=VM code)
j  org.bytedeco.javacpp.opencv_videoio$VideoCapture.retrieve(Lorg/bytedeco/javacpp/opencv_core$Mat;)Z+0
j  org.bytedeco.javacv.OpenCVFrameGrabber.grab()Lorg/bytedeco/javacv/Frame;+8
j  application.FaceDetector.run()V+7
j  java.lang.Thread.run()V+11 java.base@17.0.7
v  ~StubRoutines::call_stub

siginfo: EXCEPTION_ACCESS_VIOLATION (0xc0000005), writing address 0x0000000000000024


Register to memory mapping:

RIP=0x00007ffc1cb93536 ntdll.dll
RAX=0x0 is NULL
RBX=0x0000019e0a008548 points into unknown readable memory: 0x0000000000000000 | 00 00 00 00 00 00 00 00
RCX=0x0000019e0a008548 points into unknown readable memory: 0x0000000000000000 | 00 00 00 00 00 00 00 00
RDX=0x00000000fffffffa is an unallocated location in the heap
RSP=0x000000891cdff150 is pointing into the stack for thread: 0x0000019e0a4e3d00
RBP=0x0 is NULL
RSI=0x0 is NULL
RDI=0x0 is NULL
R8 =0x0 is NULL
R9 =0x0000019e0a008500 points into unknown readable memory: 0x6e65706f2f707063 | 63 70 70 2f 6f 70 65 6e
R10=0x0 is NULL
R11=0x0000000000000246 is an unknown value
R12=0x0 is NULL
R13=0x000000891a3e7000 points into unknown readable memory: 0x0000000000000000 | 00 00 00 00 00 00 00 00
R14=0x0000000000000001 is an unknown value
R15=0x0 is NULL


Registers:
RAX=0x0000000000000000, RBX=0x0000019e0a008548, RCX=0x0000019e0a008548, RDX=0x00000000fffffffa
RSP=0x000000891cdff150, RBP=0x0000000000000000, RSI=0x0000000000000000, RDI=0x0000000000000000
R8 =0x0000000000000000, R9 =0x0000019e0a008500, R10=0x0000000000000000, R11=0x0000000000000246
R12=0x0000000000000000, R13=0x000000891a3e7000, R14=0x0000000000000001, R15=0x0000000000000000
RIP=0x00007ffc1cb93536, EFLAGS=0x0000000000010213

Top of Stack: (sp=0x000000891cdff150)
0x000000891cdff150:   ffffffffffffffff 0000019e0a008548
0x000000891cdff160:   000000891cdff230 0000019e701e94ec
0x000000891cdff170:   000000000004b000 000000000004b000
0x000000891cdff180:   000000008b94c068 0000000000000003
0x000000891cdff190:   000000891cdff100 0000019efffffffa
0x000000891cdff1a0:   000000891a3e7000 000000000004b000
0x000000891cdff1b0:   0000000000000a00 0000000000000000
0x000000891cdff1c0:   0000000000000000 0000019e70218ccd
0x000000891cdff1d0:   0000000000000002 00007ffbc3daafe9
0x000000891cdff1e0:   0000f387f9d06feb 00007ffbc430b740
0x000000891cdff1f0:   0000019e0a4e3d00 0000000000000001
0x000000891cdff200:   0000000000000001 0000000000000001
0x000000891cdff210:   0000000000000000 0000019e0a008548
0x000000891cdff220:   0000000000000000 00007ffc1cb5fcb4
0x000000891cdff230:   000000891cdff2a8 0000019e0a4e3d00
0x000000891cdff240:   00000000fffffffa ffffffffff676980 

Instructions: (pc=0x00007ffc1cb93536)
0x00007ffc1cb93436:   20 e9 ed fe ff ff 48 89 41 18 e9 e4 fe ff ff cc
0x00007ffc1cb93446:   cc cc cc cc cc cc cc cc cc cc 80 3d b1 90 10 00
0x00007ffc1cb93456:   00 0f 95 c0 c3 cc cc cc cc cc cc cc cc cc cc cc
0x00007ffc1cb93466:   cc cc cc cc cc cc cc cc cc cc 48 83 ec 38 8b 05
0x00007ffc1cb93476:   b2 76 10 00 89 44 24 20 e8 41 02 00 00 48 83 c4
0x00007ffc1cb93486:   38 c3 cc cc cc cc cc cc cc cc 48 89 5c 24 18 55
0x00007ffc1cb93496:   56 57 41 54 41 55 41 56 41 57 48 81 ec a0 00 00
0x00007ffc1cb934a6:   00 48 8b 05 62 10 12 00 48 33 c4 48 89 84 24 90
0x00007ffc1cb934b6:   00 00 00 65 4c 8b 2c 25 30 00 00 00 48 8d 05 ff
0x00007ffc1cb934c6:   30 10 00 40 32 ed 89 54 24 48 33 f6 40 88 6c 24
0x00007ffc1cb934d6:   40 4c 89 6c 24 50 48 8b d9 44 8b e6 48 3b c8 0f
0x00007ffc1cb934e6:   84 39 01 00 00 40 38 35 16 90 10 00 0f 85 a8 01
0x00007ffc1cb934f6:   00 00 39 35 2a 90 10 00 0f 85 6a 01 00 00 40 38
0x00007ffc1cb93506:   35 ed 8a 10 00 48 8d 3d ee 8a 10 00 48 0f 45 fe
0x00007ffc1cb93516:   48 39 73 18 0f 84 d2 00 00 00 48 8b 03 48 83 f8
0x00007ffc1cb93526:   ff 0f 84 d2 00 00 00 44 8b fe 48 83 f8 ff 74 03
0x00007ffc1cb93536:   ff 40 24 4c 8b 73 18 4c 8d 2d 84 30 10 00 bd 22
0x00007ffc1cb93546:   17 00 00 e8 02 13 fc ff 85 c0 0f 85 b6 b3 05 00
0x00007ffc1cb93556:   b9 82 03 fe 7f 80 39 00 0f 85 c4 b3 05 00 49 83
0x00007ffc1cb93566:   fe ff 0f 85 52 b4 05 00 4c 8b cf c7 44 24 20 00
0x00007ffc1cb93576:   00 00 00 41 b8 04 00 00 00 48 8d 54 24 48 48 8d
0x00007ffc1cb93586:   4b 08 e8 37 01 00 00 3d 02 01 00 00 0f 84 3b b4
0x00007ffc1cb93596:   05 00 8b 4b 08 89 4c 24 48 f6 c1 02 75 ca 3d 02
0x00007ffc1cb935a6:   01 00 00 0f 84 24 b4 05 00 0f b6 6c 24 40 4c 8b
0x00007ffc1cb935b6:   6c 24 50 85 c0 0f 88 70 b5 05 00 40 84 ed 75 73
0x00007ffc1cb935c6:   48 8b 8c 24 90 00 00 00 48 33 cc e8 7a 8d 02 00
0x00007ffc1cb935d6:   48 8b 9c 24 f0 00 00 00 48 81 c4 a0 00 00 00 41
0x00007ffc1cb935e6:   5f 41 5e 41 5d 41 5c 5f 5e 5d c3 cc 48 8b cb e8
0x00007ffc1cb935f6:   56 05 00 00 e9 21 ff ff ff 8b 4b 20 48 c7 c0 ff
0x00007ffc1cb93606:   ff ff ff 48 0f ba e1 18 0f 82 19 ff ff ff 48 8b
0x00007ffc1cb93616:   cb e8 24 e2 fa ff 48 8b 03 e9 09 ff ff ff c6 44
0x00007ffc1cb93626:   24 40 01 41 c7 85 60 17 00 00 01 00 00 00 e9 b2 


Stack slot to memory mapping:
stack at sp + 0 slots: 0xffffffffffffffff is an unknown value
stack at sp + 1 slots: 0x0000019e0a008548 points into unknown readable memory: 0x0000000000000000 | 00 00 00 00 00 00 00 00
stack at sp + 2 slots: 0x000000891cdff230 is pointing into the stack for thread: 0x0000019e0a4e3d00
stack at sp + 3 slots: 0x0000019e701e94ec is at code_begin+1100 in an Interpreter codelet
return entry points  [0x0000019e701e90a0, 0x0000019e701e9b80]  2784 bytes
stack at sp + 4 slots: 0x000000000004b000 is an unknown value
stack at sp + 5 slots: 0x000000000004b000 is an unknown value
stack at sp + 6 slots: 0x000000008b94c068 points into unknown readable memory: 0x81c6816081c01180 | 80 11 c0 81 60 81 c6 81
stack at sp + 7 slots: 0x0000000000000003 is an unknown value


---------------  P R O C E S S  ---------------

Threads class SMR info:
_java_thread_list=0x0000019e09069340, length=22, elements={
0x0000019e655f97f0, 0x0000019e7ecbbe70, 0x0000019e7ecbcce0, 0x0000019e7ece0960,
0x0000019e7ece1420, 0x0000019e7ee1cba0, 0x0000019e7ee3e010, 0x0000019e7ee438b0,
0x0000019e7ee51100, 0x0000019e7ee59da0, 0x0000019e7ef6a770, 0x0000019e7f248860,
0x0000019e7f45b860, 0x0000019e7f5127f0, 0x0000019e7f4f14a0, 0x0000019e7f696fe0,
0x0000019e7f69ef20, 0x0000019e092e3690, 0x0000019e08d31a10, 0x0000019e09bbd190,
0x0000019e0a4e3d00, 0x0000019e0a4e8a00
}

Java Threads: ( => current thread )
  0x0000019e655f97f0 JavaThread "main" [_thread_blocked, id=13668, stack(0x000000891a600000,0x000000891a700000)]
  0x0000019e7ecbbe70 JavaThread "Reference Handler" daemon [_thread_blocked, id=14816, stack(0x000000891ad00000,0x000000891ae00000)]
  0x0000019e7ecbcce0 JavaThread "Finalizer" daemon [_thread_blocked, id=8916, stack(0x000000891ae00000,0x000000891af00000)]
  0x0000019e7ece0960 JavaThread "Signal Dispatcher" daemon [_thread_blocked, id=13540, stack(0x000000891af00000,0x000000891b000000)]
  0x0000019e7ece1420 JavaThread "Attach Listener" daemon [_thread_blocked, id=6932, stack(0x000000891b000000,0x000000891b100000)]
  0x0000019e7ee1cba0 JavaThread "Service Thread" daemon [_thread_blocked, id=17344, stack(0x000000891b100000,0x000000891b200000)]
  0x0000019e7ee3e010 JavaThread "Monitor Deflation Thread" daemon [_thread_blocked, id=7912, stack(0x000000891b200000,0x000000891b300000)]
  0x0000019e7ee438b0 JavaThread "C2 CompilerThread0" daemon [_thread_blocked, id=8048, stack(0x000000891b300000,0x000000891b400000)]
  0x0000019e7ee51100 JavaThread "C1 CompilerThread0" daemon [_thread_blocked, id=4472, stack(0x000000891b400000,0x000000891b500000)]
  0x0000019e7ee59da0 JavaThread "Sweeper thread" daemon [_thread_blocked, id=14852, stack(0x000000891b500000,0x000000891b600000)]
  0x0000019e7ef6a770 JavaThread "Common-Cleaner" daemon [_thread_blocked, id=7772, stack(0x000000891b600000,0x000000891b700000)]
  0x0000019e7f248860 JavaThread "Notification Thread" daemon [_thread_blocked, id=12720, stack(0x000000891b800000,0x000000891b900000)]
  0x0000019e7f45b860 JavaThread "QuantumRenderer-0" daemon [_thread_blocked, id=15052, stack(0x000000891ba00000,0x000000891bb00000)]
  0x0000019e7f5127f0 JavaThread "InvokeLaterDispatcher" daemon [_thread_blocked, id=1204, stack(0x000000891bc00000,0x000000891bd00000)]
  0x0000019e7f4f14a0 JavaThread "JavaFX Application Thread" [_thread_in_native, id=6772, stack(0x000000891bd00000,0x000000891be00000)]
  0x0000019e7f696fe0 JavaThread "JavaFX-Launcher" [_thread_blocked, id=13984, stack(0x000000891c500000,0x000000891c600000)]
  0x0000019e7f69ef20 JavaThread "Thread-2" daemon [_thread_in_native, id=10328, stack(0x000000891c400000,0x000000891c500000)]
  0x0000019e092e3690 JavaThread "Prism Font Disposer" daemon [_thread_blocked, id=8136, stack(0x000000891ca00000,0x000000891cb00000)]
  0x0000019e08d31a10 JavaThread "Cleaner-0" daemon [_thread_blocked, id=7540, stack(0x000000891cb00000,0x000000891cc00000)]
  0x0000019e09bbd190 JavaThread "JavaCPP Deallocator" daemon [_thread_blocked, id=8168, stack(0x000000891b700000,0x000000891b800000)]
=>0x0000019e0a4e3d00 JavaThread "Thread-3" [_thread_in_native, id=7864, stack(0x000000891cd00000,0x000000891ce00000)]
  0x0000019e0a4e8a00 JavaThread "Java2D Disposer" daemon [_thread_blocked, id=16276, stack(0x000000891d700000,0x000000891d800000)]

Other Threads:
  0x0000019e7ecb6a40 VMThread "VM Thread" [stack: 0x000000891ac00000,0x000000891ad00000] [id=7844]
  0x0000019e7f1bcce0 WatcherThread [stack: 0x000000891b900000,0x000000891ba00000] [id=11668]
  0x0000019e65655f40 GCTaskThread "GC Thread#0" [stack: 0x000000891a700000,0x000000891a800000] [id=14788]
  0x0000019e7f64c160 GCTaskThread "GC Thread#1" [stack: 0x000000891c100000,0x000000891c200000] [id=11168]
  0x0000019e7f6656e0 GCTaskThread "GC Thread#2" [stack: 0x000000891c200000,0x000000891c300000] [id=9632]
  0x0000019e7f662d10 GCTaskThread "GC Thread#3" [stack: 0x000000891c300000,0x000000891c400000] [id=8292]
  0x0000019e65666b00 ConcurrentGCThread "G1 Main Marker" [stack: 0x000000891a800000,0x000000891a900000] [id=14344]
  0x0000019e65667510 ConcurrentGCThread "G1 Conc#0" [stack: 0x000000891a900000,0x000000891aa00000] [id=712]
  0x0000019e656bc2e0 ConcurrentGCThread "G1 Refine#0" [stack: 0x000000891aa00000,0x000000891ab00000] [id=11768]
  0x0000019e08559840 ConcurrentGCThread "G1 Refine#1" [stack: 0x000000891c600000,0x000000891c700000] [id=13860]
  0x0000019e656bd5e0 ConcurrentGCThread "G1 Service" [stack: 0x000000891ab00000,0x000000891ac00000] [id=6116]

Threads with active compile tasks:

VM state: not at safepoint (normal execution)

VM Mutex/Monitor currently owned by a thread: None

Heap address: 0x0000000081c00000, size: 2020 MB, Compressed Oops mode: 32-bit

CDS archive(s) not mapped
Compressed class space mapped at: 0x0000000100000000-0x0000000140000000, reserved size: 1073741824
Narrow klass base: 0x0000000000000000, Narrow klass shift: 3, Narrow klass range: 0x140000000

GC Precious Log:
 CPUs: 4 total, 4 available
 Memory: 8075M
 Large Page Support: Disabled
 NUMA Support: Disabled
 Compressed Oops: Enabled (32-bit)
 Heap Region Size: 1M
 Heap Min Capacity: 8M
 Heap Initial Capacity: 128M
 Heap Max Capacity: 2020M
 Pre-touch: Disabled
 Parallel Workers: 4
 Concurrent Workers: 1
 Concurrent Refinement Workers: 4
 Periodic GC: Disabled

Heap:
 garbage-first heap   total 162816K, used 55320K [0x0000000081c00000, 0x0000000100000000)
  region size 1024K, 3 young (3072K), 1 survivors (1024K)
 Metaspace       used 32577K, committed 32896K, reserved 1114112K
  class space    used 4056K, committed 4224K, reserved 1048576K

Heap Regions: E=young(eden), S=young(survivor), O=old, HS=humongous(starts), HC=humongous(continues), CS=collection set, F=free, OA=open archive, CA=closed archive, TAMS=top-at-mark-start (previous, next)
|   0|0x0000000081c00000, 0x0000000081d00000, 0x0000000081d00000|100%| O|  |TAMS 0x0000000081d00000, 0x0000000081d00000| Untracked 
|   1|0x0000000081d00000, 0x0000000081e00000, 0x0000000081e00000|100%| O|  |TAMS 0x0000000081e00000, 0x0000000081e00000| Untracked 
|   2|0x0000000081e00000, 0x0000000081e46a00, 0x0000000081f00000| 27%| O|  |TAMS 0x0000000081e46a00, 0x0000000081e46a00| Untracked 
|   3|0x0000000081f00000, 0x0000000082000000, 0x0000000082000000|100%|HS|  |TAMS 0x0000000081f00000, 0x0000000082000000| Complete 
|   4|0x0000000082000000, 0x0000000082100000, 0x0000000082100000|100%|HC|  |TAMS 0x0000000082000000, 0x0000000082100000| Complete 
|   5|0x0000000082100000, 0x0000000082200000, 0x0000000082200000|100%| O|  |TAMS 0x0000000082200000, 0x0000000082200000| Untracked 
|   6|0x0000000082200000, 0x0000000082300000, 0x0000000082300000|100%| O|  |TAMS 0x0000000082300000, 0x0000000082300000| Untracked 
|   7|0x0000000082300000, 0x0000000082400000, 0x0000000082400000|100%| O|  |TAMS 0x0000000082400000, 0x0000000082400000| Untracked 
|   8|0x0000000082400000, 0x0000000082500000, 0x0000000082500000|100%| O|  |TAMS 0x0000000082500000, 0x0000000082500000| Untracked 
|   9|0x0000000082500000, 0x0000000082600000, 0x0000000082600000|100%| O|  |TAMS 0x0000000082600000, 0x0000000082600000| Untracked 
|  10|0x0000000082600000, 0x0000000082700000, 0x0000000082700000|100%| O|  |TAMS 0x0000000082700000, 0x0000000082700000| Untracked 
|  11|0x0000000082700000, 0x0000000082800000, 0x0000000082800000|100%|HS|  |TAMS 0x0000000082800000, 0x0000000082800000| Complete 
|  12|0x0000000082800000, 0x0000000082900000, 0x0000000082900000|100%|HC|  |TAMS 0x0000000082900000, 0x0000000082900000| Complete 
|  13|0x0000000082900000, 0x0000000082a00000, 0x0000000082a00000|100%| O|  |TAMS 0x0000000082a00000, 0x0000000082a00000| Untracked 
|  14|0x0000000082a00000, 0x0000000082b00000, 0x0000000082b00000|100%| O|  |TAMS 0x0000000082b00000, 0x0000000082b00000| Untracked 
|  15|0x0000000082b00000, 0x0000000082c00000, 0x0000000082c00000|100%|HS|  |TAMS 0x0000000082c00000, 0x0000000082c00000| Complete 
|  16|0x0000000082c00000, 0x0000000082d00000, 0x0000000082d00000|100%|HS|  |TAMS 0x0000000082c00000, 0x0000000082d00000| Complete 
|  17|0x0000000082d00000, 0x0000000082e00000, 0x0000000082e00000|100%|HS|  |TAMS 0x0000000082d00000, 0x0000000082d00000| Complete 
|  18|0x0000000082e00000, 0x0000000082f00000, 0x0000000082f00000|100%|HC|  |TAMS 0x0000000082e00000, 0x0000000082e00000| Complete 
|  19|0x0000000082f00000, 0x0000000082f7c400, 0x0000000083000000| 48%| O|  |TAMS 0x0000000082f00000, 0x0000000082f00000| Untracked 
|  20|0x0000000083000000, 0x0000000083100000, 0x0000000083100000|100%| O|  |TAMS 0x0000000083100000, 0x0000000083100000| Untracked 
|  21|0x0000000083100000, 0x0000000083200000, 0x0000000083200000|100%| O|  |TAMS 0x00000000831db400, 0x0000000083200000| Untracked 
|  22|0x0000000083200000, 0x0000000083300000, 0x0000000083300000|100%|HS|  |TAMS 0x0000000083200000, 0x0000000083200000| Complete 
|  23|0x0000000083300000, 0x0000000083400000, 0x0000000083400000|100%|HC|  |TAMS 0x0000000083300000, 0x0000000083300000| Complete 
|  24|0x0000000083400000, 0x0000000083500000, 0x0000000083500000|100%| O|  |TAMS 0x0000000083400000, 0x0000000083500000| Untracked 
|  25|0x0000000083500000, 0x0000000083600000, 0x0000000083600000|100%|HS|  |TAMS 0x0000000083500000, 0x0000000083600000| Complete 
|  26|0x0000000083600000, 0x0000000083700000, 0x0000000083700000|100%|HC|  |TAMS 0x0000000083600000, 0x0000000083700000| Complete 
|  27|0x0000000083700000, 0x0000000083800000, 0x0000000083800000|100%|HS|  |TAMS 0x0000000083700000, 0x0000000083700000| Complete 
|  28|0x0000000083800000, 0x0000000083900000, 0x0000000083900000|100%|HC|  |TAMS 0x0000000083800000, 0x0000000083800000| Complete 
|  29|0x0000000083900000, 0x0000000083a00000, 0x0000000083a00000|100%|HS|  |TAMS 0x0000000083900000, 0x0000000083a00000| Complete 
|  30|0x0000000083a00000, 0x0000000083b00000, 0x0000000083b00000|100%|HC|  |TAMS 0x0000000083a00000, 0x0000000083b00000| Complete 
|  31|0x0000000083b00000, 0x0000000083b00000, 0x0000000083c00000|  0%| F|  |TAMS 0x0000000083b00000, 0x0000000083b00000| Untracked 
|  32|0x0000000083c00000, 0x0000000083c00000, 0x0000000083d00000|  0%| F|  |TAMS 0x0000000083c00000, 0x0000000083c00000| Untracked 
|  33|0x0000000083d00000, 0x0000000083e00000, 0x0000000083e00000|100%|HS|  |TAMS 0x0000000083d00000, 0x0000000083e00000| Complete 
|  34|0x0000000083e00000, 0x0000000083f00000, 0x0000000083f00000|100%|HC|  |TAMS 0x0000000083e00000, 0x0000000083f00000| Complete 
|  35|0x0000000083f00000, 0x0000000083f00000, 0x0000000084000000|  0%| F|  |TAMS 0x0000000083f00000, 0x0000000083f00000| Untracked 
|  36|0x0000000084000000, 0x0000000084000000, 0x0000000084100000|  0%| F|  |TAMS 0x0000000084000000, 0x0000000084000000| Untracked 
|  37|0x0000000084100000, 0x0000000084100000, 0x0000000084200000|  0%| F|  |TAMS 0x0000000084100000, 0x0000000084100000| Untracked 
|  38|0x0000000084200000, 0x0000000084200000, 0x0000000084300000|  0%| F|  |TAMS 0x0000000084200000, 0x0000000084200000| Untracked 
|  39|0x0000000084300000, 0x0000000084400000, 0x0000000084400000|100%|HS|  |TAMS 0x0000000084300000, 0x0000000084400000| Complete 
|  40|0x0000000084400000, 0x0000000084500000, 0x0000000084500000|100%|HC|  |TAMS 0x0000000084400000, 0x0000000084500000| Complete 
|  41|0x0000000084500000, 0x0000000084600000, 0x0000000084600000|100%|HS|  |TAMS 0x0000000084500000, 0x0000000084600000| Complete 
|  42|0x0000000084600000, 0x0000000084700000, 0x0000000084700000|100%|HC|  |TAMS 0x0000000084600000, 0x0000000084700000| Complete 
|  43|0x0000000084700000, 0x0000000084700000, 0x0000000084800000|  0%| F|  |TAMS 0x0000000084700000, 0x0000000084700000| Untracked 
|  44|0x0000000084800000, 0x0000000084800000, 0x0000000084900000|  0%| F|  |TAMS 0x0000000084800000, 0x0000000084800000| Untracked 
|  45|0x0000000084900000, 0x0000000084a00000, 0x0000000084a00000|100%|HS|  |TAMS 0x0000000084900000, 0x0000000084a00000| Complete 
|  46|0x0000000084a00000, 0x0000000084b00000, 0x0000000084b00000|100%|HC|  |TAMS 0x0000000084a00000, 0x0000000084b00000| Complete 
|  47|0x0000000084b00000, 0x0000000084c00000, 0x0000000084c00000|100%|HS|  |TAMS 0x0000000084b00000, 0x0000000084c00000| Complete 
|  48|0x0000000084c00000, 0x0000000084d00000, 0x0000000084d00000|100%|HC|  |TAMS 0x0000000084c00000, 0x0000000084d00000| Complete 
|  49|0x0000000084d00000, 0x0000000084d00000, 0x0000000084e00000|  0%| F|  |TAMS 0x0000000084d00000, 0x0000000084d00000| Untracked 
|  50|0x0000000084e00000, 0x0000000084e00000, 0x0000000084f00000|  0%| F|  |TAMS 0x0000000084e00000, 0x0000000084e00000| Untracked 
|  51|0x0000000084f00000, 0x0000000084f00000, 0x0000000085000000|  0%| F|  |TAMS 0x0000000084f00000, 0x0000000084f00000| Untracked 
|  52|0x0000000085000000, 0x0000000085000000, 0x0000000085100000|  0%| F|  |TAMS 0x0000000085000000, 0x0000000085000000| Untracked 
|  53|0x0000000085100000, 0x0000000085200000, 0x0000000085200000|100%|HS|  |TAMS 0x0000000085100000, 0x0000000085200000| Complete 
|  54|0x0000000085200000, 0x0000000085300000, 0x0000000085300000|100%|HC|  |TAMS 0x0000000085200000, 0x0000000085300000| Complete 
|  55|0x0000000085300000, 0x0000000085300000, 0x0000000085400000|  0%| F|  |TAMS 0x0000000085300000, 0x0000000085300000| Untracked 
|  56|0x0000000085400000, 0x0000000085400000, 0x0000000085500000|  0%| F|  |TAMS 0x0000000085400000, 0x0000000085400000| Untracked 
|  57|0x0000000085500000, 0x0000000085600000, 0x0000000085600000|100%|HS|  |TAMS 0x0000000085500000, 0x0000000085600000| Complete 
|  58|0x0000000085600000, 0x0000000085700000, 0x0000000085700000|100%|HC|  |TAMS 0x0000000085600000, 0x0000000085700000| Complete 
|  59|0x0000000085700000, 0x0000000085800000, 0x0000000085800000|100%|HS|  |TAMS 0x0000000085700000, 0x0000000085800000| Complete 
|  60|0x0000000085800000, 0x0000000085900000, 0x0000000085900000|100%|HC|  |TAMS 0x0000000085800000, 0x0000000085900000| Complete 
|  61|0x0000000085900000, 0x0000000085900000, 0x0000000085a00000|  0%| F|  |TAMS 0x0000000085900000, 0x0000000085900000| Untracked 
|  62|0x0000000085a00000, 0x0000000085a00000, 0x0000000085b00000|  0%| F|  |TAMS 0x0000000085a00000, 0x0000000085a00000| Untracked 
|  63|0x0000000085b00000, 0x0000000085c00000, 0x0000000085c00000|100%|HS|  |TAMS 0x0000000085b00000, 0x0000000085c00000| Complete 
|  64|0x0000000085c00000, 0x0000000085d00000, 0x0000000085d00000|100%|HC|  |TAMS 0x0000000085c00000, 0x0000000085d00000| Complete 
|  65|0x0000000085d00000, 0x0000000085d00000, 0x0000000085e00000|  0%| F|  |TAMS 0x0000000085d00000, 0x0000000085d00000| Untracked 
|  66|0x0000000085e00000, 0x0000000085e00000, 0x0000000085f00000|  0%| F|  |TAMS 0x0000000085e00000, 0x0000000085e00000| Untracked 
|  67|0x0000000085f00000, 0x0000000086000000, 0x0000000086000000|100%|HS|  |TAMS 0x0000000085f00000, 0x0000000086000000| Complete 
|  68|0x0000000086000000, 0x0000000086100000, 0x0000000086100000|100%|HC|  |TAMS 0x0000000086000000, 0x0000000086100000| Complete 
|  69|0x0000000086100000, 0x0000000086200000, 0x0000000086200000|100%|HS|  |TAMS 0x0000000086100000, 0x0000000086200000| Complete 
|  70|0x0000000086200000, 0x0000000086300000, 0x0000000086300000|100%|HC|  |TAMS 0x0000000086200000, 0x0000000086300000| Complete 
|  71|0x0000000086300000, 0x0000000086400000, 0x0000000086400000|100%| O|  |TAMS 0x0000000086300000, 0x0000000086343a00| Untracked 
|  72|0x0000000086400000, 0x0000000086400000, 0x0000000086500000|  0%| F|  |TAMS 0x0000000086400000, 0x0000000086400000| Untracked 
|  73|0x0000000086500000, 0x0000000086500000, 0x0000000086600000|  0%| F|  |TAMS 0x0000000086500000, 0x0000000086500000| Untracked 
|  74|0x0000000086600000, 0x0000000086600000, 0x0000000086700000|  0%| F|  |TAMS 0x0000000086600000, 0x0000000086600000| Untracked 
|  75|0x0000000086700000, 0x0000000086700000, 0x0000000086800000|  0%| F|  |TAMS 0x0000000086700000, 0x0000000086700000| Untracked 
|  76|0x0000000086800000, 0x0000000086800000, 0x0000000086900000|  0%| F|  |TAMS 0x0000000086800000, 0x0000000086800000| Untracked 
|  77|0x0000000086900000, 0x0000000086900000, 0x0000000086a00000|  0%| F|  |TAMS 0x0000000086900000, 0x0000000086900000| Untracked 
|  78|0x0000000086a00000, 0x0000000086a00000, 0x0000000086b00000|  0%| F|  |TAMS 0x0000000086a00000, 0x0000000086a00000| Untracked 
|  79|0x0000000086b00000, 0x0000000086b00000, 0x0000000086c00000|  0%| F|  |TAMS 0x0000000086b00000, 0x0000000086b00000| Untracked 
|  80|0x0000000086c00000, 0x0000000086c00000, 0x0000000086d00000|  0%| F|  |TAMS 0x0000000086c00000, 0x0000000086c00000| Untracked 
|  81|0x0000000086d00000, 0x0000000086d00000, 0x0000000086e00000|  0%| F|  |TAMS 0x0000000086d00000, 0x0000000086d00000| Untracked 
|  82|0x0000000086e00000, 0x0000000086e00000, 0x0000000086f00000|  0%| F|  |TAMS 0x0000000086e00000, 0x0000000086e00000| Untracked 
|  83|0x0000000086f00000, 0x0000000086f00000, 0x0000000087000000|  0%| F|  |TAMS 0x0000000086f00000, 0x0000000086f00000| Untracked 
|  84|0x0000000087000000, 0x0000000087000000, 0x0000000087100000|  0%| F|  |TAMS 0x0000000087000000, 0x0000000087000000| Untracked 
|  85|0x0000000087100000, 0x0000000087100000, 0x0000000087200000|  0%| F|  |TAMS 0x0000000087100000, 0x0000000087100000| Untracked 
|  86|0x0000000087200000, 0x0000000087200000, 0x0000000087300000|  0%| F|  |TAMS 0x0000000087200000, 0x0000000087200000| Untracked 
|  87|0x0000000087300000, 0x0000000087300000, 0x0000000087400000|  0%| F|  |TAMS 0x0000000087300000, 0x0000000087300000| Untracked 
|  88|0x0000000087400000, 0x0000000087400000, 0x0000000087500000|  0%| F|  |TAMS 0x0000000087400000, 0x0000000087400000| Untracked 
|  89|0x0000000087500000, 0x0000000087500000, 0x0000000087600000|  0%| F|  |TAMS 0x0000000087500000, 0x0000000087500000| Untracked 
|  90|0x0000000087600000, 0x0000000087600000, 0x0000000087700000|  0%| F|  |TAMS 0x0000000087600000, 0x0000000087600000| Untracked 
|  91|0x0000000087700000, 0x0000000087700000, 0x0000000087800000|  0%| F|  |TAMS 0x0000000087700000, 0x0000000087700000| Untracked 
|  92|0x0000000087800000, 0x0000000087800000, 0x0000000087900000|  0%| F|  |TAMS 0x0000000087800000, 0x0000000087800000| Untracked 
|  93|0x0000000087900000, 0x0000000087900000, 0x0000000087a00000|  0%| F|  |TAMS 0x0000000087900000, 0x0000000087900000| Untracked 
|  94|0x0000000087a00000, 0x0000000087a00000, 0x0000000087b00000|  0%| F|  |TAMS 0x0000000087a00000, 0x0000000087a00000| Untracked 
|  95|0x0000000087b00000, 0x0000000087b00000, 0x0000000087c00000|  0%| F|  |TAMS 0x0000000087b00000, 0x0000000087b00000| Untracked 
|  96|0x0000000087c00000, 0x0000000087c00000, 0x0000000087d00000|  0%| F|  |TAMS 0x0000000087c00000, 0x0000000087c00000| Untracked 
|  97|0x0000000087d00000, 0x0000000087d00000, 0x0000000087e00000|  0%| F|  |TAMS 0x0000000087d00000, 0x0000000087d00000| Untracked 
|  98|0x0000000087e00000, 0x0000000087e00000, 0x0000000087f00000|  0%| F|  |TAMS 0x0000000087e00000, 0x0000000087e00000| Untracked 
|  99|0x0000000087f00000, 0x0000000087f00000, 0x0000000088000000|  0%| F|  |TAMS 0x0000000087f00000, 0x0000000087f00000| Untracked 
| 100|0x0000000088000000, 0x0000000088000000, 0x0000000088100000|  0%| F|  |TAMS 0x0000000088000000, 0x0000000088000000| Untracked 
| 101|0x0000000088100000, 0x0000000088100000, 0x0000000088200000|  0%| F|  |TAMS 0x0000000088100000, 0x0000000088100000| Untracked 
| 102|0x0000000088200000, 0x0000000088200000, 0x0000000088300000|  0%| F|  |TAMS 0x0000000088200000, 0x0000000088200000| Untracked 
| 103|0x0000000088300000, 0x0000000088300000, 0x0000000088400000|  0%| F|  |TAMS 0x0000000088300000, 0x0000000088300000| Untracked 
| 104|0x0000000088400000, 0x0000000088400000, 0x0000000088500000|  0%| F|  |TAMS 0x0000000088400000, 0x0000000088400000| Untracked 
| 105|0x0000000088500000, 0x0000000088500000, 0x0000000088600000|  0%| F|  |TAMS 0x0000000088500000, 0x0000000088500000| Untracked 
| 106|0x0000000088600000, 0x0000000088600000, 0x0000000088700000|  0%| F|  |TAMS 0x0000000088600000, 0x0000000088600000| Untracked 
| 107|0x0000000088700000, 0x0000000088700000, 0x0000000088800000|  0%| F|  |TAMS 0x0000000088700000, 0x0000000088700000| Untracked 
| 108|0x0000000088800000, 0x0000000088800000, 0x0000000088900000|  0%| F|  |TAMS 0x0000000088800000, 0x0000000088800000| Untracked 
| 109|0x0000000088900000, 0x0000000088900000, 0x0000000088a00000|  0%| F|  |TAMS 0x0000000088900000, 0x0000000088900000| Untracked 
| 110|0x0000000088a00000, 0x0000000088a00000, 0x0000000088b00000|  0%| F|  |TAMS 0x0000000088a00000, 0x0000000088a00000| Untracked 
| 111|0x0000000088b00000, 0x0000000088b00000, 0x0000000088c00000|  0%| F|  |TAMS 0x0000000088b00000, 0x0000000088b00000| Untracked 
| 112|0x0000000088c00000, 0x0000000088c00000, 0x0000000088d00000|  0%| F|  |TAMS 0x0000000088c00000, 0x0000000088c00000| Untracked 
| 113|0x0000000088d00000, 0x0000000088d00000, 0x0000000088e00000|  0%| F|  |TAMS 0x0000000088d00000, 0x0000000088d00000| Untracked 
| 114|0x0000000088e00000, 0x0000000088e00000, 0x0000000088f00000|  0%| F|  |TAMS 0x0000000088e00000, 0x0000000088e00000| Untracked 
| 115|0x0000000088f00000, 0x0000000088f00000, 0x0000000089000000|  0%| F|  |TAMS 0x0000000088f00000, 0x0000000088f00000| Untracked 
| 116|0x0000000089000000, 0x0000000089000000, 0x0000000089100000|  0%| F|  |TAMS 0x0000000089000000, 0x0000000089000000| Untracked 
| 117|0x0000000089100000, 0x0000000089100000, 0x0000000089200000|  0%| F|  |TAMS 0x0000000089100000, 0x0000000089100000| Untracked 
| 118|0x0000000089200000, 0x0000000089200000, 0x0000000089300000|  0%| F|  |TAMS 0x0000000089200000, 0x0000000089200000| Untracked 
| 119|0x0000000089300000, 0x0000000089300000, 0x0000000089400000|  0%| F|  |TAMS 0x0000000089300000, 0x0000000089300000| Untracked 
| 120|0x0000000089400000, 0x0000000089400000, 0x0000000089500000|  0%| F|  |TAMS 0x0000000089400000, 0x0000000089400000| Untracked 
| 121|0x0000000089500000, 0x0000000089500000, 0x0000000089600000|  0%| F|  |TAMS 0x0000000089500000, 0x0000000089500000| Untracked 
| 122|0x0000000089600000, 0x0000000089600000, 0x0000000089700000|  0%| F|  |TAMS 0x0000000089600000, 0x0000000089600000| Untracked 
| 123|0x0000000089700000, 0x0000000089700000, 0x0000000089800000|  0%| F|  |TAMS 0x0000000089700000, 0x0000000089700000| Untracked 
| 124|0x0000000089800000, 0x0000000089800000, 0x0000000089900000|  0%| F|  |TAMS 0x0000000089800000, 0x0000000089800000| Untracked 
| 125|0x0000000089900000, 0x0000000089900000, 0x0000000089a00000|  0%| F|  |TAMS 0x0000000089900000, 0x0000000089900000| Untracked 
| 126|0x0000000089a00000, 0x0000000089a00000, 0x0000000089b00000|  0%| F|  |TAMS 0x0000000089a00000, 0x0000000089a00000| Untracked 
| 127|0x0000000089b00000, 0x0000000089b00000, 0x0000000089c00000|  0%| F|  |TAMS 0x0000000089b00000, 0x0000000089b00000| Untracked 
| 128|0x0000000089c00000, 0x0000000089c00000, 0x0000000089d00000|  0%| F|  |TAMS 0x0000000089c00000, 0x0000000089c00000| Untracked 
| 129|0x0000000089d00000, 0x0000000089d00000, 0x0000000089e00000|  0%| F|  |TAMS 0x0000000089d00000, 0x0000000089d00000| Untracked 
| 130|0x0000000089e00000, 0x0000000089e00000, 0x0000000089f00000|  0%| F|  |TAMS 0x0000000089e00000, 0x0000000089e00000| Untracked 
| 131|0x0000000089f00000, 0x0000000089f00000, 0x000000008a000000|  0%| F|  |TAMS 0x0000000089f00000, 0x0000000089f00000| Untracked 
| 132|0x000000008a000000, 0x000000008a000000, 0x000000008a100000|  0%| F|  |TAMS 0x000000008a000000, 0x000000008a000000| Untracked 
| 133|0x000000008a100000, 0x000000008a100000, 0x000000008a200000|  0%| F|  |TAMS 0x000000008a100000, 0x000000008a100000| Untracked 
| 134|0x000000008a200000, 0x000000008a200000, 0x000000008a300000|  0%| F|  |TAMS 0x000000008a200000, 0x000000008a200000| Untracked 
| 135|0x000000008a300000, 0x000000008a300000, 0x000000008a400000|  0%| F|  |TAMS 0x000000008a300000, 0x000000008a300000| Untracked 
| 136|0x000000008a400000, 0x000000008a400000, 0x000000008a500000|  0%| F|  |TAMS 0x000000008a400000, 0x000000008a400000| Untracked 
| 137|0x000000008a500000, 0x000000008a500000, 0x000000008a600000|  0%| F|  |TAMS 0x000000008a500000, 0x000000008a500000| Untracked 
| 138|0x000000008a600000, 0x000000008a600000, 0x000000008a700000|  0%| F|  |TAMS 0x000000008a600000, 0x000000008a600000| Untracked 
| 139|0x000000008a700000, 0x000000008a700000, 0x000000008a800000|  0%| F|  |TAMS 0x000000008a700000, 0x000000008a700000| Untracked 
| 140|0x000000008a800000, 0x000000008a800000, 0x000000008a900000|  0%| F|  |TAMS 0x000000008a800000, 0x000000008a800000| Untracked 
| 141|0x000000008a900000, 0x000000008a900000, 0x000000008aa00000|  0%| F|  |TAMS 0x000000008a900000, 0x000000008a900000| Untracked 
| 142|0x000000008aa00000, 0x000000008aa00000, 0x000000008ab00000|  0%| F|  |TAMS 0x000000008aa00000, 0x000000008aa00000| Untracked 
| 143|0x000000008ab00000, 0x000000008ab00000, 0x000000008ac00000|  0%| F|  |TAMS 0x000000008ab00000, 0x000000008ab00000| Untracked 
| 144|0x000000008ac00000, 0x000000008ac00000, 0x000000008ad00000|  0%| F|  |TAMS 0x000000008ac00000, 0x000000008ac00000| Untracked 
| 145|0x000000008ad00000, 0x000000008ad00000, 0x000000008ae00000|  0%| F|  |TAMS 0x000000008ad00000, 0x000000008ad00000| Untracked 
| 146|0x000000008ae00000, 0x000000008ae00000, 0x000000008af00000|  0%| F|  |TAMS 0x000000008ae00000, 0x000000008ae00000| Untracked 
| 147|0x000000008af00000, 0x000000008af00000, 0x000000008b000000|  0%| F|  |TAMS 0x000000008af00000, 0x000000008af00000| Untracked 
| 148|0x000000008b000000, 0x000000008b000000, 0x000000008b100000|  0%| F|  |TAMS 0x000000008b000000, 0x000000008b000000| Untracked 
| 149|0x000000008b100000, 0x000000008b100000, 0x000000008b200000|  0%| F|  |TAMS 0x000000008b100000, 0x000000008b100000| Untracked 
| 150|0x000000008b200000, 0x000000008b200000, 0x000000008b300000|  0%| F|  |TAMS 0x000000008b200000, 0x000000008b200000| Untracked 
| 151|0x000000008b300000, 0x000000008b300000, 0x000000008b400000|  0%| F|  |TAMS 0x000000008b300000, 0x000000008b300000| Untracked 
| 152|0x000000008b400000, 0x000000008b400000, 0x000000008b500000|  0%| F|  |TAMS 0x000000008b400000, 0x000000008b400000| Untracked 
| 153|0x000000008b500000, 0x000000008b500000, 0x000000008b600000|  0%| F|  |TAMS 0x000000008b500000, 0x000000008b500000| Untracked 
| 154|0x000000008b600000, 0x000000008b600000, 0x000000008b700000|  0%| F|  |TAMS 0x000000008b600000, 0x000000008b600000| Untracked 
| 155|0x000000008b700000, 0x000000008b743420, 0x000000008b800000| 26%| S|CS|TAMS 0x000000008b700000, 0x000000008b700000| Complete 
| 156|0x000000008b800000, 0x000000008b800000, 0x000000008b900000|  0%| F|  |TAMS 0x000000008b800000, 0x000000008b800000| Untracked 
| 157|0x000000008b900000, 0x000000008b959670, 0x000000008ba00000| 34%| E|  |TAMS 0x000000008b900000, 0x000000008b900000| Complete 
| 158|0x000000008ba00000, 0x000000008bb00000, 0x000000008bb00000|100%| E|CS|TAMS 0x000000008ba00000, 0x000000008ba00000| Complete 

Card table byte_map: [0x0000019e780b0000,0x0000019e784b0000] _byte_map_base: 0x0000019e77ca2000

Marking Bits (Prev, Next): (CMBitMap*) 0x0000019e65656550, (CMBitMap*) 0x0000019e65656590
 Prev Bits: [0x0000019e788b0000, 0x0000019e7a840000)
 Next Bits: [0x0000019e7a840000, 0x0000019e7c7d0000)

Polling page: 0x0000019e63520000

Metaspace:

Usage:
  Non-class:     27.85 MB used.
      Class:      3.96 MB used.
       Both:     31.81 MB used.

Virtual space:
  Non-class space:       64.00 MB reserved,      28.00 MB ( 44%) committed,  1 nodes.
      Class space:        1.00 GB reserved,       4.12 MB ( <1%) committed,  1 nodes.
             Both:        1.06 GB reserved,      32.12 MB (  3%) committed. 

Chunk freelists:
   Non-Class:  3.39 MB
       Class:  11.72 MB
        Both:  15.11 MB

MaxMetaspaceSize: unlimited
CompressedClassSpaceSize: 1.00 GB
Initial GC threshold: 21.00 MB
Current GC threshold: 52.31 MB
CDS: off
MetaspaceReclaimPolicy: balanced
 - commit_granule_bytes: 65536.
 - commit_granule_words: 8192.
 - virtual_space_node_default_size: 8388608.
 - enlarge_chunks_in_place: 1.
 - new_chunks_are_fully_committed: 0.
 - uncommit_free_chunks: 1.
 - use_allocation_guard: 0.
 - handle_deallocations: 1.


Internal statistics:

num_allocs_failed_limit: 3.
num_arena_births: 300.
num_arena_deaths: 0.
num_vsnodes_births: 2.
num_vsnodes_deaths: 0.
num_space_committed: 514.
num_space_uncommitted: 0.
num_chunks_returned_to_freelist: 3.
num_chunks_taken_from_freelist: 1134.
num_chunk_merges: 0.
num_chunk_splits: 752.
num_chunks_enlarged: 568.
num_inconsistent_stats: 0.

CodeHeap 'non-profiled nmethods': size=120000Kb used=2620Kb max_used=2620Kb free=117379Kb
 bounds [0x0000019e70780000, 0x0000019e70a10000, 0x0000019e77cb0000]
CodeHeap 'profiled nmethods': size=120000Kb used=11377Kb max_used=11377Kb free=108622Kb
 bounds [0x0000019e68cb0000, 0x0000019e697d0000, 0x0000019e701e0000]
CodeHeap 'non-nmethods': size=5760Kb used=1559Kb max_used=1602Kb free=4200Kb
 bounds [0x0000019e701e0000, 0x0000019e70450000, 0x0000019e70780000]
 total_blobs=6384 nmethods=5424 adapters=872
 compilation: enabled
              stopped_count=0, restarted_count=0
 full_count=0

Compilation events (20 events):
Event: 51.875 Thread 0x0000019e7ee51100 5410  s!   3       com.sun.prism.impl.Disposer::disposeUnreachables (68 bytes)
Event: 51.876 Thread 0x0000019e7ee51100 nmethod 5410 0x0000019e697bae90 code [0x0000019e697bb120, 0x0000019e697bc0b8]
Event: 51.876 Thread 0x0000019e7ee51100 5411  s    3       com.sun.prism.impl.Disposer::processDisposalQueue (29 bytes)
Event: 51.878 Thread 0x0000019e7ee51100 nmethod 5411 0x0000019e697bc610 code [0x0000019e697bc820, 0x0000019e697bcfc8]
Event: 51.878 Thread 0x0000019e7ee51100 5412       3       java.util.concurrent.ThreadPoolExecutor$Worker::unlock (7 bytes)
Event: 51.879 Thread 0x0000019e7ee51100 nmethod 5412 0x0000019e697bd210 code [0x0000019e697bd3c0, 0x0000019e697bd628]
Event: 51.882 Thread 0x0000019e7ee51100 5413       3       javafx.scene.Node$FocusPropertyBase::notifyListeners (77 bytes)
Event: 51.883 Thread 0x0000019e7ee51100 nmethod 5413 0x0000019e697bd710 code [0x0000019e697bd9a0, 0x0000019e697be618]
Event: 51.890 Thread 0x0000019e7ee51100 5414       3       java.util.concurrent.AbstractExecutorService::submit (26 bytes)
Event: 51.890 Thread 0x0000019e7ee51100 nmethod 5414 0x0000019e697be990 code [0x0000019e697beb60, 0x0000019e697bef08]
Event: 51.890 Thread 0x0000019e7ee51100 5415       3       com.sun.javafx.tk.quantum.QuantumRenderer::newTaskFor (5 bytes)
Event: 51.890 Thread 0x0000019e7ee51100 nmethod 5415 0x0000019e697bf010 code [0x0000019e697bf1a0, 0x0000019e697bf398]
Event: 51.890 Thread 0x0000019e7ee51100 5417       3       com.sun.prism.impl.ps.BaseShaderGraphics::drawRect (204 bytes)
Event: 51.891 Thread 0x0000019e7ee51100 nmethod 5417 0x0000019e697bf490 code [0x0000019e697bf6e0, 0x0000019e697c00b8]
Event: 51.891 Thread 0x0000019e7ee51100 5416       3       java.util.concurrent.ThreadPoolExecutor::execute (132 bytes)
Event: 51.891 Thread 0x0000019e7ee51100 nmethod 5416 0x0000019e697c0310 code [0x0000019e697c05c0, 0x0000019e697c1248]
Event: 51.891 Thread 0x0000019e7ee51100 5418       3       com.sun.javafx.tk.quantum.QuantumRenderer::afterExecute (31 bytes)
Event: 51.892 Thread 0x0000019e7ee51100 nmethod 5418 0x0000019e697c1690 code [0x0000019e697c18a0, 0x0000019e697c1f48]
Event: 51.893 Thread 0x0000019e7ee51100 5419       3       java.util.concurrent.ThreadPoolExecutor::afterExecute (1 bytes)
Event: 51.893 Thread 0x0000019e7ee51100 nmethod 5419 0x0000019e697c2190 code [0x0000019e697c2320, 0x0000019e697c2438]

GC Heap History (20 events):
Event: 44.702 GC heap before
{Heap before GC invocations=61 (full 0):
 garbage-first heap   total 162816K, used 73575K [0x0000000081c00000, 0x0000000100000000)
  region size 1024K, 4 young (4096K), 3 survivors (3072K)
 Metaspace       used 32396K, committed 32704K, reserved 1114112K
  class space    used 4054K, committed 4224K, reserved 1048576K
}
Event: 44.704 GC heap after
{Heap after GC invocations=62 (full 0):
 garbage-first heap   total 162816K, used 40709K [0x0000000081c00000, 0x0000000100000000)
  region size 1024K, 3 young (3072K), 3 survivors (3072K)
 Metaspace       used 32396K, committed 32704K, reserved 1114112K
  class space    used 4054K, committed 4224K, reserved 1048576K
}
Event: 45.559 GC heap before
{Heap before GC invocations=62 (full 0):
 garbage-first heap   total 162816K, used 74501K [0x0000000081c00000, 0x0000000100000000)
  region size 1024K, 5 young (5120K), 3 survivors (3072K)
 Metaspace       used 32434K, committed 32768K, reserved 1114112K
  class space    used 4054K, committed 4224K, reserved 1048576K
}
Event: 45.560 GC heap after
{Heap after GC invocations=63 (full 0):
 garbage-first heap   total 162816K, used 40820K [0x0000000081c00000, 0x0000000100000000)
  region size 1024K, 3 young (3072K), 3 survivors (3072K)
 Metaspace       used 32434K, committed 32768K, reserved 1114112K
  class space    used 4054K, committed 4224K, reserved 1048576K
}
Event: 46.386 GC heap before
{Heap before GC invocations=63 (full 0):
 garbage-first heap   total 162816K, used 74612K [0x0000000081c00000, 0x0000000100000000)
  region size 1024K, 5 young (5120K), 3 survivors (3072K)
 Metaspace       used 32453K, committed 32768K, reserved 1114112K
  class space    used 4054K, committed 4224K, reserved 1048576K
}
Event: 46.389 GC heap after
{Heap after GC invocations=64 (full 0):
 garbage-first heap   total 162816K, used 40829K [0x0000000081c00000, 0x0000000100000000)
  region size 1024K, 3 young (3072K), 3 survivors (3072K)
 Metaspace       used 32453K, committed 32768K, reserved 1114112K
  class space    used 4054K, committed 4224K, reserved 1048576K
}
Event: 47.300 GC heap before
{Heap before GC invocations=64 (full 0):
 garbage-first heap   total 162816K, used 74621K [0x0000000081c00000, 0x0000000100000000)
  region size 1024K, 5 young (5120K), 3 survivors (3072K)
 Metaspace       used 32486K, committed 32768K, reserved 1114112K
  class space    used 4055K, committed 4224K, reserved 1048576K
}
Event: 47.303 GC heap after
{Heap after GC invocations=65 (full 0):
 garbage-first heap   total 162816K, used 40936K [0x0000000081c00000, 0x0000000100000000)
  region size 1024K, 3 young (3072K), 3 survivors (3072K)
 Metaspace       used 32486K, committed 32768K, reserved 1114112K
  class space    used 4055K, committed 4224K, reserved 1048576K
}
Event: 48.175 GC heap before
{Heap before GC invocations=65 (full 0):
 garbage-first heap   total 162816K, used 74728K [0x0000000081c00000, 0x0000000100000000)
  region size 1024K, 5 young (5120K), 3 survivors (3072K)
 Metaspace       used 32492K, committed 32768K, reserved 1114112K
  class space    used 4056K, committed 4224K, reserved 1048576K
}
Event: 48.177 GC heap after
{Heap after GC invocations=66 (full 0):
 garbage-first heap   total 162816K, used 40938K [0x0000000081c00000, 0x0000000100000000)
  region size 1024K, 3 young (3072K), 3 survivors (3072K)
 Metaspace       used 32492K, committed 32768K, reserved 1114112K
  class space    used 4056K, committed 4224K, reserved 1048576K
}
Event: 48.965 GC heap before
{Heap before GC invocations=66 (full 0):
 garbage-first heap   total 162816K, used 73706K [0x0000000081c00000, 0x0000000100000000)
  region size 1024K, 4 young (4096K), 3 survivors (3072K)
 Metaspace       used 32492K, committed 32768K, reserved 1114112K
  class space    used 4056K, committed 4224K, reserved 1048576K
}
Event: 48.967 GC heap after
{Heap after GC invocations=67 (full 0):
 garbage-first heap   total 162816K, used 40945K [0x0000000081c00000, 0x0000000100000000)
  region size 1024K, 3 young (3072K), 3 survivors (3072K)
 Metaspace       used 32492K, committed 32768K, reserved 1114112K
  class space    used 4056K, committed 4224K, reserved 1048576K
}
Event: 49.954 GC heap before
{Heap before GC invocations=67 (full 0):
 garbage-first heap   total 162816K, used 74737K [0x0000000081c00000, 0x0000000100000000)
  region size 1024K, 5 young (5120K), 3 survivors (3072K)
 Metaspace       used 32519K, committed 32768K, reserved 1114112K
  class space    used 4056K, committed 4224K, reserved 1048576K
}
Event: 49.956 GC heap after
{Heap after GC invocations=68 (full 0):
 garbage-first heap   total 162816K, used 40927K [0x0000000081c00000, 0x0000000100000000)
  region size 1024K, 2 young (2048K), 2 survivors (2048K)
 Metaspace       used 32519K, committed 32768K, reserved 1114112K
  class space    used 4056K, committed 4224K, reserved 1048576K
}
Event: 50.898 GC heap before
{Heap before GC invocations=68 (full 0):
 garbage-first heap   total 162816K, used 75743K [0x0000000081c00000, 0x0000000100000000)
  region size 1024K, 5 young (5120K), 2 survivors (2048K)
 Metaspace       used 32536K, committed 32896K, reserved 1114112K
  class space    used 4056K, committed 4224K, reserved 1048576K
}
Event: 50.899 GC heap after
{Heap after GC invocations=69 (full 0):
 garbage-first heap   total 162816K, used 40942K [0x0000000081c00000, 0x0000000100000000)
  region size 1024K, 2 young (2048K), 2 survivors (2048K)
 Metaspace       used 32536K, committed 32896K, reserved 1114112K
  class space    used 4056K, committed 4224K, reserved 1048576K
}
Event: 51.487 GC heap before
{Heap before GC invocations=69 (full 0):
 garbage-first heap   total 162816K, used 73710K [0x0000000081c00000, 0x0000000100000000)
  region size 1024K, 4 young (4096K), 2 survivors (2048K)
 Metaspace       used 32541K, committed 32896K, reserved 1114112K
  class space    used 4056K, committed 4224K, reserved 1048576K
}
Event: 51.488 GC heap after
{Heap after GC invocations=70 (full 0):
 garbage-first heap   total 162816K, used 44042K [0x0000000081c00000, 0x0000000100000000)
  region size 1024K, 2 young (2048K), 2 survivors (2048K)
 Metaspace       used 32541K, committed 32896K, reserved 1114112K
  class space    used 4056K, committed 4224K, reserved 1048576K
}
Event: 52.149 GC heap before
{Heap before GC invocations=70 (full 0):
 garbage-first heap   total 162816K, used 73738K [0x0000000081c00000, 0x0000000100000000)
  region size 1024K, 4 young (4096K), 2 survivors (2048K)
 Metaspace       used 32561K, committed 32896K, reserved 1114112K
  class space    used 4056K, committed 4224K, reserved 1048576K
}
Event: 52.150 GC heap after
{Heap after GC invocations=71 (full 0):
 garbage-first heap   total 162816K, used 48152K [0x0000000081c00000, 0x0000000100000000)
  region size 1024K, 1 young (1024K), 1 survivors (1024K)
 Metaspace       used 32561K, committed 32896K, reserved 1114112K
  class space    used 4056K, committed 4224K, reserved 1048576K
}

Dll operation events (20 events):
Event: 0.481 Loaded shared library C:\Users\iceman44\Desktop\javafx-sdk-20.0.2\bin\glass.dll
Event: 0.578 Loaded shared library C:\Users\iceman44\Desktop\eclipse\plugins\org.eclipse.justj.openjdk.hotspot.jre.full.win32.x86_64_17.0.7.v20230425-1502\jre\bin\jimage.dll
Event: 0.804 Loaded shared library C:\Users\iceman44\Desktop\javafx-sdk-20.0.2\bin\javafx_font.dll
Event: 21.159 Loaded shared library C:\Users\iceman44\.javacpp\cache\opencv-3.2.0-1.3-windows-x86_64.jar\org\bytedeco\javacpp\windows-x86_64\msvcr120.dll
Event: 21.164 Loaded shared library C:\Users\iceman44\.javacpp\cache\opencv-3.2.0-1.3-windows-x86_64.jar\org\bytedeco\javacpp\windows-x86_64\msvcp120.dll
Event: 21.170 Loaded shared library C:\Users\iceman44\.javacpp\cache\opencv-3.2.0-1.3-windows-x86_64.jar\org\bytedeco\javacpp\windows-x86_64\opencv_core320.dll
Event: 21.175 Loaded shared library C:\Users\iceman44\.javacpp\cache\opencv-3.2.0-1.3-windows-x86_64.jar\org\bytedeco\javacpp\windows-x86_64\opencv_imgproc320.dll
Event: 21.180 Loaded shared library C:\Users\iceman44\.javacpp\cache\opencv-3.2.0-1.3-windows-x86_64.jar\org\bytedeco\javacpp\windows-x86_64\jniopencv_core.dll
Event: 21.337 Loaded shared library C:\Users\iceman44\.javacpp\cache\opencv-3.2.0-1.3-windows-x86_64.jar\org\bytedeco\javacpp\windows-x86_64\jniopencv_imgproc.dll
Event: 21.362 Loaded shared library C:\Users\iceman44\.javacpp\cache\opencv-3.2.0-1.3-windows-x86_64.jar\org\bytedeco\javacpp\windows-x86_64\opencv_imgcodecs320.dll
Event: 21.366 Loaded shared library C:\Users\iceman44\.javacpp\cache\opencv-3.2.0-1.3-windows-x86_64.jar\org\bytedeco\javacpp\windows-x86_64\jniopencv_imgcodecs.dll
Event: 21.401 Loaded shared library C:\Users\iceman44\.javacpp\cache\opencv-3.2.0-1.3-windows-x86_64.jar\org\bytedeco\javacpp\windows-x86_64\opencv_videoio320.dll
Event: 21.405 Loaded shared library C:\Users\iceman44\.javacpp\cache\opencv-3.2.0-1.3-windows-x86_64.jar\org\bytedeco\javacpp\windows-x86_64\jniopencv_videoio.dll
Event: 22.308 Loaded shared library C:\Users\iceman44\.javacpp\cache\opencv-3.2.0-1.3-windows-x86_64.jar\org\bytedeco\javacpp\windows-x86_64\opencv_highgui320.dll
Event: 22.311 Loaded shared library C:\Users\iceman44\.javacpp\cache\opencv-3.2.0-1.3-windows-x86_64.jar\org\bytedeco\javacpp\windows-x86_64\jniopencv_highgui.dll
Event: 22.327 Loaded shared library C:\Users\iceman44\.javacpp\cache\opencv-3.2.0-1.3-windows-x86_64.jar\org\bytedeco\javacpp\windows-x86_64\opencv_ml320.dll
Event: 22.330 Loaded shared library C:\Users\iceman44\.javacpp\cache\opencv-3.2.0-1.3-windows-x86_64.jar\org\bytedeco\javacpp\windows-x86_64\jniopencv_ml.dll
Event: 22.368 Loaded shared library C:\Users\iceman44\.javacpp\cache\opencv-3.2.0-1.3-windows-x86_64.jar\org\bytedeco\javacpp\windows-x86_64\opencv_objdetect320.dll
Event: 22.372 Loaded shared library C:\Users\iceman44\.javacpp\cache\opencv-3.2.0-1.3-windows-x86_64.jar\org\bytedeco\javacpp\windows-x86_64\jniopencv_objdetect.dll
Event: 22.718 Loaded shared library C:\Users\iceman44\Desktop\eclipse\plugins\org.eclipse.justj.openjdk.hotspot.jre.full.win32.x86_64_17.0.7.v20230425-1502\jre\bin\awt.dll

Deoptimization events (20 events):
Event: 47.721 Thread 0x0000019e7f4f14a0 Uncommon trap: trap_request=0xffffff45 fr.pc=0x0000019e709ec80c relative=0x000000000000048c
Event: 47.721 Thread 0x0000019e7f4f14a0 Uncommon trap: reason=unstable_if action=reinterpret pc=0x0000019e709ec80c method=com.sun.javafx.tk.quantum.GlassViewEventHandler$MouseEventNotification.run()Ljava/lang/Void; @ 95 c2
Event: 47.721 Thread 0x0000019e7f4f14a0 DEOPT PACKING pc=0x0000019e709ec80c sp=0x000000891bdfe4d0
Event: 47.721 Thread 0x0000019e7f4f14a0 DEOPT UNPACKING pc=0x0000019e702369a3 sp=0x000000891bdfe448 mode 2
Event: 47.721 Thread 0x0000019e7f4f14a0 Uncommon trap: trap_request=0xffffff45 fr.pc=0x0000019e709c688c relative=0x000000000000302c
Event: 47.721 Thread 0x0000019e7f4f14a0 Uncommon trap: reason=unstable_if action=reinterpret pc=0x0000019e709c688c method=javafx.scene.Scene$MouseHandler.process(Ljavafx/scene/input/MouseEvent;Z)V @ 364 c2
Event: 47.721 Thread 0x0000019e7f4f14a0 DEOPT PACKING pc=0x0000019e709c688c sp=0x000000891bdfe170
Event: 47.721 Thread 0x0000019e7f4f14a0 DEOPT UNPACKING pc=0x0000019e702369a3 sp=0x000000891bdfe180 mode 2
Event: 47.721 Thread 0x0000019e7f4f14a0 Uncommon trap: trap_request=0xffffff45 fr.pc=0x0000019e709f76d4 relative=0x0000000000001994
Event: 47.721 Thread 0x0000019e7f4f14a0 Uncommon trap: reason=unstable_if action=reinterpret pc=0x0000019e709f76d4 method=javafx.scene.Scene$TargetWrapper.getEventTarget()Ljavafx/event/EventTarget; @ 4 c2
Event: 47.721 Thread 0x0000019e7f4f14a0 DEOPT PACKING pc=0x0000019e709f76d4 sp=0x000000891bdfe100
Event: 47.721 Thread 0x0000019e7f4f14a0 DEOPT UNPACKING pc=0x0000019e702369a3 sp=0x000000891bdfe080 mode 2
Event: 47.721 Thread 0x0000019e7f4f14a0 Uncommon trap: trap_request=0xffffff45 fr.pc=0x0000019e7099453c relative=0x000000000000037c
Event: 47.721 Thread 0x0000019e7f4f14a0 Uncommon trap: reason=unstable_if action=reinterpret pc=0x0000019e7099453c method=javafx.scene.Scene$TargetWrapper.getCursor()Ljavafx/scene/Cursor; @ 6 c2
Event: 47.721 Thread 0x0000019e7f4f14a0 DEOPT PACKING pc=0x0000019e7099453c sp=0x000000891bdfe180
Event: 47.721 Thread 0x0000019e7f4f14a0 DEOPT UNPACKING pc=0x0000019e702369a3 sp=0x000000891bdfe108 mode 2
Event: 48.196 Thread 0x0000019e7f4f14a0 Uncommon trap: trap_request=0xffffff45 fr.pc=0x0000019e709c13a0 relative=0x0000000000001160
Event: 48.196 Thread 0x0000019e7f4f14a0 Uncommon trap: reason=unstable_if action=reinterpret pc=0x0000019e709c13a0 method=com.sun.javafx.scene.input.PickResultChooser.toPickResult()Ljavafx/scene/input/PickResult; @ 4 c2
Event: 48.196 Thread 0x0000019e7f4f14a0 DEOPT PACKING pc=0x0000019e709c13a0 sp=0x000000891bdfe0a0
Event: 48.196 Thread 0x0000019e7f4f14a0 DEOPT UNPACKING pc=0x0000019e702369a3 sp=0x000000891bdfdff0 mode 2

Classes unloaded (0 events):
No events

Classes redefined (0 events):
No events

Internal exceptions (20 events):
Event: 22.270 Thread 0x0000019e7f4f14a0 Exception <a 'java/lang/NoSuchMethodError'{0x0000000087f797d8}: 'java.lang.Object java.lang.invoke.DirectMethodHandle$Holder.invokeStaticInit(java.lang.Object, java.lang.Object, int, int, int, int)'> (0x0000000087f797d8) 
thrown [s\src\hotspot\share\interpreter\linkResolver.cpp, line 759]
Event: 22.724 Thread 0x0000019e0a4e3d00 Exception <a 'java/lang/ClassNotFoundException'{0x0000000083942e68}: sun/awt/resources/spi/awtProvider> (0x0000000083942e68) 
thrown [s\src\hotspot\share\classfile\systemDictionary.cpp, line 256]
Event: 22.726 Thread 0x0000019e0a4e3d00 Exception <a 'java/io/FileNotFoundException'{0x0000000083945f00}> (0x0000000083945f00) 
thrown [s\src\hotspot\share\prims\jni.cpp, line 516]
Event: 22.726 Thread 0x0000019e0a4e3d00 Exception <a 'java/io/FileNotFoundException'{0x0000000083947488}> (0x0000000083947488) 
thrown [s\src\hotspot\share\prims\jni.cpp, line 516]
Event: 43.138 Thread 0x0000019e7f4f14a0 Exception <a 'java/lang/NullPointerException'{0x000000008baabda0}> (0x000000008baabda0) 
thrown [s\src\hotspot\share\interpreter\linkResolver.cpp, line 1350]
Event: 44.810 Thread 0x0000019e7f4f14a0 Exception <a 'java/lang/NullPointerException'{0x000000008babd8b8}> (0x000000008babd8b8) 
thrown [s\src\hotspot\share\interpreter\linkResolver.cpp, line 1350]
Event: 45.122 Thread 0x0000019e7f4f14a0 Exception <a 'java/lang/NullPointerException'{0x000000008badda90}> (0x000000008badda90) 
thrown [s\src\hotspot\share\interpreter\linkResolver.cpp, line 1350]
Event: 45.330 Thread 0x0000019e7f4f14a0 Exception <a 'java/lang/NullPointerException'{0x000000008bafbdf8}> (0x000000008bafbdf8) 
thrown [s\src\hotspot\share\interpreter\linkResolver.cpp, line 1350]
Event: 45.530 Thread 0x0000019e7f4f14a0 Exception <a 'java/lang/NullPointerException'{0x000000008b8631f8}> (0x000000008b8631f8) 
thrown [s\src\hotspot\share\interpreter\linkResolver.cpp, line 1350]
Event: 45.722 Thread 0x0000019e7f4f14a0 Exception <a 'java/lang/NullPointerException'{0x000000008baaee78}> (0x000000008baaee78) 
thrown [s\src\hotspot\share\interpreter\linkResolver.cpp, line 1350]
Event: 45.922 Thread 0x0000019e7f4f14a0 Exception <a 'java/lang/NullPointerException'{0x000000008bacd620}> (0x000000008bacd620) 
thrown [s\src\hotspot\share\interpreter\linkResolver.cpp, line 1350]
Event: 46.106 Thread 0x0000019e7f4f14a0 Exception <a 'java/lang/NullPointerException'{0x000000008baeb1f0}> (0x000000008baeb1f0) 
thrown [s\src\hotspot\share\interpreter\linkResolver.cpp, line 1350]
Event: 46.298 Thread 0x0000019e7f4f14a0 Exception <a 'java/lang/NullPointerException'{0x000000008b9526d0}> (0x000000008b9526d0) 
thrown [s\src\hotspot\share\interpreter\linkResolver.cpp, line 1350]
Event: 46.498 Thread 0x0000019e7f4f14a0 Exception <a 'java/lang/NullPointerException'{0x000000008baae328}> (0x000000008baae328) 
thrown [s\src\hotspot\share\interpreter\linkResolver.cpp, line 1350]
Event: 46.690 Thread 0x0000019e7f4f14a0 Exception <a 'java/lang/NullPointerException'{0x000000008bacc718}> (0x000000008bacc718) 
thrown [s\src\hotspot\share\interpreter\linkResolver.cpp, line 1350]
Event: 46.898 Thread 0x0000019e7f4f14a0 Exception <a 'java/lang/NullPointerException'{0x000000008baebf48}> (0x000000008baebf48) 
thrown [s\src\hotspot\share\interpreter\linkResolver.cpp, line 1350]
Event: 47.098 Thread 0x0000019e7f4f14a0 Exception <a 'java/lang/NullPointerException'{0x000000008b97d5c0}> (0x000000008b97d5c0) 
thrown [s\src\hotspot\share\interpreter\linkResolver.cpp, line 1350]
Event: 47.290 Thread 0x0000019e7f4f14a0 Exception <a 'java/lang/NullPointerException'{0x000000008b99b520}> (0x000000008b99b520) 
thrown [s\src\hotspot\share\interpreter\linkResolver.cpp, line 1350]
Event: 47.490 Thread 0x0000019e7f4f14a0 Exception <a 'java/lang/NullPointerException'{0x000000008bab1e80}> (0x000000008bab1e80) 
thrown [s\src\hotspot\share\interpreter\linkResolver.cpp, line 1350]
Event: 47.721 Thread 0x0000019e7f4f14a0 Implicit null exception at 0x0000019e70994200 to 0x0000019e70994528

VM Operations (20 events):
Event: 44.702 Executing VM operation: G1TryInitiateConcMark
Event: 44.704 Executing VM operation: G1TryInitiateConcMark done
Event: 45.559 Executing VM operation: G1TryInitiateConcMark
Event: 45.560 Executing VM operation: G1TryInitiateConcMark done
Event: 46.386 Executing VM operation: G1TryInitiateConcMark
Event: 46.389 Executing VM operation: G1TryInitiateConcMark done
Event: 47.300 Executing VM operation: G1TryInitiateConcMark
Event: 47.303 Executing VM operation: G1TryInitiateConcMark done
Event: 48.175 Executing VM operation: G1TryInitiateConcMark
Event: 48.177 Executing VM operation: G1TryInitiateConcMark done
Event: 48.965 Executing VM operation: G1TryInitiateConcMark
Event: 48.967 Executing VM operation: G1TryInitiateConcMark done
Event: 49.954 Executing VM operation: G1TryInitiateConcMark
Event: 49.956 Executing VM operation: G1TryInitiateConcMark done
Event: 50.898 Executing VM operation: G1TryInitiateConcMark
Event: 50.899 Executing VM operation: G1TryInitiateConcMark done
Event: 51.487 Executing VM operation: G1TryInitiateConcMark
Event: 51.488 Executing VM operation: G1TryInitiateConcMark done
Event: 52.149 Executing VM operation: G1TryInitiateConcMark
Event: 52.150 Executing VM operation: G1TryInitiateConcMark done

Events (20 events):
Event: 22.778 loading class sun/awt/image/BufferedImageGraphicsConfig
Event: 22.778 loading class java/awt/GraphicsConfiguration
Event: 22.778 loading class java/awt/GraphicsConfiguration done
Event: 22.778 loading class sun/awt/image/BufferedImageGraphicsConfig done
Event: 22.778 loading class sun/awt/image/BufferedImageDevice
Event: 22.778 loading class java/awt/GraphicsDevice
Event: 22.778 loading class java/awt/GraphicsDevice done
Event: 22.778 loading class sun/awt/image/BufferedImageDevice done
Event: 22.778 loading class java/awt/image/MultiResolutionImage
Event: 22.778 loading class java/awt/image/MultiResolutionImage done
Event: 22.778 loading class sun/awt/image/ToolkitImage
Event: 22.778 loading class sun/awt/image/ToolkitImage done
Event: 36.707 Thread 0x0000019e118ffac0 Thread added: 0x0000019e118ffac0
Event: 37.782 Thread 0x0000019e118ffac0 Thread exited: 0x0000019e118ffac0
Event: 39.648 Thread 0x0000019e089faa20 Thread added: 0x0000019e089faa20
Event: 40.155 Thread 0x0000019e089faa20 Thread exited: 0x0000019e089faa20
Event: 50.572 loading class jdk/internal/access/foreign/MemorySegmentProxy
Event: 50.572 loading class jdk/internal/access/foreign/MemorySegmentProxy done
Event: 50.715 Thread 0x0000019e0a4e5040 Thread added: 0x0000019e0a4e5040
Event: 52.259 Thread 0x0000019e0a4e5040 Thread exited: 0x0000019e0a4e5040


Dynamic libraries:
0x00007ff764910000 - 0x00007ff76491e000 	C:\Users\iceman44\Desktop\eclipse\plugins\org.eclipse.justj.openjdk.hotspot.jre.full.win32.x86_64_17.0.7.v20230425-1502\jre\bin\javaw.exe
0x00007ffc1cb30000 - 0x00007ffc1cd28000 	C:\Windows\SYSTEM32\ntdll.dll
0x00007ffc1b6e0000 - 0x00007ffc1b79f000 	C:\Windows\System32\KERNEL32.DLL
0x00007ffc1a540000 - 0x00007ffc1a836000 	C:\Windows\System32\KERNELBASE.dll
0x00007ffc1a9f0000 - 0x00007ffc1aaf0000 	C:\Windows\System32\ucrtbase.dll
0x00007ffc14680000 - 0x00007ffc14697000 	C:\Users\iceman44\Desktop\eclipse\plugins\org.eclipse.justj.openjdk.hotspot.jre.full.win32.x86_64_17.0.7.v20230425-1502\jre\bin\jli.dll
0x00007ffc1ad50000 - 0x00007ffc1aeed000 	C:\Windows\System32\USER32.dll
0x00007ffc1a210000 - 0x00007ffc1a232000 	C:\Windows\System32\win32u.dll
0x00007ffc1aef0000 - 0x00007ffc1af1c000 	C:\Windows\System32\GDI32.dll
0x00007ffc1a240000 - 0x00007ffc1a355000 	C:\Windows\System32\gdi32full.dll
0x00007ffc1aaf0000 - 0x00007ffc1ab8d000 	C:\Windows\System32\msvcp_win.dll
0x00007ffc14640000 - 0x00007ffc14659000 	C:\Users\iceman44\Desktop\eclipse\plugins\org.eclipse.justj.openjdk.hotspot.jre.full.win32.x86_64_17.0.7.v20230425-1502\jre\bin\VCRUNTIME140.dll
0x00007ffc038a0000 - 0x00007ffc03b3a000 	C:\Windows\WinSxS\amd64_microsoft.windows.common-controls_6595b64144ccf1df_6.0.19041.1110_none_60b5254171f9507e\COMCTL32.dll
0x00007ffc1b850000 - 0x00007ffc1b8ee000 	C:\Windows\System32\msvcrt.dll
0x00007ffc1ac90000 - 0x00007ffc1acc0000 	C:\Windows\System32\IMM32.DLL
0x00007ffc12470000 - 0x00007ffc1247c000 	C:\Users\iceman44\Desktop\eclipse\plugins\org.eclipse.justj.openjdk.hotspot.jre.full.win32.x86_64_17.0.7.v20230425-1502\jre\bin\vcruntime140_1.dll
0x00007ffc03800000 - 0x00007ffc03891000 	C:\Users\iceman44\Desktop\eclipse\plugins\org.eclipse.justj.openjdk.hotspot.jre.full.win32.x86_64_17.0.7.v20230425-1502\jre\bin\msvcp140.dll
0x00007ffbc37a0000 - 0x00007ffbc43e8000 	C:\Users\iceman44\Desktop\eclipse\plugins\org.eclipse.justj.openjdk.hotspot.jre.full.win32.x86_64_17.0.7.v20230425-1502\jre\bin\server\jvm.dll
0x00007ffc1b630000 - 0x00007ffc1b6df000 	C:\Windows\System32\ADVAPI32.dll
0x00007ffc1c900000 - 0x00007ffc1c99c000 	C:\Windows\System32\sechost.dll
0x00007ffc1c9a0000 - 0x00007ffc1cac6000 	C:\Windows\System32\RPCRT4.dll
0x00007ffc11130000 - 0x00007ffc11139000 	C:\Windows\SYSTEM32\WSOCK32.dll
0x00007ffc1c890000 - 0x00007ffc1c8fb000 	C:\Windows\System32\WS2_32.dll
0x00007ffc12b00000 - 0x00007ffc12b27000 	C:\Windows\SYSTEM32\WINMM.dll
0x00007ffc0f0a0000 - 0x00007ffc0f0aa000 	C:\Windows\SYSTEM32\VERSION.dll
0x00007ffc18aa0000 - 0x00007ffc18ab2000 	C:\Windows\SYSTEM32\kernel.appcore.dll
0x00007ffbfdbf0000 - 0x00007ffbfdbfa000 	C:\Users\iceman44\Desktop\eclipse\plugins\org.eclipse.justj.openjdk.hotspot.jre.full.win32.x86_64_17.0.7.v20230425-1502\jre\bin\jimage.dll
0x00007ffc15040000 - 0x00007ffc15224000 	C:\Windows\SYSTEM32\DBGHELP.DLL
0x00007ffc06070000 - 0x00007ffc060a4000 	C:\Windows\SYSTEM32\dbgcore.DLL
0x00007ffc1a440000 - 0x00007ffc1a4c2000 	C:\Windows\System32\bcryptPrimitives.dll
0x00007ffbf4bb0000 - 0x00007ffbf4bd5000 	C:\Users\iceman44\Desktop\eclipse\plugins\org.eclipse.justj.openjdk.hotspot.jre.full.win32.x86_64_17.0.7.v20230425-1502\jre\bin\java.dll
0x00007ffbf4d10000 - 0x00007ffbf4d28000 	C:\Users\iceman44\Desktop\eclipse\plugins\org.eclipse.justj.openjdk.hotspot.jre.full.win32.x86_64_17.0.7.v20230425-1502\jre\bin\zip.dll
0x00007ffc1bb40000 - 0x00007ffc1c284000 	C:\Windows\System32\SHELL32.dll
0x00007ffc15230000 - 0x00007ffc159c4000 	C:\Windows\SYSTEM32\windows.storage.dll
0x00007ffc1b000000 - 0x00007ffc1b354000 	C:\Windows\System32\combase.dll
0x00007ffc19c50000 - 0x00007ffc19c7e000 	C:\Windows\SYSTEM32\Wldp.dll
0x00007ffc1b7a0000 - 0x00007ffc1b84d000 	C:\Windows\System32\SHCORE.dll
0x00007ffc1ba10000 - 0x00007ffc1ba65000 	C:\Windows\System32\shlwapi.dll
0x00007ffc1a140000 - 0x00007ffc1a165000 	C:\Windows\SYSTEM32\profapi.dll
0x00007ffbf14a0000 - 0x00007ffbf14b9000 	C:\Users\iceman44\Desktop\eclipse\plugins\org.eclipse.justj.openjdk.hotspot.jre.full.win32.x86_64_17.0.7.v20230425-1502\jre\bin\net.dll
0x00007ffc0e290000 - 0x00007ffc0e39a000 	C:\Windows\SYSTEM32\WINHTTP.dll
0x00007ffc199b0000 - 0x00007ffc19a1a000 	C:\Windows\system32\mswsock.dll
0x00007ffbf0e80000 - 0x00007ffbf0e95000 	C:\Users\iceman44\Desktop\eclipse\plugins\org.eclipse.justj.openjdk.hotspot.jre.full.win32.x86_64_17.0.7.v20230425-1502\jre\bin\nio.dll
0x0000019e635b0000 - 0x0000019e635b3000 	C:\Users\iceman44\Desktop\javafx-sdk-20.0.2\bin\api-ms-win-core-console-l1-1-0.dll
0x0000019e635c0000 - 0x0000019e635c3000 	C:\Users\iceman44\Desktop\javafx-sdk-20.0.2\bin\api-ms-win-core-console-l1-2-0.dll
0x0000019e635d0000 - 0x0000019e635d3000 	C:\Users\iceman44\Desktop\javafx-sdk-20.0.2\bin\api-ms-win-core-datetime-l1-1-0.dll
0x0000019e635e0000 - 0x0000019e635e3000 	C:\Users\iceman44\Desktop\javafx-sdk-20.0.2\bin\api-ms-win-core-debug-l1-1-0.dll
0x0000019e635f0000 - 0x0000019e635f3000 	C:\Users\iceman44\Desktop\javafx-sdk-20.0.2\bin\api-ms-win-core-errorhandling-l1-1-0.dll
0x0000019e63600000 - 0x0000019e63604000 	C:\Users\iceman44\Desktop\javafx-sdk-20.0.2\bin\api-ms-win-core-file-l1-1-0.dll
0x0000019e65500000 - 0x0000019e65503000 	C:\Users\iceman44\Desktop\javafx-sdk-20.0.2\bin\api-ms-win-core-file-l1-2-0.dll
0x0000019e65510000 - 0x0000019e65513000 	C:\Users\iceman44\Desktop\javafx-sdk-20.0.2\bin\api-ms-win-core-file-l2-1-0.dll
0x0000019e65520000 - 0x0000019e65523000 	C:\Users\iceman44\Desktop\javafx-sdk-20.0.2\bin\api-ms-win-core-handle-l1-1-0.dll
0x0000019e65530000 - 0x0000019e65533000 	C:\Users\iceman44\Desktop\javafx-sdk-20.0.2\bin\api-ms-win-core-heap-l1-1-0.dll
0x0000019e65540000 - 0x0000019e65543000 	C:\Users\iceman44\Desktop\javafx-sdk-20.0.2\bin\api-ms-win-core-interlocked-l1-1-0.dll
0x0000019e65550000 - 0x0000019e65553000 	C:\Users\iceman44\Desktop\javafx-sdk-20.0.2\bin\api-ms-win-core-libraryloader-l1-1-0.dll
0x0000019e65560000 - 0x0000019e65563000 	C:\Users\iceman44\Desktop\javafx-sdk-20.0.2\bin\api-ms-win-core-localization-l1-2-0.dll
0x0000019e65570000 - 0x0000019e65573000 	C:\Users\iceman44\Desktop\javafx-sdk-20.0.2\bin\api-ms-win-core-memory-l1-1-0.dll
0x0000019e65580000 - 0x0000019e65583000 	C:\Users\iceman44\Desktop\javafx-sdk-20.0.2\bin\api-ms-win-core-namedpipe-l1-1-0.dll
0x0000019e65590000 - 0x0000019e65593000 	C:\Users\iceman44\Desktop\javafx-sdk-20.0.2\bin\api-ms-win-core-processenvironment-l1-1-0.dll
0x0000019e655a0000 - 0x0000019e655a3000 	C:\Users\iceman44\Desktop\javafx-sdk-20.0.2\bin\api-ms-win-core-processthreads-l1-1-0.dll
0x0000019e655b0000 - 0x0000019e655b3000 	C:\Users\iceman44\Desktop\javafx-sdk-20.0.2\bin\api-ms-win-core-processthreads-l1-1-1.dll
0x0000019e7fa00000 - 0x0000019e7fa03000 	C:\Users\iceman44\Desktop\javafx-sdk-20.0.2\bin\api-ms-win-core-profile-l1-1-0.dll
0x0000019e7fa10000 - 0x0000019e7fa13000 	C:\Users\iceman44\Desktop\javafx-sdk-20.0.2\bin\api-ms-win-core-rtlsupport-l1-1-0.dll
0x0000019e7fa20000 - 0x0000019e7fa23000 	C:\Users\iceman44\Desktop\javafx-sdk-20.0.2\bin\api-ms-win-core-string-l1-1-0.dll
0x0000019e7fa30000 - 0x0000019e7fa33000 	C:\Users\iceman44\Desktop\javafx-sdk-20.0.2\bin\api-ms-win-core-synch-l1-1-0.dll
0x0000019e7fa40000 - 0x0000019e7fa43000 	C:\Users\iceman44\Desktop\javafx-sdk-20.0.2\bin\api-ms-win-core-synch-l1-2-0.dll
0x0000019e7fa50000 - 0x0000019e7fa53000 	C:\Users\iceman44\Desktop\javafx-sdk-20.0.2\bin\api-ms-win-core-sysinfo-l1-1-0.dll
0x0000019e7fa60000 - 0x0000019e7fa63000 	C:\Users\iceman44\Desktop\javafx-sdk-20.0.2\bin\api-ms-win-core-timezone-l1-1-0.dll
0x0000019e7fa70000 - 0x0000019e7fa73000 	C:\Users\iceman44\Desktop\javafx-sdk-20.0.2\bin\api-ms-win-core-util-l1-1-0.dll
0x0000019e7fa80000 - 0x0000019e7fa83000 	C:\Users\iceman44\Desktop\javafx-sdk-20.0.2\bin\api-ms-win-crt-conio-l1-1-0.dll
0x0000019e7fa90000 - 0x0000019e7fa94000 	C:\Users\iceman44\Desktop\javafx-sdk-20.0.2\bin\api-ms-win-crt-convert-l1-1-0.dll
0x0000019e7faa0000 - 0x0000019e7faa3000 	C:\Users\iceman44\Desktop\javafx-sdk-20.0.2\bin\api-ms-win-crt-environment-l1-1-0.dll
0x0000019e7fab0000 - 0x0000019e7fab3000 	C:\Users\iceman44\Desktop\javafx-sdk-20.0.2\bin\api-ms-win-crt-filesystem-l1-1-0.dll
0x0000019e7fac0000 - 0x0000019e7fac3000 	C:\Users\iceman44\Desktop\javafx-sdk-20.0.2\bin\api-ms-win-crt-heap-l1-1-0.dll
0x0000019e7fad0000 - 0x0000019e7fad3000 	C:\Users\iceman44\Desktop\javafx-sdk-20.0.2\bin\api-ms-win-crt-locale-l1-1-0.dll
0x0000019e7fae0000 - 0x0000019e7fae5000 	C:\Users\iceman44\Desktop\javafx-sdk-20.0.2\bin\api-ms-win-crt-math-l1-1-0.dll
0x0000019e7faf0000 - 0x0000019e7faf5000 	C:\Users\iceman44\Desktop\javafx-sdk-20.0.2\bin\api-ms-win-crt-multibyte-l1-1-0.dll
0x0000019e7fb00000 - 0x0000019e7fb10000 	C:\Users\iceman44\Desktop\javafx-sdk-20.0.2\bin\api-ms-win-crt-private-l1-1-0.dll
0x0000019e7fb10000 - 0x0000019e7fb13000 	C:\Users\iceman44\Desktop\javafx-sdk-20.0.2\bin\api-ms-win-crt-process-l1-1-0.dll
0x0000019e7fb20000 - 0x0000019e7fb24000 	C:\Users\iceman44\Desktop\javafx-sdk-20.0.2\bin\api-ms-win-crt-runtime-l1-1-0.dll
0x0000019e7fb30000 - 0x0000019e7fb34000 	C:\Users\iceman44\Desktop\javafx-sdk-20.0.2\bin\api-ms-win-crt-stdio-l1-1-0.dll
0x0000019e7fb40000 - 0x0000019e7fb44000 	C:\Users\iceman44\Desktop\javafx-sdk-20.0.2\bin\api-ms-win-crt-string-l1-1-0.dll
0x0000019e7fb50000 - 0x0000019e7fb53000 	C:\Users\iceman44\Desktop\javafx-sdk-20.0.2\bin\api-ms-win-crt-time-l1-1-0.dll
0x0000019e7fb60000 - 0x0000019e7fb63000 	C:\Users\iceman44\Desktop\javafx-sdk-20.0.2\bin\api-ms-win-crt-utility-l1-1-0.dll
0x00007ffbef810000 - 0x00007ffbef90c000 	C:\Users\iceman44\Desktop\javafx-sdk-20.0.2\bin\ucrtbase.dll
0x00007ffc118e0000 - 0x00007ffc118fb000 	C:\Users\iceman44\Desktop\javafx-sdk-20.0.2\bin\vcruntime140.dll
0x00007ffc12460000 - 0x00007ffc1246c000 	C:\Users\iceman44\Desktop\javafx-sdk-20.0.2\bin\vcruntime140_1.dll
0x00007ffbf9080000 - 0x00007ffbf910e000 	C:\Users\iceman44\Desktop\javafx-sdk-20.0.2\bin\msvcp140.dll
0x00007ffc111c0000 - 0x00007ffc111c9000 	C:\Users\iceman44\Desktop\javafx-sdk-20.0.2\bin\msvcp140_1.dll
0x00007ffc11190000 - 0x00007ffc111c0000 	C:\Users\iceman44\Desktop\javafx-sdk-20.0.2\bin\msvcp140_2.dll
0x00007ffc0fcc0000 - 0x00007ffc0fcef000 	C:\Users\iceman44\Desktop\javafx-sdk-20.0.2\bin\prism_d3d.dll
0x00007ffbdd0e0000 - 0x00007ffbdd2ad000 	C:\Windows\system32\d3d9.dll
0x00007ffc14ab0000 - 0x00007ffc14adf000 	C:\Windows\SYSTEM32\dwmapi.dll
0x00007ffc148d0000 - 0x00007ffc1496e000 	C:\Windows\system32\uxtheme.dll
0x00007ffbc0260000 - 0x00007ffbc040f000 	C:\Windows\System32\DriverStore\FileRepository\iigd_dch.inf_amd64_51f685305808e3a5\igdumdim64.dll
0x00007ffc1c290000 - 0x00007ffc1c3ba000 	C:\Windows\System32\ole32.dll
0x00007ffbbd1b0000 - 0x00007ffbc0253000 	C:\Windows\System32\DriverStore\FileRepository\iigd_dch.inf_amd64_51f685305808e3a5\igd9dxva64.dll
0x00007ffc1ba70000 - 0x00007ffc1bb3d000 	C:\Windows\System32\OLEAUT32.dll
0x00007ffc1c3c0000 - 0x00007ffc1c82e000 	C:\Windows\System32\SETUPAPI.dll
0x00007ffc1a9a0000 - 0x00007ffc1a9ee000 	C:\Windows\System32\cfgmgr32.dll
0x00007ffc1a410000 - 0x00007ffc1a437000 	C:\Windows\System32\bcrypt.dll
0x00007ffc0bbe0000 - 0x00007ffc0bfe9000 	C:\Windows\System32\DriverStore\FileRepository\iigd_dch.inf_amd64_51f685305808e3a5\igdgmm64.dll
0x00007ffc05260000 - 0x00007ffc052a2000 	C:\Users\iceman44\Desktop\javafx-sdk-20.0.2\bin\glass.dll
0x00007ffc1af20000 - 0x00007ffc1affa000 	C:\Windows\System32\COMDLG32.dll
0x00007ffc1b8f0000 - 0x00007ffc1ba04000 	C:\Windows\System32\MSCTF.dll
0x00007ffbef7d0000 - 0x00007ffbef7f7000 	C:\Windows\System32\DriverStore\FileRepository\iigd_dch.inf_amd64_51f685305808e3a5\igdinfo64.dll
0x00007ffc08440000 - 0x00007ffc0bbd4000 	C:\Windows\System32\DriverStore\FileRepository\iigd_dch.inf_amd64_51f685305808e3a5\igc64.dll
0x00007ffc0cc00000 - 0x00007ffc0cc3b000 	C:\Windows\SYSTEM32\dxcore.dll
0x00007ffc11110000 - 0x00007ffc11124000 	C:\Users\iceman44\Desktop\javafx-sdk-20.0.2\bin\javafx_font.dll
0x00007ffbfc760000 - 0x00007ffbfc9df000 	C:\Windows\SYSTEM32\dwrite.dll
0x00007ffc1b570000 - 0x00007ffc1b619000 	C:\Windows\System32\clbcatq.dll
0x00007ffc0f3c0000 - 0x00007ffc0f574000 	C:\Windows\SYSTEM32\WindowsCodecs.dll
0x00007ffbffd40000 - 0x00007ffbffd7e000 	C:\Windows\system32\dataexchange.dll
0x00007ffc12bb0000 - 0x00007ffc12e13000 	C:\Windows\system32\d3d11.dll
0x00007ffc13af0000 - 0x00007ffc13cd3000 	C:\Windows\system32\dcomp.dll
0x00007ffc18ac0000 - 0x00007ffc18bb3000 	C:\Windows\system32\dxgi.dll
0x00007ffc0f750000 - 0x00007ffc0f957000 	C:\Windows\system32\twinapi.appcore.dll
0x00007ffbc5aa0000 - 0x00007ffbc5ad4000 	C:\Program Files\Common Files\Microsoft Shared\Ink\rtscom.dll
0x00007ffbfa920000 - 0x00007ffbfaa19000 	C:\Windows\SYSTEM32\textinputframework.dll
0x00007ffc14060000 - 0x00007ffc143be000 	C:\Windows\System32\CoreUIComponents.dll
0x00007ffc143c0000 - 0x00007ffc144b2000 	C:\Windows\System32\CoreMessaging.dll
0x00007ffc19380000 - 0x00007ffc193b3000 	C:\Windows\SYSTEM32\ntmarta.dll
0x00007ffc13990000 - 0x00007ffc13ae4000 	C:\Windows\SYSTEM32\wintypes.dll
0x00007ffc13280000 - 0x00007ffc13840000 	C:\Windows\SYSTEM32\d2d1.dll
0x00007ffc0ce00000 - 0x00007ffc0d4f6000 	C:\Windows\SYSTEM32\D3D10Warp.dll
0x00007ffbf0ac0000 - 0x00007ffbf0baf000 	C:\Users\iceman44\.javacpp\cache\opencv-3.2.0-1.3-windows-x86_64.jar\org\bytedeco\javacpp\windows-x86_64\msvcr120.dll
0x00007ffbefc70000 - 0x00007ffbefd16000 	C:\Users\iceman44\.javacpp\cache\opencv-3.2.0-1.3-windows-x86_64.jar\org\bytedeco\javacpp\windows-x86_64\msvcp120.dll
0x00007ffbe8900000 - 0x00007ffbe8b88000 	C:\Users\iceman44\.javacpp\cache\opencv-3.2.0-1.3-windows-x86_64.jar\org\bytedeco\javacpp\windows-x86_64\opencv_core320.dll

dbghelp: loaded successfully - version: 4.0.5 - missing functions: none
symbol engine: initialized successfully - sym options: 0x614 - pdb path: .;C:\Users\iceman44\Desktop\eclipse\plugins\org.eclipse.justj.openjdk.hotspot.jre.full.win32.x86_64_17.0.7.v20230425-1502\jre\bin;C:\Windows\SYSTEM32;C:\Windows\WinSxS\amd64_microsoft.windows.common-controls_6595b64144ccf1df_6.0.19041.1110_none_60b5254171f9507e;C:\Users\iceman44\Desktop\eclipse\plugins\org.eclipse.justj.openjdk.hotspot.jre.full.win32.x86_64_17.0.7.v20230425-1502\jre\bin\server;C:\Users\iceman44\Desktop\javafx-sdk-20.0.2\bin;C:\Windows\System32\DriverStore\FileRepository\iigd_dch.inf_amd64_51f685305808e3a5;C:\Program Files\Common Files\Microsoft Shared\Ink;C:\Users\iceman44\.javacpp\cache\opencv-3.2.0-1.3-windows-x86_64.jar\org\bytedeco\javacpp\windows-x86_64;C:\Windows\WinSxS\amd64_microsoft.windows.gdiplus_6595b64144ccf1df_1.1.19041.2251_none_91a40448cc8846c1

VM Arguments:
jvm_args: --module-path=C:\Users\iceman44\Desktop\javafx-sdk-20.0.2\lib --add-modules=javafx.controls,javafx.fxml -Djava.library.path=C:\Users\Administrator\Desktop\opencv\build\java\x64 -Dfile.encoding=UTF-8 -XX:+ShowCodeDetailsInExceptionMessages 
java_command: application.MainApplication
java_class_path (initial): C:\Users\iceman44\Desktop\ExoVisix-master\target\classes;C:\Users\iceman44\Desktop\ExoVisix-master\bin\opencv-341.jar;C:\Users\iceman44\Desktop\javafx-sdk-20.0.2\lib\javafx.base.jar;C:\Users\iceman44\Desktop\javafx-sdk-20.0.2\lib\javafx.controls.jar;C:\Users\iceman44\Desktop\javafx-sdk-20.0.2\lib\javafx.fxml.jar;C:\Users\iceman44\Desktop\javafx-sdk-20.0.2\lib\javafx.graphics.jar;C:\Users\iceman44\Desktop\javafx-sdk-20.0.2\lib\javafx.media.jar;C:\Users\iceman44\Desktop\javafx-sdk-20.0.2\lib\javafx.swing.jar;C:\Users\iceman44\Desktop\javafx-sdk-20.0.2\lib\javafx.web.jar;C:\Users\iceman44\Desktop\javafx-sdk-20.0.2\lib\javafx-swt.jar;C:\Users\iceman44\Desktop\ExoVisix-master\opencv-341.jar;C:\Users\iceman44\.m2\repository\org\bytedeco\javacv-platform\1.3.2\javacv-platform-1.3.2.jar;C:\Users\iceman44\.m2\repository\org\bytedeco\javacv\1.3.2\javacv-1.3.2.jar;C:\Users\iceman44\.m2\repository\org\bytedeco\javacpp-presets\opencv\3.2.0-1.3\opencv-3.2.0-1.3.jar;C:\Users\iceman44\.m2\repository\org\bytedeco\javacpp-presets\ffmpeg\3.2.1-1.3\ffmpeg-3.2.1-1.3.jar;C:\Users\iceman44\.m2\repository\org\bytedeco\javacpp-presets\flycapture\2.9.3.43-1.3\flycapture-2.9.3.43-1.3.jar;C:\Users\iceman44\.m2\repository\org\bytedeco\javacpp-presets\libdc1394\2.2.4-1.3\libdc1394-2.2.4-1.3.jar;C:\Users\iceman44\.m2\repository\org\bytedeco\javacpp-presets\libfreenect\0.5.3-1.3\libfreenect-0.5.3-1.3.jar;C:\Users\iceman44\.m2\repository\org\bytedeco\javacpp-presets\libfreenect2\0.2.0-1.3\libfreenect2-0.2.0-1.3.jar;C:\Users\iceman44\.m2\repository\org\bytedeco\javacpp-presets\librealsense\1.9.6-1.3\librealsense-1.9.6-1.3.jar;C:\Users\iceman44\.m2\repository\org\bytedeco\javacpp-presets\videoinput\0.200-1.3\videoinput-0.200-1.3.jar;C:\Users\iceman44\.m2\repository\org\bytedeco\javacpp-presets\artoolkitplus\2.3.1-1.3\artoolkitplus-2.3.1-1.3.jar;C:\Users\iceman44\.m2\repository\org\bytedeco\javacpp-presets\flandmark\1.07-1.3\flandmark-1.07-1.3.jar;C:\Users\iceman44\.m2\repo
Launcher Type: SUN_STANDARD

[Global flags]
     intx CICompilerCount                          = 3                                         {product} {ergonomic}
     uint ConcGCThreads                            = 1                                         {product} {ergonomic}
     uint G1ConcRefinementThreads                  = 4                                         {product} {ergonomic}
   size_t G1HeapRegionSize                         = 1048576                                   {product} {ergonomic}
    uintx GCDrainStackTargetSize                   = 64                                        {product} {ergonomic}
   size_t InitialHeapSize                          = 134217728                                 {product} {ergonomic}
   size_t MarkStackSize                            = 4194304                                   {product} {ergonomic}
   size_t MaxHeapSize                              = 2118123520                                {product} {ergonomic}
   size_t MaxNewSize                               = 1270874112                                {product} {ergonomic}
   size_t MinHeapDeltaBytes                        = 1048576                                   {product} {ergonomic}
   size_t MinHeapSize                              = 8388608                                   {product} {ergonomic}
    uintx NonNMethodCodeHeapSize                   = 5832780                                {pd product} {ergonomic}
    uintx NonProfiledCodeHeapSize                  = 122912730                              {pd product} {ergonomic}
    uintx ProfiledCodeHeapSize                     = 122912730                              {pd product} {ergonomic}
    uintx ReservedCodeCacheSize                    = 251658240                              {pd product} {ergonomic}
     bool SegmentedCodeCache                       = true                                      {product} {ergonomic}
     bool ShowCodeDetailsInExceptionMessages       = true                                   {manageable} {command line}
   size_t SoftMaxHeapSize                          = 2118123520                             {manageable} {ergonomic}
     bool UseCompressedClassPointers               = true                           {product lp64_product} {ergonomic}
     bool UseCompressedOops                        = true                           {product lp64_product} {ergonomic}
     bool UseG1GC                                  = true                                      {product} {ergonomic}
     bool UseLargePagesIndividualAllocation        = false                                  {pd product} {ergonomic}

Logging:
Log output configuration:
 #0: stdout all=warning uptime,level,tags
 #1: stderr all=off uptime,level,tags

Environment Variables:
PATH=C:/Users/iceman44/Desktop/eclipse//plugins/org.eclipse.justj.openjdk.hotspot.jre.full.win32.x86_64_17.0.7.v20230425-1502/jre/bin/server;C:/Users/iceman44/Desktop/eclipse//plugins/org.eclipse.justj.openjdk.hotspot.jre.full.win32.x86_64_17.0.7.v20230425-1502/jre/bin;C:\Windows\system32;C:\Windows;C:\Windows\System32\Wbem;C:\Windows\System32\WindowsPowerShell\v1.0\;C:\Windows\System32\OpenSSH\;C:\Program Files\Git\cmd;C:\Users\iceman44\AppData\Local\Microsoft\WindowsApps;;C:\Program Files\JetBrains\IntelliJ IDEA Community Edition 2023.2\bin;;C:\Program Files (x86)\Nmap;C:\Users\iceman44\Desktop\eclipse;
USERNAME=iceman44
OS=Windows_NT
PROCESSOR_IDENTIFIER=Intel64 Family 6 Model 158 Stepping 9, GenuineIntel
TMP=C:\Users\iceman44\AppData\Local\Temp
TEMP=C:\Users\iceman44\AppData\Local\Temp



---------------  S Y S T E M  ---------------

OS:
 Windows 10 , 64 bit Build 19041 (10.0.19041.3155)
OS uptime: 7 days 5:06 hours

CPU: total 4 (initial active 4) (4 cores per cpu, 1 threads per core) family 6 model 158 stepping 9 microcode 0xb4, cx8, cmov, fxsr, mmx, 3dnowpref, sse, sse2, sse3, ssse3, sse4.1, sse4.2, popcnt, lzcnt, tsc, tscinvbit, avx, avx2, aes, erms, clmul, bmi1, bmi2, adx, fma, vzeroupper, clflush, clflushopt

Memory: 4k page, system-wide physical 8075M (3016M free)
TotalPageFile size 12806M (AvailPageFile size 5233M)
current process WorkingSet (physical memory assigned to process): 381M, peak: 399M
current process commit charge ("private bytes"): 481M, peak: 501M

vm_info: OpenJDK 64-Bit Server VM (17.0.7+7) for windows-amd64 JRE (17.0.7+7), built on Apr 18 2023 22:10:42 by "temurin" with MS VC++ 16.7 (VS2019)

END.
