#
# A fatal error has been detected by the Java Runtime Environment:
#
#  EXCEPTION_ACCESS_VIOLATION (0xc0000005) at pc=0x00007ffbea5bc3f9, pid=5720, tid=16180
#
# JRE version: OpenJDK Runtime Environment Temurin-17.0.7+7 (17.0.7+7) (build 17.0.7+7)
# Java VM: OpenJDK 64-Bit Server VM Temurin-17.0.7+7 (17.0.7+7, mixed mode, tiered, compressed oops, compressed class ptrs, g1 gc, windows-amd64)
# Problematic frame:
# C  [msvcr120.dll+0x3c3f9]
#
# No core dump will be written. Minidumps are not enabled by default on client versions of Windows
#
# If you would like to submit a bug report, please visit:
#   https://github.com/adoptium/adoptium-support/issues
# The crash happened outside the Java Virtual Machine in native code.
# See problematic frame for where to report the bug.
#

---------------  S U M M A R Y ------------

Command Line: --module-path=C:\Users\iceman44\Desktop\javafx-sdk-20.0.2\lib --add-modules=javafx.controls,javafx.fxml -Djava.library.path=C:\Users\Administrator\Desktop\opencv\build\java\x64 -Dfile.encoding=UTF-8 -XX:+ShowCodeDetailsInExceptionMessages application.Main

Host: Intel(R) Core(TM) i5-7300HQ CPU @ 2.50GHz, 4 cores, 7G,  Windows 10 , 64 bit Build 19041 (10.0.19041.3155)
Time: Mon Aug 28 12:31:13 2023 GMT Summer Time elapsed time: 581.259063 seconds (0d 0h 9m 41s)

---------------  T H R E A D  ---------------

Current thread (0x00000298c0894360):  JavaThread "Thread-4" [_thread_in_native, id=16180, stack(0x000000e1d7d00000,0x000000e1d7e00000)]

Stack: [0x000000e1d7d00000,0x000000e1d7e00000],  sp=0x000000e1d7dfe368,  free space=1016k
Native frames: (J=compiled Java code, j=interpreted, Vv=VM code, C=native code)
C  [msvcr120.dll+0x3c3f9]

Java frames: (J=compiled Java code, j=interpreted, Vv=VM code)
J 6023  org.bytedeco.javacpp.opencv_imgproc.cvSmooth(Lorg/bytedeco/javacpp/helper/opencv_core$CvArr;Lorg/bytedeco/javacpp/helper/opencv_core$CvArr;IIIDD)V (0 bytes) @ 0x00000298a73a2da4 [0x00000298a73a2d20+0x0000000000000084]
j  application.MotionDetector.init(Lorg/bytedeco/javacpp/opencv_core$IplImage;Ljava/awt/Graphics2D;)V+67
j  application.FaceDetector.lambda$0(Ljava/awt/Graphics2D;)V+9
j  application.FaceDetector$$Lambda$817+0x000000010048c918.run()V+8
j  java.lang.Thread.run()V+11 java.base@17.0.7
v  ~StubRoutines::call_stub

siginfo: EXCEPTION_ACCESS_VIOLATION (0xc0000005), reading address 0x00000298c3650010


Register to memory mapping:

RIP=0x00007ffbea5bc3f9 msvcr120.dll
RAX=0x0000000000000001 is an unknown value
RBX=0x00000298c2d8eb90 points into unknown readable memory: 0x0000000000000000 | 00 00 00 00 00 00 00 00
RCX=0x0000000000000780 is an unknown value
RDX=0x00000000008c1474 is an unknown value
RSP=0x000000e1d7dfe368 is pointing into the stack for thread: 0x00000298c0894360
RBP=0x000000e1d7dfe459 is pointing into the stack for thread: 0x00000298c0894360
RSI=0x00000298c3650010 is an unknown value
RDI=0x00000298c2d8eb9c points into unknown readable memory: 00 00 00 00
R8 =0x0000000000000780 is an unknown value
R9 =0x0000000000000780 is an unknown value
R10=0x00000298c3650010 is an unknown value
R11=0x00000298c2d8eb9c points into unknown readable memory: 00 00 00 00
R12=0x0000000000000007 is an unknown value
R13=0x0000000000000780 is an unknown value
R14=0x00000298ddc4c5d0 points into unknown readable memory: 0x00007ffbe8a2fa98 | 98 fa a2 e8 fb 7f 00 00
R15=0x00000298c3650010 is an unknown value


Registers:
RAX=0x0000000000000001, RBX=0x00000298c2d8eb90, RCX=0x0000000000000780, RDX=0x00000000008c1474
RSP=0x000000e1d7dfe368, RBP=0x000000e1d7dfe459, RSI=0x00000298c3650010, RDI=0x00000298c2d8eb9c
R8 =0x0000000000000780, R9 =0x0000000000000780, R10=0x00000298c3650010, R11=0x00000298c2d8eb9c
R12=0x0000000000000007, R13=0x0000000000000780, R14=0x00000298ddc4c5d0, R15=0x00000298c3650010
RIP=0x00007ffbea5bc3f9, EFLAGS=0x0000000000010217

Top of Stack: (sp=0x000000e1d7dfe368)
0x000000e1d7dfe368:   000000000000000c 00000298c0360ef0
0x000000e1d7dfe378:   00007ffbe88e5d44 fffffffffffffffe
0x000000e1d7dfe388:   00007ffbe883d335 0000000000016810
0x000000e1d7dfe398:   00007ffbe88e6f43 00000298ddc4c640
0x000000e1d7dfe3a8:   00000298c0360ef0 fffffffffffffffe
0x000000e1d7dfe3b8:   0000000000016810 000001d8ffffff01
0x000000e1d7dfe3c8:   0000000400000000 0000000400000288
0x000000e1d7dfe3d8:   0000000300000004 0000029800000003
0x000000e1d7dfe3e8:   000000000000000c 0000000000000003
0x000000e1d7dfe3f8:   00007ffc1cb5b3c7 0000029800000009
0x000000e1d7dfe408:   000000e100000003 fffffffffffffffe
0x000000e1d7dfe418:   00000298baf12480 0000029800000003
0x000000e1d7dfe428:   00000298baf131a0 0000028000000004
0x000000e1d7dfe438:   000002980000000c 0000000000000004
0x000000e1d7dfe448:   0000000000000004 fffffffffffffffe
0x000000e1d7dfe458:   000000e1d7dfe550 000000e1d7dfe570 

Instructions: (pc=0x00007ffbea5bc3f9)
0x00007ffbea5bc2f9:   83 c1 08 48 83 c1 08 48 83 c1 08 48 8b 0c 11 48
0x00007ffbea5bc309:   0f c8 48 0f c9 48 3b c1 1b c0 83 d8 ff c3 cc cc
0x00007ffbea5bc319:   cc cc cc cc cc cc cc cc cc cc cc cc cc 66 66 0f
0x00007ffbea5bc329:   1f 84 00 00 00 00 00 48 2b d1 4d 85 c0 74 6a f7
0x00007ffbea5bc339:   c1 07 00 00 00 74 1d 0f b6 01 3a 04 11 75 5d 48
0x00007ffbea5bc349:   ff c1 49 ff c8 74 52 84 c0 74 4e 48 f7 c1 07 00
0x00007ffbea5bc359:   00 00 75 e3 49 bb 80 80 80 80 80 80 80 80 49 ba
0x00007ffbea5bc369:   ff fe fe fe fe fe fe fe 8d 04 11 25 ff 0f 00 00
0x00007ffbea5bc379:   3d f8 0f 00 00 77 c0 48 8b 01 48 3b 04 11 75 b7
0x00007ffbea5bc389:   48 83 c1 08 49 83 e8 08 76 0f 4e 8d 0c 10 48 f7
0x00007ffbea5bc399:   d0 49 23 c1 49 85 c3 74 cf 33 c0 c3 48 1b c0 48
0x00007ffbea5bc3a9:   83 c8 01 c3 cc cc cc cc cc cc cc cc cc 66 66 0f
0x00007ffbea5bc3b9:   1f 84 00 00 00 00 00 4c 8b d9 4c 8b d2 49 83 f8
0x00007ffbea5bc3c9:   10 0f 86 b9 00 00 00 48 2b d1 73 0f 49 8b c2 49
0x00007ffbea5bc3d9:   03 c0 48 3b c8 0f 8c 96 03 00 00 0f ba 25 6c 53
0x00007ffbea5bc3e9:   0a 00 01 73 13 57 56 48 8b f9 49 8b f2 49 8b c8
0x00007ffbea5bc3f9:   f3 a4 5e 5f 49 8b c3 c3 0f ba 25 4f 53 0a 00 02
0x00007ffbea5bc409:   0f 82 56 02 00 00 f6 c1 07 74 36 f6 c1 01 74 0b
0x00007ffbea5bc419:   8a 04 0a 49 ff c8 88 01 48 ff c1 f6 c1 02 74 0f
0x00007ffbea5bc429:   66 8b 04 0a 49 83 e8 02 66 89 01 48 83 c1 02 f6
0x00007ffbea5bc439:   c1 04 74 0d 8b 04 0a 49 83 e8 04 89 01 48 83 c1
0x00007ffbea5bc449:   04 4d 8b c8 49 c1 e9 05 0f 85 d9 01 00 00 4d 8b
0x00007ffbea5bc459:   c8 49 c1 e9 03 74 14 48 8b 04 0a 48 89 01 48 83
0x00007ffbea5bc469:   c1 08 49 ff c9 75 f0 49 83 e0 07 4d 85 c0 75 07
0x00007ffbea5bc479:   49 8b c3 c3 0f 1f 00 48 8d 14 0a 4c 8b d1 eb 03
0x00007ffbea5bc489:   4d 8b d3 4c 8d 0d 6d 3b fc ff 43 8b 84 81 a0 c4
0x00007ffbea5bc499:   03 00 49 03 c1 ff e0 e4 c4 03 00 e8 c4 03 00 f3
0x00007ffbea5bc4a9:   c4 03 00 ff c4 03 00 14 c5 03 00 1d c5 03 00 2f
0x00007ffbea5bc4b9:   c5 03 00 42 c5 03 00 5e c5 03 00 68 c5 03 00 7b
0x00007ffbea5bc4c9:   c5 03 00 8f c5 03 00 ac c5 03 00 bd c5 03 00 d7
0x00007ffbea5bc4d9:   c5 03 00 f2 c5 03 00 16 c6 03 00 49 8b c3 c3 48
0x00007ffbea5bc4e9:   0f b6 02 41 88 02 49 8b c3 c3 48 0f b7 02 66 41 


Stack slot to memory mapping:
stack at sp + 0 slots: 0x000000000000000c is an unknown value
stack at sp + 1 slots: 0x00000298c0360ef0 points into unknown readable memory: 0x0000000000000000 | 00 00 00 00 00 00 00 00
stack at sp + 2 slots: 0x00007ffbe88e5d44 opencv_imgproc320.dll
stack at sp + 3 slots: 0xfffffffffffffffe is an unknown value
stack at sp + 4 slots: 0x00007ffbe883d335 opencv_imgproc320.dll
stack at sp + 5 slots: 0x0000000000016810 is an unknown value
stack at sp + 6 slots: 0x00007ffbe88e6f43 opencv_imgproc320.dll
stack at sp + 7 slots: 0x00000298ddc4c640 points into unknown readable memory: 0x00000298c0360ef0 | f0 0e 36 c0 98 02 00 00


---------------  P R O C E S S  ---------------

Threads class SMR info:
_java_thread_list=0x00000298c033d5f0, length=27, elements={
0x0000029899d7dfd0, 0x00000298b55ef3d0, 0x00000298b55f0b70, 0x00000298b570e110,
0x00000298b570ead0, 0x00000298b570fc30, 0x00000298b57205b0, 0x00000298b5721ee0,
0x00000298b572cce0, 0x00000298b5793d30, 0x00000298b55579c0, 0x00000298ba17ea00,
0x00000298ba725600, 0x00000298ba26b0b0, 0x00000298ba3f8b00, 0x00000298bb2e3070,
0x00000298ba7e4f10, 0x00000298bb764340, 0x00000298badf1a50, 0x00000298bb172120,
0x00000298bb172ac0, 0x00000298bb174c70, 0x00000298c0892b50, 0x00000298c0894360,
0x00000298bb173e00, 0x00000298c2cb25a0, 0x00000298c2cb4750
}

Java Threads: ( => current thread )
  0x0000029899d7dfd0 JavaThread "main" [_thread_blocked, id=7504, stack(0x000000e1d4b00000,0x000000e1d4c00000)]
  0x00000298b55ef3d0 JavaThread "Reference Handler" daemon [_thread_blocked, id=1004, stack(0x000000e1d5300000,0x000000e1d5400000)]
  0x00000298b55f0b70 JavaThread "Finalizer" daemon [_thread_blocked, id=708, stack(0x000000e1d5400000,0x000000e1d5500000)]
  0x00000298b570e110 JavaThread "Signal Dispatcher" daemon [_thread_blocked, id=12812, stack(0x000000e1d5500000,0x000000e1d5600000)]
  0x00000298b570ead0 JavaThread "Attach Listener" daemon [_thread_blocked, id=11272, stack(0x000000e1d5600000,0x000000e1d5700000)]
  0x00000298b570fc30 JavaThread "Service Thread" daemon [_thread_blocked, id=424, stack(0x000000e1d5700000,0x000000e1d5800000)]
  0x00000298b57205b0 JavaThread "Monitor Deflation Thread" daemon [_thread_blocked, id=14020, stack(0x000000e1d5800000,0x000000e1d5900000)]
  0x00000298b5721ee0 JavaThread "C2 CompilerThread0" daemon [_thread_blocked, id=8160, stack(0x000000e1d5900000,0x000000e1d5a00000)]
  0x00000298b572cce0 JavaThread "C1 CompilerThread0" daemon [_thread_blocked, id=1448, stack(0x000000e1d5a00000,0x000000e1d5b00000)]
  0x00000298b5793d30 JavaThread "Sweeper thread" daemon [_thread_blocked, id=12016, stack(0x000000e1d5b00000,0x000000e1d5c00000)]
  0x00000298b55579c0 JavaThread "Common-Cleaner" daemon [_thread_blocked, id=9364, stack(0x000000e1d5c00000,0x000000e1d5d00000)]
  0x00000298ba17ea00 JavaThread "Notification Thread" daemon [_thread_blocked, id=11780, stack(0x000000e1d5f00000,0x000000e1d6000000)]
  0x00000298ba725600 JavaThread "QuantumRenderer-0" daemon [_thread_blocked, id=13852, stack(0x000000e1d6100000,0x000000e1d6200000)]
  0x00000298ba26b0b0 JavaThread "InvokeLaterDispatcher" daemon [_thread_blocked, id=9012, stack(0x000000e1d6200000,0x000000e1d6300000)]
  0x00000298ba3f8b00 JavaThread "JavaFX Application Thread" [_thread_in_native, id=8796, stack(0x000000e1d6300000,0x000000e1d6400000)]
  0x00000298bb2e3070 JavaThread "JavaFX-Launcher" [_thread_blocked, id=10964, stack(0x000000e1d6b00000,0x000000e1d6c00000)]
  0x00000298ba7e4f10 JavaThread "Thread-2" daemon [_thread_in_native, id=11724, stack(0x000000e1d6a00000,0x000000e1d6b00000)]
  0x00000298bb764340 JavaThread "JavaCPP Deallocator" daemon [_thread_blocked, id=14240, stack(0x000000e1d6c00000,0x000000e1d6d00000)]
  0x00000298badf1a50 JavaThread "Java2D Disposer" daemon [_thread_blocked, id=2988, stack(0x000000e1d6d00000,0x000000e1d6e00000)]
  0x00000298bb172120 JavaThread "AWT-Windows" daemon [_thread_in_native, id=13560, stack(0x000000e1d6f00000,0x000000e1d7000000)]
  0x00000298bb172ac0 JavaThread "Prism Font Disposer" daemon [_thread_blocked, id=14080, stack(0x000000e1d7300000,0x000000e1d7400000)]
  0x00000298bb174c70 JavaThread "Cleaner-0" daemon [_thread_blocked, id=7296, stack(0x000000e1d6e00000,0x000000e1d6f00000)]
  0x00000298c0892b50 JavaThread "mysql-cj-abandoned-connection-cleanup" daemon [_thread_blocked, id=8196, stack(0x000000e1d6600000,0x000000e1d6700000)]
=>0x00000298c0894360 JavaThread "Thread-4" [_thread_in_native, id=16180, stack(0x000000e1d7d00000,0x000000e1d7e00000)]
  0x00000298bb173e00 JavaThread "AWT-Shutdown" [_thread_blocked, id=9968, stack(0x000000e1d7e00000,0x000000e1d7f00000)]
  0x00000298c2cb25a0 JavaThread "AWT-EventQueue-0" [_thread_blocked, id=1440, stack(0x000000e1d7f00000,0x000000e1d8000000)]
  0x00000298c2cb4750 JavaThread "Thread-6" [_thread_in_native, id=10864, stack(0x000000e1d6500000,0x000000e1d6600000)]

Other Threads:
  0x00000298b55da070 VMThread "VM Thread" [stack: 0x000000e1d5200000,0x000000e1d5300000] [id=16016]
  0x00000298ba138790 WatcherThread [stack: 0x000000e1d6000000,0x000000e1d6100000] [id=8792]
  0x000002989bf58790 GCTaskThread "GC Thread#0" [stack: 0x000000e1d4d00000,0x000000e1d4e00000] [id=1384]
  0x00000298bb2e2dc0 GCTaskThread "GC Thread#1" [stack: 0x000000e1d6700000,0x000000e1d6800000] [id=5996]
  0x00000298bb30aa90 GCTaskThread "GC Thread#2" [stack: 0x000000e1d6800000,0x000000e1d6900000] [id=6780]
  0x00000298bb30ad40 GCTaskThread "GC Thread#3" [stack: 0x000000e1d6900000,0x000000e1d6a00000] [id=1400]
  0x000002989bf69a00 ConcurrentGCThread "G1 Main Marker" [stack: 0x000000e1d4e00000,0x000000e1d4f00000] [id=1080]
  0x000002989bf6ac00 ConcurrentGCThread "G1 Conc#0" [stack: 0x000000e1d4f00000,0x000000e1d5000000] [id=12192]
  0x000002989bfbe780 ConcurrentGCThread "G1 Refine#0" [stack: 0x000000e1d5000000,0x000000e1d5100000] [id=17312]
  0x00000298b5420200 ConcurrentGCThread "G1 Service" [stack: 0x000000e1d5100000,0x000000e1d5200000] [id=13512]

Threads with active compile tasks:

VM state: not at safepoint (normal execution)

VM Mutex/Monitor currently owned by a thread: None

Heap address: 0x0000000081c00000, size: 2020 MB, Compressed Oops mode: 32-bit

CDS archive(s) not mapped
Compressed class space mapped at: 0x0000000100000000-0x0000000140000000, reserved size: 1073741824
Narrow klass base: 0x0000000000000000, Narrow klass shift: 3, Narrow klass range: 0x140000000

GC Precious Log:
 CPUs: 4 total, 4 available
 Memory: 8075M
 Large Page Support: Disabled
 NUMA Support: Disabled
 Compressed Oops: Enabled (32-bit)
 Heap Region Size: 1M
 Heap Min Capacity: 8M
 Heap Initial Capacity: 128M
 Heap Max Capacity: 2020M
 Pre-touch: Disabled
 Parallel Workers: 4
 Concurrent Workers: 1
 Concurrent Refinement Workers: 4
 Periodic GC: Disabled

Heap:
 garbage-first heap   total 202752K, used 87006K [0x0000000081c00000, 0x0000000100000000)
  region size 1024K, 3 young (3072K), 1 survivors (1024K)
 Metaspace       used 41134K, committed 41408K, reserved 1114112K
  class space    used 4929K, committed 5056K, reserved 1048576K

Heap Regions: E=young(eden), S=young(survivor), O=old, HS=humongous(starts), HC=humongous(continues), CS=collection set, F=free, OA=open archive, CA=closed archive, TAMS=top-at-mark-start (previous, next)
|   0|0x0000000081c00000, 0x0000000081d00000, 0x0000000081d00000|100%| O|  |TAMS 0x0000000081d00000, 0x0000000081d00000| Untracked 
|   1|0x0000000081d00000, 0x0000000081e00000, 0x0000000081e00000|100%| O|  |TAMS 0x0000000081e00000, 0x0000000081e00000| Untracked 
|   2|0x0000000081e00000, 0x0000000081f00000, 0x0000000081f00000|100%| O|  |TAMS 0x0000000081f00000, 0x0000000081f00000| Untracked 
|   3|0x0000000081f00000, 0x0000000082000000, 0x0000000082000000|100%| O|  |TAMS 0x0000000082000000, 0x0000000082000000| Untracked 
|   4|0x0000000082000000, 0x0000000082100000, 0x0000000082100000|100%| O|  |TAMS 0x0000000082100000, 0x0000000082100000| Untracked 
|   5|0x0000000082100000, 0x0000000082200000, 0x0000000082200000|100%| O|  |TAMS 0x0000000082200000, 0x0000000082200000| Untracked 
|   6|0x0000000082200000, 0x0000000082300000, 0x0000000082300000|100%| O|  |TAMS 0x0000000082300000, 0x0000000082300000| Untracked 
|   7|0x0000000082300000, 0x0000000082400000, 0x0000000082400000|100%| O|  |TAMS 0x0000000082400000, 0x0000000082400000| Untracked 
|   8|0x0000000082400000, 0x0000000082500000, 0x0000000082500000|100%| O|  |TAMS 0x0000000082500000, 0x0000000082500000| Untracked 
|   9|0x0000000082500000, 0x0000000082600000, 0x0000000082600000|100%|HS|  |TAMS 0x0000000082600000, 0x0000000082600000| Complete 
|  10|0x0000000082600000, 0x0000000082700000, 0x0000000082700000|100%|HC|  |TAMS 0x0000000082700000, 0x0000000082700000| Complete 
|  11|0x0000000082700000, 0x0000000082800000, 0x0000000082800000|100%|HC|  |TAMS 0x0000000082800000, 0x0000000082800000| Complete 
|  12|0x0000000082800000, 0x0000000082900000, 0x0000000082900000|100%|HC|  |TAMS 0x0000000082900000, 0x0000000082900000| Complete 
|  13|0x0000000082900000, 0x0000000082a00000, 0x0000000082a00000|100%|HC|  |TAMS 0x0000000082a00000, 0x0000000082a00000| Complete 
|  14|0x0000000082a00000, 0x0000000082b00000, 0x0000000082b00000|100%|HC|  |TAMS 0x0000000082b00000, 0x0000000082b00000| Complete 
|  15|0x0000000082b00000, 0x0000000082c00000, 0x0000000082c00000|100%|HC|  |TAMS 0x0000000082c00000, 0x0000000082c00000| Complete 
|  16|0x0000000082c00000, 0x0000000082d00000, 0x0000000082d00000|100%|HC|  |TAMS 0x0000000082d00000, 0x0000000082d00000| Complete 
|  17|0x0000000082d00000, 0x0000000082e00000, 0x0000000082e00000|100%|HC|  |TAMS 0x0000000082e00000, 0x0000000082e00000| Complete 
|  18|0x0000000082e00000, 0x0000000082f00000, 0x0000000082f00000|100%|HC|  |TAMS 0x0000000082f00000, 0x0000000082f00000| Complete 
|  19|0x0000000082f00000, 0x0000000083000000, 0x0000000083000000|100%|HC|  |TAMS 0x0000000083000000, 0x0000000083000000| Complete 
|  20|0x0000000083000000, 0x0000000083100000, 0x0000000083100000|100%|HC|  |TAMS 0x0000000083100000, 0x0000000083100000| Complete 
|  21|0x0000000083100000, 0x0000000083200000, 0x0000000083200000|100%|HC|  |TAMS 0x0000000083200000, 0x0000000083200000| Complete 
|  22|0x0000000083200000, 0x0000000083300000, 0x0000000083300000|100%|HC|  |TAMS 0x0000000083300000, 0x0000000083300000| Complete 
|  23|0x0000000083300000, 0x0000000083400000, 0x0000000083400000|100%|HC|  |TAMS 0x0000000083400000, 0x0000000083400000| Complete 
|  24|0x0000000083400000, 0x0000000083500000, 0x0000000083500000|100%|HC|  |TAMS 0x0000000083500000, 0x0000000083500000| Complete 
|  25|0x0000000083500000, 0x0000000083600000, 0x0000000083600000|100%|HC|  |TAMS 0x0000000083600000, 0x0000000083600000| Complete 
|  26|0x0000000083600000, 0x0000000083700000, 0x0000000083700000|100%|HC|  |TAMS 0x0000000083700000, 0x0000000083700000| Complete 
|  27|0x0000000083700000, 0x0000000083800000, 0x0000000083800000|100%|HC|  |TAMS 0x0000000083800000, 0x0000000083800000| Complete 
|  28|0x0000000083800000, 0x0000000083900000, 0x0000000083900000|100%|HS|  |TAMS 0x0000000083900000, 0x0000000083900000| Complete 
|  29|0x0000000083900000, 0x0000000083a00000, 0x0000000083a00000|100%|HC|  |TAMS 0x0000000083a00000, 0x0000000083a00000| Complete 
|  30|0x0000000083a00000, 0x0000000083b00000, 0x0000000083b00000|100%|HC|  |TAMS 0x0000000083b00000, 0x0000000083b00000| Complete 
|  31|0x0000000083b00000, 0x0000000083c00000, 0x0000000083c00000|100%|HS|  |TAMS 0x0000000083c00000, 0x0000000083c00000| Complete 
|  32|0x0000000083c00000, 0x0000000083d00000, 0x0000000083d00000|100%|HS|  |TAMS 0x0000000083d00000, 0x0000000083d00000| Complete 
|  33|0x0000000083d00000, 0x0000000083e00000, 0x0000000083e00000|100%|HS|  |TAMS 0x0000000083e00000, 0x0000000083e00000| Complete 
|  34|0x0000000083e00000, 0x0000000083f00000, 0x0000000083f00000|100%|HC|  |TAMS 0x0000000083f00000, 0x0000000083f00000| Complete 
|  35|0x0000000083f00000, 0x0000000084000000, 0x0000000084000000|100%|HC|  |TAMS 0x0000000084000000, 0x0000000084000000| Complete 
|  36|0x0000000084000000, 0x0000000084100000, 0x0000000084100000|100%|HC|  |TAMS 0x0000000084100000, 0x0000000084100000| Complete 
|  37|0x0000000084100000, 0x0000000084200000, 0x0000000084200000|100%|HC|  |TAMS 0x0000000084200000, 0x0000000084200000| Complete 
|  38|0x0000000084200000, 0x0000000084300000, 0x0000000084300000|100%|HS|  |TAMS 0x0000000084300000, 0x0000000084300000| Complete 
|  39|0x0000000084300000, 0x0000000084400000, 0x0000000084400000|100%|HC|  |TAMS 0x0000000084400000, 0x0000000084400000| Complete 
|  40|0x0000000084400000, 0x0000000084500000, 0x0000000084500000|100%| O|  |TAMS 0x0000000084500000, 0x0000000084500000| Untracked 
|  41|0x0000000084500000, 0x0000000084600000, 0x0000000084600000|100%| O|  |TAMS 0x0000000084600000, 0x0000000084600000| Untracked 
|  42|0x0000000084600000, 0x0000000084700000, 0x0000000084700000|100%| O|  |TAMS 0x0000000084700000, 0x0000000084700000| Untracked 
|  43|0x0000000084700000, 0x0000000084800000, 0x0000000084800000|100%| O|  |TAMS 0x0000000084800000, 0x0000000084800000| Untracked 
|  44|0x0000000084800000, 0x0000000084900000, 0x0000000084900000|100%|HS|  |TAMS 0x0000000084900000, 0x0000000084900000| Complete 
|  45|0x0000000084900000, 0x0000000084a00000, 0x0000000084a00000|100%|HC|  |TAMS 0x0000000084a00000, 0x0000000084a00000| Complete 
|  46|0x0000000084a00000, 0x0000000084b00000, 0x0000000084b00000|100%| O|  |TAMS 0x0000000084b00000, 0x0000000084b00000| Untracked 
|  47|0x0000000084b00000, 0x0000000084c00000, 0x0000000084c00000|100%| O|  |TAMS 0x0000000084c00000, 0x0000000084c00000| Untracked 
|  48|0x0000000084c00000, 0x0000000084d00000, 0x0000000084d00000|100%| O|  |TAMS 0x0000000084d00000, 0x0000000084d00000| Untracked 
|  49|0x0000000084d00000, 0x0000000084e00000, 0x0000000084e00000|100%| O|  |TAMS 0x0000000084e00000, 0x0000000084e00000| Untracked 
|  50|0x0000000084e00000, 0x0000000084f00000, 0x0000000084f00000|100%|HS|  |TAMS 0x0000000084f00000, 0x0000000084f00000| Complete 
|  51|0x0000000084f00000, 0x0000000085000000, 0x0000000085000000|100%|HS|  |TAMS 0x0000000085000000, 0x0000000085000000| Complete 
|  52|0x0000000085000000, 0x0000000085100000, 0x0000000085100000|100%|HS|  |TAMS 0x0000000085000000, 0x0000000085000000| Complete 
|  53|0x0000000085100000, 0x0000000085200000, 0x0000000085200000|100%|HC|  |TAMS 0x0000000085100000, 0x0000000085100000| Complete 
|  54|0x0000000085200000, 0x0000000085300000, 0x0000000085300000|100%|HS|  |TAMS 0x0000000085200000, 0x0000000085300000| Complete 
|  55|0x0000000085300000, 0x0000000085400000, 0x0000000085400000|100%|HC|  |TAMS 0x0000000085300000, 0x0000000085400000| Complete 
|  56|0x0000000085400000, 0x0000000085500000, 0x0000000085500000|100%|HS|  |TAMS 0x0000000085400000, 0x0000000085400000| Complete 
|  57|0x0000000085500000, 0x0000000085600000, 0x0000000085600000|100%|HC|  |TAMS 0x0000000085500000, 0x0000000085500000| Complete 
|  58|0x0000000085600000, 0x0000000085700000, 0x0000000085700000|100%|HS|  |TAMS 0x0000000085700000, 0x0000000085700000| Complete 
|  59|0x0000000085700000, 0x0000000085800000, 0x0000000085800000|100%|HC|  |TAMS 0x0000000085800000, 0x0000000085800000| Complete 
|  60|0x0000000085800000, 0x0000000085900000, 0x0000000085900000|100%|HS|  |TAMS 0x0000000085900000, 0x0000000085900000| Complete 
|  61|0x0000000085900000, 0x0000000085a00000, 0x0000000085a00000|100%|HC|  |TAMS 0x0000000085a00000, 0x0000000085a00000| Complete 
|  62|0x0000000085a00000, 0x0000000085b00000, 0x0000000085b00000|100%|HS|  |TAMS 0x0000000085b00000, 0x0000000085b00000| Complete 
|  63|0x0000000085b00000, 0x0000000085c00000, 0x0000000085c00000|100%|HC|  |TAMS 0x0000000085c00000, 0x0000000085c00000| Complete 
|  64|0x0000000085c00000, 0x0000000085d00000, 0x0000000085d00000|100%|HS|  |TAMS 0x0000000085c00000, 0x0000000085c00000| Complete 
|  65|0x0000000085d00000, 0x0000000085e00000, 0x0000000085e00000|100%|HC|  |TAMS 0x0000000085d00000, 0x0000000085d00000| Complete 
|  66|0x0000000085e00000, 0x0000000085f00000, 0x0000000085f00000|100%|HS|  |TAMS 0x0000000085e00000, 0x0000000085f00000| Complete 
|  67|0x0000000085f00000, 0x0000000086000000, 0x0000000086000000|100%|HC|  |TAMS 0x0000000085f00000, 0x0000000086000000| Complete 
|  68|0x0000000086000000, 0x0000000086100000, 0x0000000086100000|100%|HS|  |TAMS 0x0000000086000000, 0x0000000086000000| Complete 
|  69|0x0000000086100000, 0x0000000086200000, 0x0000000086200000|100%|HC|  |TAMS 0x0000000086100000, 0x0000000086100000| Complete 
|  70|0x0000000086200000, 0x0000000086300000, 0x0000000086300000|100%|HS|  |TAMS 0x0000000086200000, 0x0000000086200000| Complete 
|  71|0x0000000086300000, 0x0000000086400000, 0x0000000086400000|100%|HC|  |TAMS 0x0000000086300000, 0x0000000086300000| Complete 
|  72|0x0000000086400000, 0x0000000086500000, 0x0000000086500000|100%| O|  |TAMS 0x0000000086500000, 0x0000000086500000| Untracked 
|  73|0x0000000086500000, 0x0000000086600000, 0x0000000086600000|100%|HS|  |TAMS 0x0000000086500000, 0x0000000086600000| Complete 
|  74|0x0000000086600000, 0x0000000086700000, 0x0000000086700000|100%|HC|  |TAMS 0x0000000086600000, 0x0000000086700000| Complete 
|  75|0x0000000086700000, 0x0000000086800000, 0x0000000086800000|100%|HS|  |TAMS 0x0000000086700000, 0x0000000086700000| Complete 
|  76|0x0000000086800000, 0x0000000086900000, 0x0000000086900000|100%|HC|  |TAMS 0x0000000086800000, 0x0000000086800000| Complete 
|  77|0x0000000086900000, 0x0000000086a00000, 0x0000000086a00000|100%|HS|  |TAMS 0x0000000086900000, 0x0000000086a00000| Complete 
|  78|0x0000000086a00000, 0x0000000086b00000, 0x0000000086b00000|100%|HC|  |TAMS 0x0000000086a00000, 0x0000000086b00000| Complete 
|  79|0x0000000086b00000, 0x0000000086b00000, 0x0000000086c00000|  0%| F|  |TAMS 0x0000000086b00000, 0x0000000086b00000| Untracked 
|  80|0x0000000086c00000, 0x0000000086c00000, 0x0000000086d00000|  0%| F|  |TAMS 0x0000000086c00000, 0x0000000086c00000| Untracked 
|  81|0x0000000086d00000, 0x0000000086d00000, 0x0000000086e00000|  0%| F|  |TAMS 0x0000000086d00000, 0x0000000086d00000| Untracked 
|  82|0x0000000086e00000, 0x0000000086e00000, 0x0000000086f00000|  0%| F|  |TAMS 0x0000000086e00000, 0x0000000086e00000| Untracked 
|  83|0x0000000086f00000, 0x0000000087000000, 0x0000000087000000|100%|HS|  |TAMS 0x0000000086f00000, 0x0000000087000000| Complete 
|  84|0x0000000087000000, 0x0000000087100000, 0x0000000087100000|100%|HC|  |TAMS 0x0000000087000000, 0x0000000087100000| Complete 
|  85|0x0000000087100000, 0x0000000087100000, 0x0000000087200000|  0%| F|  |TAMS 0x0000000087100000, 0x0000000087100000| Untracked 
|  86|0x0000000087200000, 0x0000000087200000, 0x0000000087300000|  0%| F|  |TAMS 0x0000000087200000, 0x0000000087200000| Untracked 
|  87|0x0000000087300000, 0x0000000087300000, 0x0000000087400000|  0%| F|  |TAMS 0x0000000087300000, 0x0000000087300000| Untracked 
|  88|0x0000000087400000, 0x0000000087400000, 0x0000000087500000|  0%| F|  |TAMS 0x0000000087400000, 0x0000000087400000| Untracked 
|  89|0x0000000087500000, 0x0000000087500000, 0x0000000087600000|  0%| F|  |TAMS 0x0000000087500000, 0x0000000087500000| Untracked 
|  90|0x0000000087600000, 0x0000000087600000, 0x0000000087700000|  0%| F|  |TAMS 0x0000000087600000, 0x0000000087600000| Untracked 
|  91|0x0000000087700000, 0x0000000087700000, 0x0000000087800000|  0%| F|  |TAMS 0x0000000087700000, 0x0000000087700000| Untracked 
|  92|0x0000000087800000, 0x0000000087800000, 0x0000000087900000|  0%| F|  |TAMS 0x0000000087800000, 0x0000000087800000| Untracked 
|  93|0x0000000087900000, 0x0000000087900000, 0x0000000087a00000|  0%| F|  |TAMS 0x0000000087900000, 0x0000000087900000| Untracked 
|  94|0x0000000087a00000, 0x0000000087a00000, 0x0000000087b00000|  0%| F|  |TAMS 0x0000000087a00000, 0x0000000087a00000| Untracked 
|  95|0x0000000087b00000, 0x0000000087b00000, 0x0000000087c00000|  0%| F|  |TAMS 0x0000000087b00000, 0x0000000087b00000| Untracked 
|  96|0x0000000087c00000, 0x0000000087c00000, 0x0000000087d00000|  0%| F|  |TAMS 0x0000000087c00000, 0x0000000087c00000| Untracked 
|  97|0x0000000087d00000, 0x0000000087d00000, 0x0000000087e00000|  0%| F|  |TAMS 0x0000000087d00000, 0x0000000087d00000| Untracked 
|  98|0x0000000087e00000, 0x0000000087e00000, 0x0000000087f00000|  0%| F|  |TAMS 0x0000000087e00000, 0x0000000087e00000| Untracked 
|  99|0x0000000087f00000, 0x0000000087f00000, 0x0000000088000000|  0%| F|  |TAMS 0x0000000087f00000, 0x0000000087f00000| Untracked 
| 100|0x0000000088000000, 0x0000000088000000, 0x0000000088100000|  0%| F|  |TAMS 0x0000000088000000, 0x0000000088000000| Untracked 
| 101|0x0000000088100000, 0x0000000088100000, 0x0000000088200000|  0%| F|  |TAMS 0x0000000088100000, 0x0000000088100000| Untracked 
| 102|0x0000000088200000, 0x0000000088200000, 0x0000000088300000|  0%| F|  |TAMS 0x0000000088200000, 0x0000000088200000| Untracked 
| 103|0x0000000088300000, 0x0000000088400000, 0x0000000088400000|100%|HS|  |TAMS 0x0000000088400000, 0x0000000088400000| Complete 
| 104|0x0000000088400000, 0x0000000088500000, 0x0000000088500000|100%|HC|  |TAMS 0x0000000088500000, 0x0000000088500000| Complete 
| 105|0x0000000088500000, 0x0000000088500000, 0x0000000088600000|  0%| F|  |TAMS 0x0000000088500000, 0x0000000088500000| Untracked 
| 106|0x0000000088600000, 0x0000000088600000, 0x0000000088700000|  0%| F|  |TAMS 0x0000000088600000, 0x0000000088600000| Untracked 
| 107|0x0000000088700000, 0x0000000088700000, 0x0000000088800000|  0%| F|  |TAMS 0x0000000088700000, 0x0000000088700000| Untracked 
| 108|0x0000000088800000, 0x0000000088800000, 0x0000000088900000|  0%| F|  |TAMS 0x0000000088800000, 0x0000000088800000| Untracked 
| 109|0x0000000088900000, 0x0000000088900000, 0x0000000088a00000|  0%| F|  |TAMS 0x0000000088900000, 0x0000000088900000| Untracked 
| 110|0x0000000088a00000, 0x0000000088a00000, 0x0000000088b00000|  0%| F|  |TAMS 0x0000000088a00000, 0x0000000088a00000| Untracked 
| 111|0x0000000088b00000, 0x0000000088b00000, 0x0000000088c00000|  0%| F|  |TAMS 0x0000000088b00000, 0x0000000088b00000| Untracked 
| 112|0x0000000088c00000, 0x0000000088c00000, 0x0000000088d00000|  0%| F|  |TAMS 0x0000000088c00000, 0x0000000088c00000| Untracked 
| 113|0x0000000088d00000, 0x0000000088d00000, 0x0000000088e00000|  0%| F|  |TAMS 0x0000000088d00000, 0x0000000088d00000| Untracked 
| 114|0x0000000088e00000, 0x0000000088e00000, 0x0000000088f00000|  0%| F|  |TAMS 0x0000000088e00000, 0x0000000088e00000| Untracked 
| 115|0x0000000088f00000, 0x0000000088f00000, 0x0000000089000000|  0%| F|  |TAMS 0x0000000088f00000, 0x0000000088f00000| Untracked 
| 116|0x0000000089000000, 0x0000000089000000, 0x0000000089100000|  0%| F|  |TAMS 0x0000000089000000, 0x0000000089000000| Untracked 
| 117|0x0000000089100000, 0x0000000089100000, 0x0000000089200000|  0%| F|  |TAMS 0x0000000089100000, 0x0000000089100000| Untracked 
| 118|0x0000000089200000, 0x0000000089200000, 0x0000000089300000|  0%| F|  |TAMS 0x0000000089200000, 0x0000000089200000| Untracked 
| 119|0x0000000089300000, 0x0000000089300000, 0x0000000089400000|  0%| F|  |TAMS 0x0000000089300000, 0x0000000089300000| Untracked 
| 120|0x0000000089400000, 0x0000000089400000, 0x0000000089500000|  0%| F|  |TAMS 0x0000000089400000, 0x0000000089400000| Untracked 
| 121|0x0000000089500000, 0x0000000089500000, 0x0000000089600000|  0%| F|  |TAMS 0x0000000089500000, 0x0000000089500000| Untracked 
| 122|0x0000000089600000, 0x0000000089600000, 0x0000000089700000|  0%| F|  |TAMS 0x0000000089600000, 0x0000000089600000| Untracked 
| 123|0x0000000089700000, 0x0000000089700000, 0x0000000089800000|  0%| F|  |TAMS 0x0000000089700000, 0x0000000089700000| Untracked 
| 124|0x0000000089800000, 0x0000000089800000, 0x0000000089900000|  0%| F|  |TAMS 0x0000000089800000, 0x0000000089800000| Untracked 
| 125|0x0000000089900000, 0x0000000089900000, 0x0000000089a00000|  0%| F|  |TAMS 0x0000000089900000, 0x0000000089900000| Untracked 
| 126|0x0000000089a00000, 0x0000000089a00000, 0x0000000089b00000|  0%| F|  |TAMS 0x0000000089a00000, 0x0000000089a00000| Untracked 
| 127|0x0000000089b00000, 0x0000000089b00000, 0x0000000089c00000|  0%| F|  |TAMS 0x0000000089b00000, 0x0000000089b00000| Untracked 
| 128|0x0000000089c00000, 0x0000000089c00000, 0x0000000089d00000|  0%| F|  |TAMS 0x0000000089c00000, 0x0000000089c00000| Untracked 
| 129|0x0000000089d00000, 0x0000000089d00000, 0x0000000089e00000|  0%| F|  |TAMS 0x0000000089d00000, 0x0000000089d00000| Untracked 
| 130|0x0000000089e00000, 0x0000000089e00000, 0x0000000089f00000|  0%| F|  |TAMS 0x0000000089e00000, 0x0000000089e00000| Untracked 
| 131|0x0000000089f00000, 0x0000000089f00000, 0x000000008a000000|  0%| F|  |TAMS 0x0000000089f00000, 0x0000000089f00000| Untracked 
| 132|0x000000008a000000, 0x000000008a000000, 0x000000008a100000|  0%| F|  |TAMS 0x000000008a000000, 0x000000008a000000| Untracked 
| 133|0x000000008a100000, 0x000000008a100000, 0x000000008a200000|  0%| F|  |TAMS 0x000000008a100000, 0x000000008a100000| Untracked 
| 134|0x000000008a200000, 0x000000008a200000, 0x000000008a300000|  0%| F|  |TAMS 0x000000008a200000, 0x000000008a200000| Untracked 
| 135|0x000000008a300000, 0x000000008a300000, 0x000000008a400000|  0%| F|  |TAMS 0x000000008a300000, 0x000000008a300000| Untracked 
| 136|0x000000008a400000, 0x000000008a400000, 0x000000008a500000|  0%| F|  |TAMS 0x000000008a400000, 0x000000008a400000| Untracked 
| 137|0x000000008a500000, 0x000000008a500000, 0x000000008a600000|  0%| F|  |TAMS 0x000000008a500000, 0x000000008a500000| Untracked 
| 138|0x000000008a600000, 0x000000008a600000, 0x000000008a700000|  0%| F|  |TAMS 0x000000008a600000, 0x000000008a600000| Untracked 
| 139|0x000000008a700000, 0x000000008a700000, 0x000000008a800000|  0%| F|  |TAMS 0x000000008a700000, 0x000000008a700000| Untracked 
| 140|0x000000008a800000, 0x000000008a800000, 0x000000008a900000|  0%| F|  |TAMS 0x000000008a800000, 0x000000008a800000| Untracked 
| 141|0x000000008a900000, 0x000000008a900000, 0x000000008aa00000|  0%| F|  |TAMS 0x000000008a900000, 0x000000008a900000| Untracked 
| 142|0x000000008aa00000, 0x000000008aa00000, 0x000000008ab00000|  0%| F|  |TAMS 0x000000008aa00000, 0x000000008aa00000| Untracked 
| 143|0x000000008ab00000, 0x000000008ab00000, 0x000000008ac00000|  0%| F|  |TAMS 0x000000008ab00000, 0x000000008ab00000| Untracked 
| 144|0x000000008ac00000, 0x000000008ac00000, 0x000000008ad00000|  0%| F|  |TAMS 0x000000008ac00000, 0x000000008ac00000| Untracked 
| 145|0x000000008ad00000, 0x000000008ad00000, 0x000000008ae00000|  0%| F|  |TAMS 0x000000008ad00000, 0x000000008ad00000| Untracked 
| 146|0x000000008ae00000, 0x000000008ae00000, 0x000000008af00000|  0%| F|  |TAMS 0x000000008ae00000, 0x000000008ae00000| Untracked 
| 147|0x000000008af00000, 0x000000008af00000, 0x000000008b000000|  0%| F|  |TAMS 0x000000008af00000, 0x000000008af00000| Untracked 
| 148|0x000000008b000000, 0x000000008b000000, 0x000000008b100000|  0%| F|  |TAMS 0x000000008b000000, 0x000000008b000000| Untracked 
| 149|0x000000008b100000, 0x000000008b100000, 0x000000008b200000|  0%| F|  |TAMS 0x000000008b100000, 0x000000008b100000| Untracked 
| 150|0x000000008b200000, 0x000000008b200000, 0x000000008b300000|  0%| F|  |TAMS 0x000000008b200000, 0x000000008b200000| Untracked 
| 151|0x000000008b300000, 0x000000008b300000, 0x000000008b400000|  0%| F|  |TAMS 0x000000008b300000, 0x000000008b300000| Untracked 
| 152|0x000000008b400000, 0x000000008b400000, 0x000000008b500000|  0%| F|  |TAMS 0x000000008b400000, 0x000000008b400000| Untracked 
| 153|0x000000008b500000, 0x000000008b500000, 0x000000008b600000|  0%| F|  |TAMS 0x000000008b500000, 0x000000008b500000| Untracked 
| 154|0x000000008b600000, 0x000000008b600000, 0x000000008b700000|  0%| F|  |TAMS 0x000000008b600000, 0x000000008b600000| Untracked 
| 155|0x000000008b700000, 0x000000008b700000, 0x000000008b800000|  0%| F|  |TAMS 0x000000008b700000, 0x000000008b700000| Untracked 
| 156|0x000000008b800000, 0x000000008b800000, 0x000000008b900000|  0%| F|  |TAMS 0x000000008b800000, 0x000000008b800000| Untracked 
| 157|0x000000008b900000, 0x000000008b900000, 0x000000008ba00000|  0%| F|  |TAMS 0x000000008b900000, 0x000000008b900000| Untracked 
| 158|0x000000008ba00000, 0x000000008ba00000, 0x000000008bb00000|  0%| F|  |TAMS 0x000000008ba00000, 0x000000008ba00000| Untracked 
| 159|0x000000008bb00000, 0x000000008bb00000, 0x000000008bc00000|  0%| F|  |TAMS 0x000000008bb00000, 0x000000008bb00000| Untracked 
| 160|0x000000008bc00000, 0x000000008bc00000, 0x000000008bd00000|  0%| F|  |TAMS 0x000000008bc00000, 0x000000008bc00000| Untracked 
| 161|0x000000008bd00000, 0x000000008bd00000, 0x000000008be00000|  0%| F|  |TAMS 0x000000008bd00000, 0x000000008bd00000| Untracked 
| 162|0x000000008be00000, 0x000000008be00000, 0x000000008bf00000|  0%| F|  |TAMS 0x000000008be00000, 0x000000008be00000| Untracked 
| 163|0x000000008bf00000, 0x000000008bf00000, 0x000000008c000000|  0%| F|  |TAMS 0x000000008bf00000, 0x000000008bf00000| Untracked 
| 164|0x000000008c000000, 0x000000008c000000, 0x000000008c100000|  0%| F|  |TAMS 0x000000008c000000, 0x000000008c000000| Untracked 
| 165|0x000000008c100000, 0x000000008c100000, 0x000000008c200000|  0%| F|  |TAMS 0x000000008c100000, 0x000000008c100000| Untracked 
| 166|0x000000008c200000, 0x000000008c200000, 0x000000008c300000|  0%| F|  |TAMS 0x000000008c200000, 0x000000008c200000| Untracked 
| 167|0x000000008c300000, 0x000000008c300000, 0x000000008c400000|  0%| F|  |TAMS 0x000000008c300000, 0x000000008c300000| Untracked 
| 168|0x000000008c400000, 0x000000008c400000, 0x000000008c500000|  0%| F|  |TAMS 0x000000008c400000, 0x000000008c400000| Untracked 
| 169|0x000000008c500000, 0x000000008c500000, 0x000000008c600000|  0%| F|  |TAMS 0x000000008c500000, 0x000000008c500000| Untracked 
| 170|0x000000008c600000, 0x000000008c600000, 0x000000008c700000|  0%| F|  |TAMS 0x000000008c600000, 0x000000008c600000| Untracked 
| 171|0x000000008c700000, 0x000000008c700000, 0x000000008c800000|  0%| F|  |TAMS 0x000000008c700000, 0x000000008c700000| Untracked 
| 172|0x000000008c800000, 0x000000008c800000, 0x000000008c900000|  0%| F|  |TAMS 0x000000008c800000, 0x000000008c800000| Untracked 
| 173|0x000000008c900000, 0x000000008c900000, 0x000000008ca00000|  0%| F|  |TAMS 0x000000008c900000, 0x000000008c900000| Untracked 
| 174|0x000000008ca00000, 0x000000008ca00000, 0x000000008cb00000|  0%| F|  |TAMS 0x000000008ca00000, 0x000000008ca00000| Untracked 
| 175|0x000000008cb00000, 0x000000008cb00000, 0x000000008cc00000|  0%| F|  |TAMS 0x000000008cb00000, 0x000000008cb00000| Untracked 
| 176|0x000000008cc00000, 0x000000008cc00000, 0x000000008cd00000|  0%| F|  |TAMS 0x000000008cc00000, 0x000000008cc00000| Untracked 
| 177|0x000000008cd00000, 0x000000008cd00000, 0x000000008ce00000|  0%| F|  |TAMS 0x000000008cd00000, 0x000000008cd00000| Untracked 
| 178|0x000000008ce00000, 0x000000008ce00000, 0x000000008cf00000|  0%| F|  |TAMS 0x000000008ce00000, 0x000000008ce00000| Untracked 
| 179|0x000000008cf00000, 0x000000008cf00000, 0x000000008d000000|  0%| F|  |TAMS 0x000000008cf00000, 0x000000008cf00000| Untracked 
| 180|0x000000008d000000, 0x000000008d000000, 0x000000008d100000|  0%| F|  |TAMS 0x000000008d000000, 0x000000008d000000| Untracked 
| 181|0x000000008d100000, 0x000000008d100000, 0x000000008d200000|  0%| F|  |TAMS 0x000000008d100000, 0x000000008d100000| Untracked 
| 182|0x000000008d200000, 0x000000008d200000, 0x000000008d300000|  0%| F|  |TAMS 0x000000008d200000, 0x000000008d200000| Untracked 
| 183|0x000000008d300000, 0x000000008d300000, 0x000000008d400000|  0%| F|  |TAMS 0x000000008d300000, 0x000000008d300000| Untracked 
| 184|0x000000008d400000, 0x000000008d400000, 0x000000008d500000|  0%| F|  |TAMS 0x000000008d400000, 0x000000008d400000| Untracked 
| 185|0x000000008d500000, 0x000000008d500000, 0x000000008d600000|  0%| F|  |TAMS 0x000000008d500000, 0x000000008d500000| Untracked 
| 186|0x000000008d600000, 0x000000008d600000, 0x000000008d700000|  0%| F|  |TAMS 0x000000008d600000, 0x000000008d600000| Untracked 
| 187|0x000000008d700000, 0x000000008d700000, 0x000000008d800000|  0%| F|  |TAMS 0x000000008d700000, 0x000000008d700000| Untracked 
| 188|0x000000008d800000, 0x000000008d800000, 0x000000008d900000|  0%| F|  |TAMS 0x000000008d800000, 0x000000008d800000| Untracked 
| 189|0x000000008d900000, 0x000000008d900000, 0x000000008da00000|  0%| F|  |TAMS 0x000000008d900000, 0x000000008d900000| Untracked 
| 190|0x000000008da00000, 0x000000008da00000, 0x000000008db00000|  0%| F|  |TAMS 0x000000008da00000, 0x000000008da00000| Untracked 
| 191|0x000000008db00000, 0x000000008dbb4400, 0x000000008dc00000| 70%| O|  |TAMS 0x000000008dbb1a00, 0x000000008dbb1a00| Untracked 
| 192|0x000000008dc00000, 0x000000008dc00000, 0x000000008dd00000|  0%| F|  |TAMS 0x000000008dc00000, 0x000000008dc00000| Untracked 
| 193|0x000000008dd00000, 0x000000008dd00000, 0x000000008de00000|  0%| F|  |TAMS 0x000000008dd00000, 0x000000008dd00000| Untracked 
| 194|0x000000008de00000, 0x000000008de43468, 0x000000008df00000| 26%| S|CS|TAMS 0x000000008de00000, 0x000000008de00000| Complete 
| 195|0x000000008df00000, 0x000000008df00000, 0x000000008e000000|  0%| F|  |TAMS 0x000000008df00000, 0x000000008df00000| Untracked 
| 196|0x000000008e000000, 0x000000008e05fa08, 0x000000008e100000| 37%| E|  |TAMS 0x000000008e000000, 0x000000008e000000| Complete 
| 197|0x000000008e100000, 0x000000008e200000, 0x000000008e200000|100%| E|CS|TAMS 0x000000008e100000, 0x000000008e100000| Complete 

Card table byte_map: [0x00000298ae9b0000,0x00000298aedb0000] _byte_map_base: 0x00000298ae5a2000

Marking Bits (Prev, Next): (CMBitMap*) 0x000002989bf58cf0, (CMBitMap*) 0x000002989bf58cb0
 Prev Bits: [0x00000298b1140000, 0x00000298b30d0000)
 Next Bits: [0x00000298af1b0000, 0x00000298b1140000)

Polling page: 0x0000029899ee0000

Metaspace:

Usage:
  Non-class:     35.36 MB used.
      Class:      4.81 MB used.
       Both:     40.17 MB used.

Virtual space:
  Non-class space:       64.00 MB reserved,      35.50 MB ( 55%) committed,  1 nodes.
      Class space:        1.00 GB reserved,       4.94 MB ( <1%) committed,  1 nodes.
             Both:        1.06 GB reserved,      40.44 MB (  4%) committed. 

Chunk freelists:
   Non-Class:  12.31 MB
       Class:  11.02 MB
        Both:  23.33 MB

MaxMetaspaceSize: unlimited
CompressedClassSpaceSize: 1.00 GB
Initial GC threshold: 21.00 MB
Current GC threshold: 67.44 MB
CDS: off
MetaspaceReclaimPolicy: balanced
 - commit_granule_bytes: 65536.
 - commit_granule_words: 8192.
 - virtual_space_node_default_size: 8388608.
 - enlarge_chunks_in_place: 1.
 - new_chunks_are_fully_committed: 0.
 - uncommit_free_chunks: 1.
 - use_allocation_guard: 0.
 - handle_deallocations: 1.


Internal statistics:

num_allocs_failed_limit: 3.
num_arena_births: 282.
num_arena_deaths: 0.
num_vsnodes_births: 2.
num_vsnodes_deaths: 0.
num_space_committed: 647.
num_space_uncommitted: 0.
num_chunks_returned_to_freelist: 3.
num_chunks_taken_from_freelist: 1218.
num_chunk_merges: 3.
num_chunk_splits: 853.
num_chunks_enlarged: 670.
num_inconsistent_stats: 0.

CodeHeap 'non-profiled nmethods': size=120000Kb used=4576Kb max_used=4576Kb free=115424Kb
 bounds [0x00000298a7080000, 0x00000298a7500000, 0x00000298ae5b0000]
CodeHeap 'profiled nmethods': size=120000Kb used=11259Kb max_used=11259Kb free=108740Kb
 bounds [0x000002989f5b0000, 0x00000298a00c0000, 0x00000298a6ae0000]
CodeHeap 'non-nmethods': size=5760Kb used=1635Kb max_used=1708Kb free=4124Kb
 bounds [0x00000298a6ae0000, 0x00000298a6d50000, 0x00000298a7080000]
 total_blobs=6980 nmethods=5913 adapters=976
 compilation: enabled
              stopped_count=0, restarted_count=0
 full_count=0

Compilation events (20 events):
Event: 578.794 Thread 0x00000298b572cce0 nmethod 6702 0x00000298a00b0510 code [0x00000298a00b06c0, 0x00000298a00b09a8]
Event: 578.794 Thread 0x00000298b572cce0 6703       3       javafx.scene.control.Control$1::doProcessCSS (8 bytes)
Event: 578.794 Thread 0x00000298b572cce0 nmethod 6703 0x00000298a00b0b10 code [0x00000298a00b0cc0, 0x00000298a00b0ee8]
Event: 578.822 Thread 0x00000298b5721ee0 nmethod 6701 0x00000298a74e9e10 code [0x00000298a74ea140, 0x00000298a74eb5d0]
Event: 579.037 Thread 0x00000298b572cce0 6704       3       com.sun.javafx.event.EventDispatchChainImpl::prepend (77 bytes)
Event: 579.038 Thread 0x00000298b572cce0 nmethod 6704 0x00000298a00b1010 code [0x00000298a00b11e0, 0x00000298a00b15b8]
Event: 579.064 Thread 0x00000298b5721ee0 6705       4       java.util.EnumMap::get (29 bytes)
Event: 579.065 Thread 0x00000298b5721ee0 nmethod 6705 0x00000298a74ec410 code [0x00000298a74ec5a0, 0x00000298a74ec6f8]
Event: 580.732 Thread 0x00000298b5721ee0 6706       4       sun.java2d.SunGraphics2D::drawImage (15 bytes)
Event: 580.748 Thread 0x00000298b5721ee0 nmethod 6706 0x00000298a74ec890 code [0x00000298a74ecac0, 0x00000298a74eda60]
Event: 580.748 Thread 0x00000298b5721ee0 6707   !   4       org.bytedeco.javacv.CanvasFrame$2::paint (175 bytes)
Event: 580.762 Thread 0x00000298b5721ee0 nmethod 6707 0x00000298a74ee610 code [0x00000298a74ee800, 0x00000298a74ef1c8]
Event: 580.762 Thread 0x00000298b5721ee0 6708   !   4       sun.java2d.SunGraphics2D::drawImage (202 bytes)
Event: 580.781 Thread 0x00000298b5721ee0 nmethod 6708 0x00000298a74ef690 code [0x00000298a74ef8c0, 0x00000298a74f0840]
Event: 580.781 Thread 0x00000298b5721ee0 6710       4       org.bytedeco.javacv.CanvasFrame::showImage (7 bytes)
Event: 580.797 Thread 0x00000298b5721ee0 nmethod 6710 0x00000298a74f1410 code [0x00000298a74f1640, 0x00000298a74f23a0]
Event: 580.797 Thread 0x00000298b5721ee0 6709   !   4       sun.java2d.SunGraphics2D::copyImage (107 bytes)
Event: 580.812 Thread 0x00000298b5721ee0 nmethod 6709 0x00000298a74f2b90 code [0x00000298a74f2dc0, 0x00000298a74f3b10]
Event: 581.121 Thread 0x00000298b5721ee0 6711       4       com.sun.javafx.sg.prism.NGNode::renderClip (473 bytes)
Event: 581.166 Thread 0x00000298b5721ee0 nmethod 6711 0x00000298a74f4490 code [0x00000298a74f48c0, 0x00000298a74f6c50]

GC Heap History (20 events):
Event: 579.060 GC heap before
{Heap before GC invocations=354 (full 0):
 garbage-first heap   total 202752K, used 91100K [0x0000000081c00000, 0x0000000100000000)
  region size 1024K, 3 young (3072K), 1 survivors (1024K)
 Metaspace       used 41134K, committed 41408K, reserved 1114112K
  class space    used 4929K, committed 5056K, reserved 1048576K
}
Event: 579.060 GC heap after
{Heap after GC invocations=355 (full 0):
 garbage-first heap   total 202752K, used 73680K [0x0000000081c00000, 0x0000000100000000)
  region size 1024K, 1 young (1024K), 1 survivors (1024K)
 Metaspace       used 41134K, committed 41408K, reserved 1114112K
  class space    used 4929K, committed 5056K, reserved 1048576K
}
Event: 579.299 GC heap before
{Heap before GC invocations=355 (full 0):
 garbage-first heap   total 202752K, used 91088K [0x0000000081c00000, 0x0000000100000000)
  region size 1024K, 3 young (3072K), 1 survivors (1024K)
 Metaspace       used 41134K, committed 41408K, reserved 1114112K
  class space    used 4929K, committed 5056K, reserved 1048576K
}
Event: 579.300 GC heap after
{Heap after GC invocations=356 (full 0):
 garbage-first heap   total 202752K, used 73673K [0x0000000081c00000, 0x0000000100000000)
  region size 1024K, 1 young (1024K), 1 survivors (1024K)
 Metaspace       used 41134K, committed 41408K, reserved 1114112K
  class space    used 4929K, committed 5056K, reserved 1048576K
}
Event: 579.541 GC heap before
{Heap before GC invocations=357 (full 0):
 garbage-first heap   total 202752K, used 91081K [0x0000000081c00000, 0x0000000100000000)
  region size 1024K, 3 young (3072K), 1 survivors (1024K)
 Metaspace       used 41134K, committed 41408K, reserved 1114112K
  class space    used 4929K, committed 5056K, reserved 1048576K
}
Event: 579.542 GC heap after
{Heap after GC invocations=358 (full 0):
 garbage-first heap   total 202752K, used 73672K [0x0000000081c00000, 0x0000000100000000)
  region size 1024K, 1 young (1024K), 1 survivors (1024K)
 Metaspace       used 41134K, committed 41408K, reserved 1114112K
  class space    used 4929K, committed 5056K, reserved 1048576K
}
Event: 579.785 GC heap before
{Heap before GC invocations=358 (full 0):
 garbage-first heap   total 202752K, used 91080K [0x0000000081c00000, 0x0000000100000000)
  region size 1024K, 3 young (3072K), 1 survivors (1024K)
 Metaspace       used 41134K, committed 41408K, reserved 1114112K
  class space    used 4929K, committed 5056K, reserved 1048576K
}
Event: 579.786 GC heap after
{Heap after GC invocations=359 (full 0):
 garbage-first heap   total 202752K, used 73691K [0x0000000081c00000, 0x0000000100000000)
  region size 1024K, 1 young (1024K), 1 survivors (1024K)
 Metaspace       used 41134K, committed 41408K, reserved 1114112K
  class space    used 4929K, committed 5056K, reserved 1048576K
}
Event: 580.017 GC heap before
{Heap before GC invocations=359 (full 0):
 garbage-first heap   total 202752K, used 91099K [0x0000000081c00000, 0x0000000100000000)
  region size 1024K, 3 young (3072K), 1 survivors (1024K)
 Metaspace       used 41134K, committed 41408K, reserved 1114112K
  class space    used 4929K, committed 5056K, reserved 1048576K
}
Event: 580.018 GC heap after
{Heap after GC invocations=360 (full 0):
 garbage-first heap   total 202752K, used 73703K [0x0000000081c00000, 0x0000000100000000)
  region size 1024K, 1 young (1024K), 1 survivors (1024K)
 Metaspace       used 41134K, committed 41408K, reserved 1114112K
  class space    used 4929K, committed 5056K, reserved 1048576K
}
Event: 580.270 GC heap before
{Heap before GC invocations=361 (full 0):
 garbage-first heap   total 202752K, used 91111K [0x0000000081c00000, 0x0000000100000000)
  region size 1024K, 3 young (3072K), 1 survivors (1024K)
 Metaspace       used 41134K, committed 41408K, reserved 1114112K
  class space    used 4929K, committed 5056K, reserved 1048576K
}
Event: 580.271 GC heap after
{Heap after GC invocations=362 (full 0):
 garbage-first heap   total 202752K, used 73698K [0x0000000081c00000, 0x0000000100000000)
  region size 1024K, 1 young (1024K), 1 survivors (1024K)
 Metaspace       used 41134K, committed 41408K, reserved 1114112K
  class space    used 4929K, committed 5056K, reserved 1048576K
}
Event: 580.496 GC heap before
{Heap before GC invocations=362 (full 0):
 garbage-first heap   total 202752K, used 91106K [0x0000000081c00000, 0x0000000100000000)
  region size 1024K, 3 young (3072K), 1 survivors (1024K)
 Metaspace       used 41134K, committed 41408K, reserved 1114112K
  class space    used 4929K, committed 5056K, reserved 1048576K
}
Event: 580.497 GC heap after
{Heap after GC invocations=363 (full 0):
 garbage-first heap   total 202752K, used 73707K [0x0000000081c00000, 0x0000000100000000)
  region size 1024K, 1 young (1024K), 1 survivors (1024K)
 Metaspace       used 41134K, committed 41408K, reserved 1114112K
  class space    used 4929K, committed 5056K, reserved 1048576K
}
Event: 580.749 GC heap before
{Heap before GC invocations=364 (full 0):
 garbage-first heap   total 202752K, used 91115K [0x0000000081c00000, 0x0000000100000000)
  region size 1024K, 3 young (3072K), 1 survivors (1024K)
 Metaspace       used 41134K, committed 41408K, reserved 1114112K
  class space    used 4929K, committed 5056K, reserved 1048576K
}
Event: 580.750 GC heap after
{Heap after GC invocations=365 (full 0):
 garbage-first heap   total 202752K, used 73708K [0x0000000081c00000, 0x0000000100000000)
  region size 1024K, 1 young (1024K), 1 survivors (1024K)
 Metaspace       used 41134K, committed 41408K, reserved 1114112K
  class space    used 4929K, committed 5056K, reserved 1048576K
}
Event: 580.986 GC heap before
{Heap before GC invocations=365 (full 0):
 garbage-first heap   total 202752K, used 91116K [0x0000000081c00000, 0x0000000100000000)
  region size 1024K, 3 young (3072K), 1 survivors (1024K)
 Metaspace       used 41134K, committed 41408K, reserved 1114112K
  class space    used 4929K, committed 5056K, reserved 1048576K
}
Event: 580.986 GC heap after
{Heap after GC invocations=366 (full 0):
 garbage-first heap   total 202752K, used 73697K [0x0000000081c00000, 0x0000000100000000)
  region size 1024K, 1 young (1024K), 1 survivors (1024K)
 Metaspace       used 41134K, committed 41408K, reserved 1114112K
  class space    used 4929K, committed 5056K, reserved 1048576K
}
Event: 581.217 GC heap before
{Heap before GC invocations=366 (full 0):
 garbage-first heap   total 202752K, used 91105K [0x0000000081c00000, 0x0000000100000000)
  region size 1024K, 3 young (3072K), 1 survivors (1024K)
 Metaspace       used 41134K, committed 41408K, reserved 1114112K
  class space    used 4929K, committed 5056K, reserved 1048576K
}
Event: 581.218 GC heap after
{Heap after GC invocations=367 (full 0):
 garbage-first heap   total 202752K, used 73695K [0x0000000081c00000, 0x0000000100000000)
  region size 1024K, 1 young (1024K), 1 survivors (1024K)
 Metaspace       used 41134K, committed 41408K, reserved 1114112K
  class space    used 4929K, committed 5056K, reserved 1048576K
}

Dll operation events (20 events):
Event: 515.509 Loaded shared library C:\Users\iceman44\.javacpp\cache\opencv-3.2.0-1.3-windows-x86_64.jar\org\bytedeco\javacpp\windows-x86_64\opencv_highgui320.dll
Event: 515.514 Loaded shared library C:\Users\iceman44\.javacpp\cache\opencv-3.2.0-1.3-windows-x86_64.jar\org\bytedeco\javacpp\windows-x86_64\jniopencv_highgui.dll
Event: 515.535 Loaded shared library C:\Users\iceman44\.javacpp\cache\opencv-3.2.0-1.3-windows-x86_64.jar\org\bytedeco\javacpp\windows-x86_64\opencv_ml320.dll
Event: 515.540 Loaded shared library C:\Users\iceman44\.javacpp\cache\opencv-3.2.0-1.3-windows-x86_64.jar\org\bytedeco\javacpp\windows-x86_64\jniopencv_ml.dll
Event: 515.589 Loaded shared library C:\Users\iceman44\.javacpp\cache\opencv-3.2.0-1.3-windows-x86_64.jar\org\bytedeco\javacpp\windows-x86_64\opencv_objdetect320.dll
Event: 515.594 Loaded shared library C:\Users\iceman44\.javacpp\cache\opencv-3.2.0-1.3-windows-x86_64.jar\org\bytedeco\javacpp\windows-x86_64\jniopencv_objdetect.dll
Event: 515.637 Loaded shared library C:\Users\iceman44\.javacpp\cache\opencv-3.2.0-1.3-windows-x86_64.jar\org\bytedeco\javacpp\windows-x86_64\opencv_face320.dll
Event: 515.642 Loaded shared library C:\Users\iceman44\.javacpp\cache\opencv-3.2.0-1.3-windows-x86_64.jar\org\bytedeco\javacpp\windows-x86_64\jniopencv_face.dll
Event: 516.728 Loaded shared library C:\Users\iceman44\Desktop\eclipse\plugins\org.eclipse.justj.openjdk.hotspot.jre.full.win32.x86_64_17.0.7.v20230425-1502\jre\bin\verify.dll
Event: 538.413 Loaded shared library C:\Users\iceman44\Desktop\eclipse\plugins\org.eclipse.justj.openjdk.hotspot.jre.full.win32.x86_64_17.0.7.v20230425-1502\jre\bin\freetype.dll
Event: 538.414 Loaded shared library C:\Users\iceman44\Desktop\eclipse\plugins\org.eclipse.justj.openjdk.hotspot.jre.full.win32.x86_64_17.0.7.v20230425-1502\jre\bin\fontmanager.dll
Event: 569.285 Loading shared library C:\Users\iceman44\.javacpp\cache\libdc1394-2.2.4-1.3-windows-x86_64.jar\org\bytedeco\javacpp\windows-x86_64\libdc1394-22.dll failed, error code 126
Event: 569.358 Loading shared library C:\Users\iceman44\.javacpp\cache\libdc1394-2.2.4-1.3-windows-x86_64.jar\org\bytedeco\javacpp\windows-x86_64\jnidc1394.dll failed, error code 126
Event: 569.437 Loading shared library C:\Users\iceman44\.javacpp\cache\flycapture-2.9.3.43-1.3-windows-x86_64.jar\org\bytedeco\javacpp\windows-x86_64\jniPGRFlyCapture.dll failed, error code 126
Event: 569.489 Loading shared library C:\Users\iceman44\.javacpp\cache\flycapture-2.9.3.43-1.3-windows-x86_64.jar\org\bytedeco\javacpp\windows-x86_64\jniFlyCapture2.dll failed, error code 126
Event: 569.575 Loaded shared library C:\Users\iceman44\.javacpp\cache\libfreenect-0.5.3-1.3-windows-x86_64.jar\org\bytedeco\javacpp\windows-x86_64\libusb0.dll
Event: 569.638 Loaded shared library C:\Users\iceman44\.javacpp\cache\libfreenect-0.5.3-1.3-windows-x86_64.jar\org\bytedeco\javacpp\windows-x86_64\freenect.dll
Event: 569.687 Loaded shared library C:\Users\iceman44\.javacpp\cache\libfreenect-0.5.3-1.3-windows-x86_64.jar\org\bytedeco\javacpp\windows-x86_64\pthreadVC2.dll
Event: 569.718 Loaded shared library C:\Users\iceman44\.javacpp\cache\libfreenect-0.5.3-1.3-windows-x86_64.jar\org\bytedeco\javacpp\windows-x86_64\jnifreenect.dll
Event: 569.847 Loaded shared library C:\Users\iceman44\.javacpp\cache\videoinput-0.200-1.3-windows-x86_64.jar\org\bytedeco\javacpp\windows-x86_64\jnivideoInputLib.dll

Deoptimization events (20 events):
Event: 577.911 Thread 0x00000298c2cb4750 Uncommon trap: trap_request=0xffffff45 fr.pc=0x00000298a73b78b8 relative=0x0000000000000038
Event: 577.911 Thread 0x00000298c2cb4750 Uncommon trap: reason=unstable_if action=reinterpret pc=0x00000298a73b78b8 method=org.bytedeco.javacv.OpenCVFrameConverter.getFrameDepth(I)I @ 1 c2
Event: 577.911 Thread 0x00000298c2cb4750 DEOPT PACKING pc=0x00000298a73b78b8 sp=0x000000e1d65fee90
Event: 577.911 Thread 0x00000298c2cb4750 DEOPT UNPACKING pc=0x00000298a6b369a3 sp=0x000000e1d65fee18 mode 2
Event: 577.911 Thread 0x00000298c2cb4750 Uncommon trap: trap_request=0xffffffde fr.pc=0x00000298a7468914 relative=0x00000000000001b4
Event: 577.911 Thread 0x00000298c2cb4750 Uncommon trap: reason=class_check action=maybe_recompile pc=0x00000298a7468914 method=org.bytedeco.javacpp.helper.opencv_core$AbstractArray.createBuffer(I)Ljava/nio/Buffer; @ 1 c2
Event: 577.911 Thread 0x00000298c2cb4750 DEOPT PACKING pc=0x00000298a7468914 sp=0x000000e1d65fee80
Event: 577.911 Thread 0x00000298c2cb4750 DEOPT UNPACKING pc=0x00000298a6b369a3 sp=0x000000e1d65fee00 mode 2
Event: 577.911 Thread 0x00000298c2cb4750 Uncommon trap: trap_request=0xffffff45 fr.pc=0x00000298a73d6ff0 relative=0x00000000000000f0
Event: 577.911 Thread 0x00000298c2cb4750 Uncommon trap: reason=unstable_if action=reinterpret pc=0x00000298a73d6ff0 method=org.bytedeco.javacpp.Pointer.<init>(Lorg/bytedeco/javacpp/Pointer;)V @ 69 c2
Event: 577.911 Thread 0x00000298c2cb4750 DEOPT PACKING pc=0x00000298a73d6ff0 sp=0x000000e1d65fef70
Event: 577.911 Thread 0x00000298c2cb4750 DEOPT UNPACKING pc=0x00000298a6b369a3 sp=0x000000e1d65fef20 mode 2
Event: 578.154 Thread 0x00000298bb764340 Uncommon trap: trap_request=0xffffffc6 fr.pc=0x00000298a73b8910 relative=0x0000000000000150
Event: 578.154 Thread 0x00000298bb764340 Uncommon trap: reason=bimorphic_or_optimized_type_check action=maybe_recompile pc=0x00000298a73b8910 method=org.bytedeco.javacpp.Pointer$DeallocatorReference.clear()V @ 49 c2
Event: 578.154 Thread 0x00000298bb764340 DEOPT PACKING pc=0x00000298a73b8910 sp=0x000000e1d6cff340
Event: 578.155 Thread 0x00000298bb764340 DEOPT UNPACKING pc=0x00000298a6b369a3 sp=0x000000e1d6cff300 mode 2
Event: 579.026 Thread 0x00000298ba3f8b00 Uncommon trap: trap_request=0xffffff45 fr.pc=0x00000298a7150070 relative=0x0000000000000730
Event: 579.026 Thread 0x00000298ba3f8b00 Uncommon trap: reason=unstable_if action=reinterpret pc=0x00000298a7150070 method=com.sun.javafx.event.EventDispatchChainImpl.ensureCapacity(I)V @ 28 c2
Event: 579.026 Thread 0x00000298ba3f8b00 DEOPT PACKING pc=0x00000298a7150070 sp=0x000000e1d63fdeb0
Event: 579.026 Thread 0x00000298ba3f8b00 DEOPT UNPACKING pc=0x00000298a6b369a3 sp=0x000000e1d63fddf8 mode 2

Classes unloaded (0 events):
No events

Classes redefined (0 events):
No events

Internal exceptions (20 events):
Event: 569.100 Thread 0x00000298ba725600 Implicit null exception at 0x00000298a73cc3d6 to 0x00000298a73cc77c
Event: 569.285 Thread 0x00000298c2cb4750 Exception <a 'java/lang/UnsatisfiedLinkError'{0x000000008ded7618}> (0x000000008ded7618) 
thrown [s\src\hotspot\share\prims\jvm.cpp, line 3384]
Event: 569.285 Thread 0x00000298c2cb4750 Exception <a 'java/lang/UnsatisfiedLinkError'{0x000000008ded7618}> (0x000000008ded7618) 
thrown [s\src\hotspot\share\prims\jni.cpp, line 516]
Event: 569.358 Thread 0x00000298c2cb4750 Exception <a 'java/lang/UnsatisfiedLinkError'{0x000000008dda8600}> (0x000000008dda8600) 
thrown [s\src\hotspot\share\prims\jvm.cpp, line 3384]
Event: 569.358 Thread 0x00000298c2cb4750 Exception <a 'java/lang/UnsatisfiedLinkError'{0x000000008dda8600}> (0x000000008dda8600) 
thrown [s\src\hotspot\share\prims\jni.cpp, line 516]
Event: 569.359 Thread 0x00000298c2cb4750 Exception <a 'java/lang/UnsatisfiedLinkError'{0x000000008dda8d90}> (0x000000008dda8d90) 
thrown [s\src\hotspot\share\oops\instanceKlass.cpp, line 1218]
Event: 569.359 Thread 0x00000298c2cb4750 Exception <a 'java/lang/reflect/InvocationTargetException'{0x000000008ddaa2a0}> (0x000000008ddaa2a0) 
thrown [s\src\hotspot\share\runtime\reflection.cpp, line 1121]
Event: 569.437 Thread 0x00000298c2cb4750 Exception <a 'java/lang/UnsatisfiedLinkError'{0x000000008dccecf8}> (0x000000008dccecf8) 
thrown [s\src\hotspot\share\prims\jvm.cpp, line 3384]
Event: 569.437 Thread 0x00000298c2cb4750 Exception <a 'java/lang/UnsatisfiedLinkError'{0x000000008dccecf8}> (0x000000008dccecf8) 
thrown [s\src\hotspot\share\prims\jni.cpp, line 516]
Event: 569.437 Thread 0x00000298c2cb4750 Exception <a 'java/lang/UnsatisfiedLinkError'{0x000000008dccf4d0}> (0x000000008dccf4d0) 
thrown [s\src\hotspot\share\oops\instanceKlass.cpp, line 1218]
Event: 569.438 Thread 0x00000298c2cb4750 Exception <a 'java/lang/reflect/InvocationTargetException'{0x000000008dcd06c0}> (0x000000008dcd06c0) 
thrown [s\src\hotspot\share\runtime\reflection.cpp, line 1121]
Event: 569.489 Thread 0x00000298c2cb4750 Exception <a 'java/lang/UnsatisfiedLinkError'{0x000000008da791d8}> (0x000000008da791d8) 
thrown [s\src\hotspot\share\prims\jvm.cpp, line 3384]
Event: 569.489 Thread 0x00000298c2cb4750 Exception <a 'java/lang/UnsatisfiedLinkError'{0x000000008da791d8}> (0x000000008da791d8) 
thrown [s\src\hotspot\share\prims\jni.cpp, line 516]
Event: 569.490 Thread 0x00000298c2cb4750 Exception <a 'java/lang/UnsatisfiedLinkError'{0x000000008da799a0}> (0x000000008da799a0) 
thrown [s\src\hotspot\share\oops\instanceKlass.cpp, line 1218]
Event: 569.490 Thread 0x00000298c2cb4750 Exception <a 'java/lang/reflect/InvocationTargetException'{0x000000008da7ab98}> (0x000000008da7ab98) 
thrown [s\src\hotspot\share\runtime\reflection.cpp, line 1121]
Event: 569.762 Thread 0x00000298c2cb4750 Exception <a 'java/lang/reflect/InvocationTargetException'{0x000000008d7be818}> (0x000000008d7be818) 
thrown [s\src\hotspot\share\runtime\reflection.cpp, line 1121]
Event: 569.767 Thread 0x00000298c2cb4750 Exception <a 'java/lang/reflect/InvocationTargetException'{0x000000008d610dc8}> (0x000000008d610dc8) 
thrown [s\src\hotspot\share\runtime\reflection.cpp, line 1121]
Event: 569.769 Thread 0x00000298c2cb4750 Exception <a 'java/lang/NoClassDefFoundError'{0x000000008d624d98}: cl/eye/CLCamera> (0x000000008d624d98) 
thrown [s\src\hotspot\share\classfile\systemDictionary.cpp, line 245]
Event: 570.478 Thread 0x00000298c2cb4750 Implicit null exception at 0x00000298a746f08f to 0x00000298a746f258
Event: 570.486 Thread 0x00000298c2cb4750 Implicit null exception at 0x00000298a748fb60 to 0x00000298a7492984

VM Operations (20 events):
Event: 580.063 Executing VM operation: G1Concurrent
Event: 580.063 Executing VM operation: G1Concurrent done
Event: 580.270 Executing VM operation: G1TryInitiateConcMark
Event: 580.271 Executing VM operation: G1TryInitiateConcMark done
Event: 580.496 Executing VM operation: G1TryInitiateConcMark
Event: 580.496 Executing VM operation: G1TryInitiateConcMark done
Event: 580.496 Executing VM operation: G1CollectForAllocation
Event: 580.497 Executing VM operation: G1CollectForAllocation done
Event: 580.528 Executing VM operation: G1Concurrent
Event: 580.530 Executing VM operation: G1Concurrent done
Event: 580.542 Executing VM operation: G1Concurrent
Event: 580.542 Executing VM operation: G1Concurrent done
Event: 580.749 Executing VM operation: G1TryInitiateConcMark
Event: 580.750 Executing VM operation: G1TryInitiateConcMark done
Event: 580.986 Executing VM operation: G1TryInitiateConcMark
Event: 580.986 Executing VM operation: G1TryInitiateConcMark done
Event: 581.216 Executing VM operation: G1TryInitiateConcMark
Event: 581.216 Executing VM operation: G1TryInitiateConcMark done
Event: 581.217 Executing VM operation: G1CollectForAllocation
Event: 581.218 Executing VM operation: G1CollectForAllocation done

Events (20 events):
Event: 538.567 loading class sun/font/StrikeCache$SoftDisposerRef done
Event: 538.742 loading class jdk/internal/access/foreign/MemorySegmentProxy
Event: 538.742 loading class jdk/internal/access/foreign/MemorySegmentProxy done
Event: 566.399 Thread 0x00000298b5793d30 flushing nmethod 0x000002989ff58d10
Event: 569.087 Thread 0x00000298c2cb4750 Thread added: 0x00000298c2cb4750
Event: 569.114 loading class sun/nio/ch/FileLockImpl
Event: 569.114 loading class java/nio/channels/FileLock
Event: 569.114 loading class java/nio/channels/FileLock done
Event: 569.114 loading class sun/nio/ch/FileLockImpl done
Event: 569.114 loading class sun/nio/ch/FileLockTable
Event: 569.115 loading class sun/nio/ch/FileLockTable done
Event: 569.115 loading class sun/nio/ch/FileKey
Event: 569.115 loading class sun/nio/ch/FileKey done
Event: 569.115 loading class sun/nio/ch/FileLockTable$FileLockReference
Event: 569.115 loading class sun/nio/ch/FileLockTable$FileLockReference done
Event: 569.359 loading class java/lang/ExceptionInInitializerError
Event: 569.359 loading class java/lang/ExceptionInInitializerError done
Event: 569.788 Thread 0x00000298c0891ce0 Thread exited: 0x00000298c0891ce0
Event: 576.683 Thread 0x00000298c2cb4750 Thread exited: 0x00000298c2cb4750
Event: 576.932 Thread 0x00000298c2cb4750 Thread added: 0x00000298c2cb4750


Dynamic libraries:
0x00007ff7b0430000 - 0x00007ff7b043e000 	C:\Users\iceman44\Desktop\eclipse\plugins\org.eclipse.justj.openjdk.hotspot.jre.full.win32.x86_64_17.0.7.v20230425-1502\jre\bin\javaw.exe
0x00007ffc1cb30000 - 0x00007ffc1cd28000 	C:\Windows\SYSTEM32\ntdll.dll
0x00007ffc1b6e0000 - 0x00007ffc1b79f000 	C:\Windows\System32\KERNEL32.DLL
0x00007ffc1a540000 - 0x00007ffc1a836000 	C:\Windows\System32\KERNELBASE.dll
0x00007ffc1a9f0000 - 0x00007ffc1aaf0000 	C:\Windows\System32\ucrtbase.dll
0x00007ffbd6370000 - 0x00007ffbd6387000 	C:\Users\iceman44\Desktop\eclipse\plugins\org.eclipse.justj.openjdk.hotspot.jre.full.win32.x86_64_17.0.7.v20230425-1502\jre\bin\jli.dll
0x00007ffc1ad50000 - 0x00007ffc1aeed000 	C:\Windows\System32\USER32.dll
0x00007ffc1a210000 - 0x00007ffc1a232000 	C:\Windows\System32\win32u.dll
0x00007ffc1aef0000 - 0x00007ffc1af1c000 	C:\Windows\System32\GDI32.dll
0x00007ffc1a240000 - 0x00007ffc1a355000 	C:\Windows\System32\gdi32full.dll
0x00007ffc1aaf0000 - 0x00007ffc1ab8d000 	C:\Windows\System32\msvcp_win.dll
0x00007ffbd5d50000 - 0x00007ffbd5d69000 	C:\Users\iceman44\Desktop\eclipse\plugins\org.eclipse.justj.openjdk.hotspot.jre.full.win32.x86_64_17.0.7.v20230425-1502\jre\bin\VCRUNTIME140.dll
0x00007ffc038a0000 - 0x00007ffc03b3a000 	C:\Windows\WinSxS\amd64_microsoft.windows.common-controls_6595b64144ccf1df_6.0.19041.1110_none_60b5254171f9507e\COMCTL32.dll
0x00007ffc1b850000 - 0x00007ffc1b8ee000 	C:\Windows\System32\msvcrt.dll
0x00007ffc1ac90000 - 0x00007ffc1acc0000 	C:\Windows\System32\IMM32.DLL
0x00007ffbf6f60000 - 0x00007ffbf6f6c000 	C:\Users\iceman44\Desktop\eclipse\plugins\org.eclipse.justj.openjdk.hotspot.jre.full.win32.x86_64_17.0.7.v20230425-1502\jre\bin\vcruntime140_1.dll
0x00007ffbd5b80000 - 0x00007ffbd5c11000 	C:\Users\iceman44\Desktop\eclipse\plugins\org.eclipse.justj.openjdk.hotspot.jre.full.win32.x86_64_17.0.7.v20230425-1502\jre\bin\msvcp140.dll
0x00007ffbd4510000 - 0x00007ffbd5158000 	C:\Users\iceman44\Desktop\eclipse\plugins\org.eclipse.justj.openjdk.hotspot.jre.full.win32.x86_64_17.0.7.v20230425-1502\jre\bin\server\jvm.dll
0x00007ffc1b630000 - 0x00007ffc1b6df000 	C:\Windows\System32\ADVAPI32.dll
0x00007ffc1c900000 - 0x00007ffc1c99c000 	C:\Windows\System32\sechost.dll
0x00007ffc1c9a0000 - 0x00007ffc1cac6000 	C:\Windows\System32\RPCRT4.dll
0x00007ffc11d30000 - 0x00007ffc11d39000 	C:\Windows\SYSTEM32\WSOCK32.dll
0x00007ffc1c890000 - 0x00007ffc1c8fb000 	C:\Windows\System32\WS2_32.dll
0x00007ffc0cbd0000 - 0x00007ffc0cbf7000 	C:\Windows\SYSTEM32\WINMM.dll
0x00007ffc0f0a0000 - 0x00007ffc0f0aa000 	C:\Windows\SYSTEM32\VERSION.dll
0x00007ffc18aa0000 - 0x00007ffc18ab2000 	C:\Windows\SYSTEM32\kernel.appcore.dll
0x00007ffc11d20000 - 0x00007ffc11d2a000 	C:\Users\iceman44\Desktop\eclipse\plugins\org.eclipse.justj.openjdk.hotspot.jre.full.win32.x86_64_17.0.7.v20230425-1502\jre\bin\jimage.dll
0x00007ffc15040000 - 0x00007ffc15224000 	C:\Windows\SYSTEM32\DBGHELP.DLL
0x00007ffc06070000 - 0x00007ffc060a4000 	C:\Windows\SYSTEM32\dbgcore.DLL
0x00007ffc1a440000 - 0x00007ffc1a4c2000 	C:\Windows\System32\bcryptPrimitives.dll
0x00007ffbf0b20000 - 0x00007ffbf0b45000 	C:\Users\iceman44\Desktop\eclipse\plugins\org.eclipse.justj.openjdk.hotspot.jre.full.win32.x86_64_17.0.7.v20230425-1502\jre\bin\java.dll
0x00007ffbf7f90000 - 0x00007ffbf7fa8000 	C:\Users\iceman44\Desktop\eclipse\plugins\org.eclipse.justj.openjdk.hotspot.jre.full.win32.x86_64_17.0.7.v20230425-1502\jre\bin\zip.dll
0x00007ffc1bb40000 - 0x00007ffc1c284000 	C:\Windows\System32\SHELL32.dll
0x00007ffc15230000 - 0x00007ffc159c4000 	C:\Windows\SYSTEM32\windows.storage.dll
0x00007ffc1b000000 - 0x00007ffc1b354000 	C:\Windows\System32\combase.dll
0x00007ffc19c50000 - 0x00007ffc19c7e000 	C:\Windows\SYSTEM32\Wldp.dll
0x00007ffc1b7a0000 - 0x00007ffc1b84d000 	C:\Windows\System32\SHCORE.dll
0x00007ffc1ba10000 - 0x00007ffc1ba65000 	C:\Windows\System32\shlwapi.dll
0x00007ffc1a140000 - 0x00007ffc1a165000 	C:\Windows\SYSTEM32\profapi.dll
0x00007ffbeef30000 - 0x00007ffbeef49000 	C:\Users\iceman44\Desktop\eclipse\plugins\org.eclipse.justj.openjdk.hotspot.jre.full.win32.x86_64_17.0.7.v20230425-1502\jre\bin\net.dll
0x00007ffc0e290000 - 0x00007ffc0e39a000 	C:\Windows\SYSTEM32\WINHTTP.dll
0x00007ffc199b0000 - 0x00007ffc19a1a000 	C:\Windows\system32\mswsock.dll
0x00007ffbe57e0000 - 0x00007ffbe57f5000 	C:\Users\iceman44\Desktop\eclipse\plugins\org.eclipse.justj.openjdk.hotspot.jre.full.win32.x86_64_17.0.7.v20230425-1502\jre\bin\nio.dll
0x000002989be60000 - 0x000002989be63000 	C:\Users\iceman44\Desktop\javafx-sdk-20.0.2\bin\api-ms-win-core-console-l1-1-0.dll
0x000002989be70000 - 0x000002989be73000 	C:\Users\iceman44\Desktop\javafx-sdk-20.0.2\bin\api-ms-win-core-console-l1-2-0.dll
0x000002989be80000 - 0x000002989be83000 	C:\Users\iceman44\Desktop\javafx-sdk-20.0.2\bin\api-ms-win-core-datetime-l1-1-0.dll
0x000002989be90000 - 0x000002989be93000 	C:\Users\iceman44\Desktop\javafx-sdk-20.0.2\bin\api-ms-win-core-debug-l1-1-0.dll
0x000002989bea0000 - 0x000002989bea3000 	C:\Users\iceman44\Desktop\javafx-sdk-20.0.2\bin\api-ms-win-core-errorhandling-l1-1-0.dll
0x000002989beb0000 - 0x000002989beb4000 	C:\Users\iceman44\Desktop\javafx-sdk-20.0.2\bin\api-ms-win-core-file-l1-1-0.dll
0x00000298b5b00000 - 0x00000298b5b03000 	C:\Users\iceman44\Desktop\javafx-sdk-20.0.2\bin\api-ms-win-core-file-l1-2-0.dll
0x00000298b5b10000 - 0x00000298b5b13000 	C:\Users\iceman44\Desktop\javafx-sdk-20.0.2\bin\api-ms-win-core-file-l2-1-0.dll
0x00000298b5b20000 - 0x00000298b5b23000 	C:\Users\iceman44\Desktop\javafx-sdk-20.0.2\bin\api-ms-win-core-handle-l1-1-0.dll
0x00000298b5b30000 - 0x00000298b5b33000 	C:\Users\iceman44\Desktop\javafx-sdk-20.0.2\bin\api-ms-win-core-heap-l1-1-0.dll
0x00000298b5b40000 - 0x00000298b5b43000 	C:\Users\iceman44\Desktop\javafx-sdk-20.0.2\bin\api-ms-win-core-interlocked-l1-1-0.dll
0x00000298b5b50000 - 0x00000298b5b53000 	C:\Users\iceman44\Desktop\javafx-sdk-20.0.2\bin\api-ms-win-core-libraryloader-l1-1-0.dll
0x00000298b5b60000 - 0x00000298b5b63000 	C:\Users\iceman44\Desktop\javafx-sdk-20.0.2\bin\api-ms-win-core-localization-l1-2-0.dll
0x00000298b5ca0000 - 0x00000298b5ca3000 	C:\Users\iceman44\Desktop\javafx-sdk-20.0.2\bin\api-ms-win-core-memory-l1-1-0.dll
0x00000298b5b70000 - 0x00000298b5b73000 	C:\Users\iceman44\Desktop\javafx-sdk-20.0.2\bin\api-ms-win-core-namedpipe-l1-1-0.dll
0x00000298b5b80000 - 0x00000298b5b83000 	C:\Users\iceman44\Desktop\javafx-sdk-20.0.2\bin\api-ms-win-core-processenvironment-l1-1-0.dll
0x00000298b5b90000 - 0x00000298b5b93000 	C:\Users\iceman44\Desktop\javafx-sdk-20.0.2\bin\api-ms-win-core-processthreads-l1-1-0.dll
0x00000298b5ba0000 - 0x00000298b5ba3000 	C:\Users\iceman44\Desktop\javafx-sdk-20.0.2\bin\api-ms-win-core-processthreads-l1-1-1.dll
0x00000298b5bb0000 - 0x00000298b5bb3000 	C:\Users\iceman44\Desktop\javafx-sdk-20.0.2\bin\api-ms-win-core-profile-l1-1-0.dll
0x00000298b5bc0000 - 0x00000298b5bc3000 	C:\Users\iceman44\Desktop\javafx-sdk-20.0.2\bin\api-ms-win-core-rtlsupport-l1-1-0.dll
0x00000298b5bd0000 - 0x00000298b5bd3000 	C:\Users\iceman44\Desktop\javafx-sdk-20.0.2\bin\api-ms-win-core-string-l1-1-0.dll
0x00000298b5be0000 - 0x00000298b5be3000 	C:\Users\iceman44\Desktop\javafx-sdk-20.0.2\bin\api-ms-win-core-synch-l1-1-0.dll
0x00000298b5bf0000 - 0x00000298b5bf3000 	C:\Users\iceman44\Desktop\javafx-sdk-20.0.2\bin\api-ms-win-core-synch-l1-2-0.dll
0x00000298b5c00000 - 0x00000298b5c03000 	C:\Users\iceman44\Desktop\javafx-sdk-20.0.2\bin\api-ms-win-core-sysinfo-l1-1-0.dll
0x00000298b5c10000 - 0x00000298b5c13000 	C:\Users\iceman44\Desktop\javafx-sdk-20.0.2\bin\api-ms-win-core-timezone-l1-1-0.dll
0x00000298b5c20000 - 0x00000298b5c23000 	C:\Users\iceman44\Desktop\javafx-sdk-20.0.2\bin\api-ms-win-core-util-l1-1-0.dll
0x00000298b5c30000 - 0x00000298b5c33000 	C:\Users\iceman44\Desktop\javafx-sdk-20.0.2\bin\api-ms-win-crt-conio-l1-1-0.dll
0x00000298b5c40000 - 0x00000298b5c44000 	C:\Users\iceman44\Desktop\javafx-sdk-20.0.2\bin\api-ms-win-crt-convert-l1-1-0.dll
0x00000298b5c50000 - 0x00000298b5c53000 	C:\Users\iceman44\Desktop\javafx-sdk-20.0.2\bin\api-ms-win-crt-environment-l1-1-0.dll
0x00000298b5c60000 - 0x00000298b5c63000 	C:\Users\iceman44\Desktop\javafx-sdk-20.0.2\bin\api-ms-win-crt-filesystem-l1-1-0.dll
0x00000298b5c70000 - 0x00000298b5c73000 	C:\Users\iceman44\Desktop\javafx-sdk-20.0.2\bin\api-ms-win-crt-heap-l1-1-0.dll
0x00000298b5c80000 - 0x00000298b5c83000 	C:\Users\iceman44\Desktop\javafx-sdk-20.0.2\bin\api-ms-win-crt-locale-l1-1-0.dll
0x00000298b5c90000 - 0x00000298b5c95000 	C:\Users\iceman44\Desktop\javafx-sdk-20.0.2\bin\api-ms-win-crt-math-l1-1-0.dll
0x00000298b5cb0000 - 0x00000298b5cb5000 	C:\Users\iceman44\Desktop\javafx-sdk-20.0.2\bin\api-ms-win-crt-multibyte-l1-1-0.dll
0x00000298b5e00000 - 0x00000298b5e10000 	C:\Users\iceman44\Desktop\javafx-sdk-20.0.2\bin\api-ms-win-crt-private-l1-1-0.dll
0x00000298b5cc0000 - 0x00000298b5cc3000 	C:\Users\iceman44\Desktop\javafx-sdk-20.0.2\bin\api-ms-win-crt-process-l1-1-0.dll
0x00000298b5cd0000 - 0x00000298b5cd4000 	C:\Users\iceman44\Desktop\javafx-sdk-20.0.2\bin\api-ms-win-crt-runtime-l1-1-0.dll
0x00000298b5ce0000 - 0x00000298b5ce4000 	C:\Users\iceman44\Desktop\javafx-sdk-20.0.2\bin\api-ms-win-crt-stdio-l1-1-0.dll
0x00000298b5cf0000 - 0x00000298b5cf4000 	C:\Users\iceman44\Desktop\javafx-sdk-20.0.2\bin\api-ms-win-crt-string-l1-1-0.dll
0x00000298b5d00000 - 0x00000298b5d03000 	C:\Users\iceman44\Desktop\javafx-sdk-20.0.2\bin\api-ms-win-crt-time-l1-1-0.dll
0x00000298b5d10000 - 0x00000298b5d13000 	C:\Users\iceman44\Desktop\javafx-sdk-20.0.2\bin\api-ms-win-crt-utility-l1-1-0.dll
0x00007ffbea9b0000 - 0x00007ffbeaaac000 	C:\Users\iceman44\Desktop\javafx-sdk-20.0.2\bin\ucrtbase.dll
0x00007ffc0fd10000 - 0x00007ffc0fd2b000 	C:\Users\iceman44\Desktop\javafx-sdk-20.0.2\bin\vcruntime140.dll
0x00007ffc120f0000 - 0x00007ffc120fc000 	C:\Users\iceman44\Desktop\javafx-sdk-20.0.2\bin\vcruntime140_1.dll
0x00007ffbf7bc0000 - 0x00007ffbf7c4e000 	C:\Users\iceman44\Desktop\javafx-sdk-20.0.2\bin\msvcp140.dll
0x00007ffc10770000 - 0x00007ffc10779000 	C:\Users\iceman44\Desktop\javafx-sdk-20.0.2\bin\msvcp140_1.dll
0x00007ffc0fce0000 - 0x00007ffc0fd10000 	C:\Users\iceman44\Desktop\javafx-sdk-20.0.2\bin\msvcp140_2.dll
0x00007ffc06860000 - 0x00007ffc0688f000 	C:\Users\iceman44\Desktop\javafx-sdk-20.0.2\bin\prism_d3d.dll
0x00007ffbd4330000 - 0x00007ffbd44fd000 	C:\Windows\system32\d3d9.dll
0x00007ffc14ab0000 - 0x00007ffc14adf000 	C:\Windows\SYSTEM32\dwmapi.dll
0x00007ffc148d0000 - 0x00007ffc1496e000 	C:\Windows\system32\uxtheme.dll
0x00007ffbea670000 - 0x00007ffbea81f000 	C:\Windows\System32\DriverStore\FileRepository\iigd_dch.inf_amd64_51f685305808e3a5\igdumdim64.dll
0x00007ffc1c290000 - 0x00007ffc1c3ba000 	C:\Windows\System32\ole32.dll
0x00007ffbc9920000 - 0x00007ffbcc9c3000 	C:\Windows\System32\DriverStore\FileRepository\iigd_dch.inf_amd64_51f685305808e3a5\igd9dxva64.dll
0x00007ffc1ba70000 - 0x00007ffc1bb3d000 	C:\Windows\System32\OLEAUT32.dll
0x00007ffc1c3c0000 - 0x00007ffc1c82e000 	C:\Windows\System32\SETUPAPI.dll
0x00007ffc1a9a0000 - 0x00007ffc1a9ee000 	C:\Windows\System32\cfgmgr32.dll
0x00007ffc1a410000 - 0x00007ffc1a437000 	C:\Windows\System32\bcrypt.dll
0x00007ffc0bbe0000 - 0x00007ffc0bfe9000 	C:\Windows\System32\DriverStore\FileRepository\iigd_dch.inf_amd64_51f685305808e3a5\igdgmm64.dll
0x00007ffbf82e0000 - 0x00007ffbf8322000 	C:\Users\iceman44\Desktop\javafx-sdk-20.0.2\bin\glass.dll
0x00007ffc1af20000 - 0x00007ffc1affa000 	C:\Windows\System32\COMDLG32.dll
0x00007ffc1b8f0000 - 0x00007ffc1ba04000 	C:\Windows\System32\MSCTF.dll
0x00007ffbea900000 - 0x00007ffbea927000 	C:\Windows\System32\DriverStore\FileRepository\iigd_dch.inf_amd64_51f685305808e3a5\igdinfo64.dll
0x00007ffc08440000 - 0x00007ffc0bbd4000 	C:\Windows\System32\DriverStore\FileRepository\iigd_dch.inf_amd64_51f685305808e3a5\igc64.dll
0x00007ffc0cc00000 - 0x00007ffc0cc3b000 	C:\Windows\SYSTEM32\dxcore.dll
0x00007ffbea580000 - 0x00007ffbea66f000 	C:\Users\iceman44\.javacpp\cache\opencv-3.2.0-1.3-windows-x86_64.jar\org\bytedeco\javacpp\windows-x86_64\msvcr120.dll
0x00007ffbeae10000 - 0x00007ffbeaeb6000 	C:\Users\iceman44\.javacpp\cache\opencv-3.2.0-1.3-windows-x86_64.jar\org\bytedeco\javacpp\windows-x86_64\msvcp120.dll
0x00007ffbe9eb0000 - 0x00007ffbea138000 	C:\Users\iceman44\.javacpp\cache\opencv-3.2.0-1.3-windows-x86_64.jar\org\bytedeco\javacpp\windows-x86_64\opencv_core320.dll
0x00007ffbe8820000 - 0x00007ffbe8b82000 	C:\Users\iceman44\.javacpp\cache\opencv-3.2.0-1.3-windows-x86_64.jar\org\bytedeco\javacpp\windows-x86_64\opencv_imgproc320.dll
0x00007ffbe85d0000 - 0x00007ffbe881a000 	C:\Users\iceman44\.javacpp\cache\opencv-3.2.0-1.3-windows-x86_64.jar\org\bytedeco\javacpp\windows-x86_64\jniopencv_core.dll
0x00007ffc1ac10000 - 0x00007ffc1ac18000 	C:\Windows\System32\PSAPI.DLL
0x00007ffbe9c40000 - 0x00007ffbe9dce000 	C:\Users\iceman44\Desktop\eclipse\plugins\org.eclipse.justj.openjdk.hotspot.jre.full.win32.x86_64_17.0.7.v20230425-1502\jre\bin\awt.dll
0x00007ffc14720000 - 0x00007ffc147b1000 	C:\Windows\SYSTEM32\apphelp.dll
0x00007ffc0fcc0000 - 0x00007ffc0fcd4000 	C:\Users\iceman44\Desktop\javafx-sdk-20.0.2\bin\javafx_font.dll
0x00007ffbf77a0000 - 0x00007ffbf7a1f000 	C:\Windows\SYSTEM32\dwrite.dll
0x00007ffc1b570000 - 0x00007ffc1b619000 	C:\Windows\System32\clbcatq.dll
0x00007ffc0f3c0000 - 0x00007ffc0f574000 	C:\Windows\SYSTEM32\WindowsCodecs.dll
0x00007ffbf8910000 - 0x00007ffbf894e000 	C:\Windows\system32\dataexchange.dll
0x00007ffc12bb0000 - 0x00007ffc12e13000 	C:\Windows\system32\d3d11.dll
0x00007ffc13af0000 - 0x00007ffc13cd3000 	C:\Windows\system32\dcomp.dll
0x00007ffc18ac0000 - 0x00007ffc18bb3000 	C:\Windows\system32\dxgi.dll
0x00007ffc0f750000 - 0x00007ffc0f957000 	C:\Windows\system32\twinapi.appcore.dll
0x00007ffbff090000 - 0x00007ffbff0c4000 	C:\Program Files\Common Files\Microsoft Shared\Ink\rtscom.dll
0x00007ffc06830000 - 0x00007ffc0685d000 	C:\Users\iceman44\Desktop\javafx-sdk-20.0.2\bin\javafx_iio.dll
0x00007ffbfa920000 - 0x00007ffbfaa19000 	C:\Windows\SYSTEM32\textinputframework.dll

dbghelp: loaded successfully - version: 4.0.5 - missing functions: none
symbol engine: initialized successfully - sym options: 0x614 - pdb path: .;C:\Users\iceman44\Desktop\eclipse\plugins\org.eclipse.justj.openjdk.hotspot.jre.full.win32.x86_64_17.0.7.v20230425-1502\jre\bin;C:\Windows\SYSTEM32;C:\Windows\WinSxS\amd64_microsoft.windows.common-controls_6595b64144ccf1df_6.0.19041.1110_none_60b5254171f9507e;C:\Users\iceman44\Desktop\eclipse\plugins\org.eclipse.justj.openjdk.hotspot.jre.full.win32.x86_64_17.0.7.v20230425-1502\jre\bin\server;C:\Users\iceman44\Desktop\javafx-sdk-20.0.2\bin;C:\Windows\System32\DriverStore\FileRepository\iigd_dch.inf_amd64_51f685305808e3a5;C:\Users\iceman44\.javacpp\cache\opencv-3.2.0-1.3-windows-x86_64.jar\org\bytedeco\javacpp\windows-x86_64;C:\Program Files\Common Files\Microsoft Shared\Ink;C:\Windows\WinSxS\amd64_microsoft.windows.gdiplus_6595b64144ccf1df_1.1.19041.2251_none_91a40448cc8846c1;C:\Users\iceman44\.javacpp\cache\libfreenect-0.5.3-1.3-windows-x86_64.jar\org\bytedeco\javacpp\windows-x86_64;C:\Users\iceman44\.javacpp\cache\videoinput-0.200-1.3-windows-x86_64.jar\org\bytedeco\javacpp\windows-x86_64

VM Arguments:
jvm_args: --module-path=C:\Users\iceman44\Desktop\javafx-sdk-20.0.2\lib --add-modules=javafx.controls,javafx.fxml -Djava.library.path=C:\Users\Administrator\Desktop\opencv\build\java\x64 -Dfile.encoding=UTF-8 -XX:+ShowCodeDetailsInExceptionMessages 
java_command: application.Main
java_class_path (initial): C:\Users\iceman44\Desktop\ExoVisix-master\target\classes;C:\Users\iceman44\Desktop\ExoVisix-master\bin\opencv-341.jar;C:\Users\iceman44\Desktop\javafx-sdk-20.0.2\lib\javafx.base.jar;C:\Users\iceman44\Desktop\javafx-sdk-20.0.2\lib\javafx.controls.jar;C:\Users\iceman44\Desktop\javafx-sdk-20.0.2\lib\javafx.fxml.jar;C:\Users\iceman44\Desktop\javafx-sdk-20.0.2\lib\javafx.graphics.jar;C:\Users\iceman44\Desktop\javafx-sdk-20.0.2\lib\javafx.media.jar;C:\Users\iceman44\Desktop\javafx-sdk-20.0.2\lib\javafx.swing.jar;C:\Users\iceman44\Desktop\javafx-sdk-20.0.2\lib\javafx.web.jar;C:\Users\iceman44\Desktop\javafx-sdk-20.0.2\lib\javafx-swt.jar;C:\Users\iceman44\Desktop\ExoVisix-master\opencv-341.jar;C:\Users\iceman44\.m2\repository\org\bytedeco\javacv-platform\1.3.2\javacv-platform-1.3.2.jar;C:\Users\iceman44\.m2\repository\org\bytedeco\javacv\1.3.2\javacv-1.3.2.jar;C:\Users\iceman44\.m2\repository\org\bytedeco\javacpp-presets\opencv\3.2.0-1.3\opencv-3.2.0-1.3.jar;C:\Users\iceman44\.m2\repository\org\bytedeco\javacpp-presets\ffmpeg\3.2.1-1.3\ffmpeg-3.2.1-1.3.jar;C:\Users\iceman44\.m2\repository\org\bytedeco\javacpp-presets\flycapture\2.9.3.43-1.3\flycapture-2.9.3.43-1.3.jar;C:\Users\iceman44\.m2\repository\org\bytedeco\javacpp-presets\libdc1394\2.2.4-1.3\libdc1394-2.2.4-1.3.jar;C:\Users\iceman44\.m2\repository\org\bytedeco\javacpp-presets\libfreenect\0.5.3-1.3\libfreenect-0.5.3-1.3.jar;C:\Users\iceman44\.m2\repository\org\bytedeco\javacpp-presets\libfreenect2\0.2.0-1.3\libfreenect2-0.2.0-1.3.jar;C:\Users\iceman44\.m2\repository\org\bytedeco\javacpp-presets\librealsense\1.9.6-1.3\librealsense-1.9.6-1.3.jar;C:\Users\iceman44\.m2\repository\org\bytedeco\javacpp-presets\videoinput\0.200-1.3\videoinput-0.200-1.3.jar;C:\Users\iceman44\.m2\repository\org\bytedeco\javacpp-presets\artoolkitplus\2.3.1-1.3\artoolkitplus-2.3.1-1.3.jar;C:\Users\iceman44\.m2\repository\org\bytedeco\javacpp-presets\flandmark\1.07-1.3\flandmark-1.07-1.3.jar;C:\Users\iceman44\.m2\repo
Launcher Type: SUN_STANDARD

[Global flags]
     intx CICompilerCount                          = 3                                         {product} {ergonomic}
     uint ConcGCThreads                            = 1                                         {product} {ergonomic}
     uint G1ConcRefinementThreads                  = 4                                         {product} {ergonomic}
   size_t G1HeapRegionSize                         = 1048576                                   {product} {ergonomic}
    uintx GCDrainStackTargetSize                   = 64                                        {product} {ergonomic}
   size_t InitialHeapSize                          = 134217728                                 {product} {ergonomic}
   size_t MarkStackSize                            = 4194304                                   {product} {ergonomic}
   size_t MaxHeapSize                              = 2118123520                                {product} {ergonomic}
   size_t MaxNewSize                               = 1270874112                                {product} {ergonomic}
   size_t MinHeapDeltaBytes                        = 1048576                                   {product} {ergonomic}
   size_t MinHeapSize                              = 8388608                                   {product} {ergonomic}
    uintx NonNMethodCodeHeapSize                   = 5832780                                {pd product} {ergonomic}
    uintx NonProfiledCodeHeapSize                  = 122912730                              {pd product} {ergonomic}
    uintx ProfiledCodeHeapSize                     = 122912730                              {pd product} {ergonomic}
    uintx ReservedCodeCacheSize                    = 251658240                              {pd product} {ergonomic}
     bool SegmentedCodeCache                       = true                                      {product} {ergonomic}
     bool ShowCodeDetailsInExceptionMessages       = true                                   {manageable} {command line}
   size_t SoftMaxHeapSize                          = 2118123520                             {manageable} {ergonomic}
     bool UseCompressedClassPointers               = true                           {product lp64_product} {ergonomic}
     bool UseCompressedOops                        = true                           {product lp64_product} {ergonomic}
     bool UseG1GC                                  = true                                      {product} {ergonomic}
     bool UseLargePagesIndividualAllocation        = false                                  {pd product} {ergonomic}

Logging:
Log output configuration:
 #0: stdout all=warning uptime,level,tags
 #1: stderr all=off uptime,level,tags

Environment Variables:
PATH=C:/Users/iceman44/Desktop/eclipse//plugins/org.eclipse.justj.openjdk.hotspot.jre.full.win32.x86_64_17.0.7.v20230425-1502/jre/bin/server;C:/Users/iceman44/Desktop/eclipse//plugins/org.eclipse.justj.openjdk.hotspot.jre.full.win32.x86_64_17.0.7.v20230425-1502/jre/bin;C:\Windows\system32;C:\Windows;C:\Windows\System32\Wbem;C:\Windows\System32\WindowsPowerShell\v1.0\;C:\Windows\System32\OpenSSH\;C:\Program Files\Git\cmd;C:\Users\iceman44\AppData\Local\Microsoft\WindowsApps;;C:\Program Files\JetBrains\IntelliJ IDEA Community Edition 2023.2\bin;;C:\Program Files (x86)\Nmap;C:\Users\iceman44\Desktop\eclipse;
USERNAME=iceman44
OS=Windows_NT
PROCESSOR_IDENTIFIER=Intel64 Family 6 Model 158 Stepping 9, GenuineIntel
TMP=C:\Users\iceman44\AppData\Local\Temp
TEMP=C:\Users\iceman44\AppData\Local\Temp



---------------  S Y S T E M  ---------------

OS:
 Windows 10 , 64 bit Build 19041 (10.0.19041.3155)
OS uptime: 3 days 1:05 hours

CPU: total 4 (initial active 4) (4 cores per cpu, 1 threads per core) family 6 model 158 stepping 9 microcode 0xb4, cx8, cmov, fxsr, mmx, 3dnowpref, sse, sse2, sse3, ssse3, sse4.1, sse4.2, popcnt, lzcnt, tsc, tscinvbit, avx, avx2, aes, erms, clmul, bmi1, bmi2, adx, fma, vzeroupper, clflush, clflushopt

Memory: 4k page, system-wide physical 8075M (1111M free)
TotalPageFile size 13035M (AvailPageFile size 2778M)
current process WorkingSet (physical memory assigned to process): 540M, peak: 1151M
current process commit charge ("private bytes"): 585M, peak: 1661M

vm_info: OpenJDK 64-Bit Server VM (17.0.7+7) for windows-amd64 JRE (17.0.7+7), built on Apr 18 2023 22:10:42 by "temurin" with MS VC++ 16.7 (VS2019)

END.
