#
# A fatal error has been detected by the Java Runtime Environment:
#
#  Internal Error (0xc000000d), pid=15072, tid=7632
#
# JRE version: OpenJDK Runtime Environment Temurin-20.0.2+9 (20.0.2+9) (build 20.0.2+9)
# Java VM: OpenJDK 64-Bit Server VM Temurin-20.0.2+9 (20.0.2+9, mixed mode, tiered, compressed oops, compressed class ptrs, g1 gc, windows-amd64)
# Problematic frame:
# C  [ntdll.dll+0x125e00]
#
# No core dump will be written. Minidumps are not enabled by default on client versions of Windows
#
# If you would like to submit a bug report, please visit:
#   https://github.com/adoptium/adoptium-support/issues
#

---------------  S U M M A R Y ------------

Command Line: --module-path=D:\javafx-sdk-20.0.2\lib --add-modules=javafx.controls,javafx.fxml -Djava.library.path=C:\Users\Administrator\Desktop\opencv\build\java\x64 -Dfile.encoding=UTF-8 -XX:+ShowCodeDetailsInExceptionMessages application.Main

Host: AMD Ryzen 7 5800H with Radeon Graphics         , 16 cores, 15G,  Windows 11 , 64 bit Build 22621 (10.0.22621.2070)
Time: Mon Aug 28 09:28:54 2023 Nepal Standard Time elapsed time: 148.239370 seconds (0d 0h 2m 28s)

---------------  T H R E A D  ---------------

Current thread (0x000001f6ef02d000):  VMThread "VM Thread" [stack: 0x0000001292c00000,0x0000001292d00000] [id=7632]

Stack: [0x0000001292c00000,0x0000001292d00000],  sp=0x0000001292cfe1f0,  free space=1016k
Native frames: (J=compiled Java code, j=interpreted, Vv=VM code, C=native code)
C  [ntdll.dll+0x125e00]
C  [ntdll.dll+0xc6d1b]
C  [KERNELBASE.dll+0x74f79]
C  0x00007ffc721f8b08


siginfo: EXCEPTION_?? (0xc000000d)


Registers:
RAX=0x00007ffc7a0c00b2, RBX=0x000001f6f12a5520, RCX=0x0000001292cfeaf2, RDX=0x000001f6f029e0d6
RSP=0x0000001292cfe1f0, RBP=0x00007ffc721f9a30, RSI=0x000001f682e43fd0, RDI=0x0000000000000000
R8 =0x0000001292cfe490, R9 =0x0000001292cfdb90, R10=0x00007ffc78412dff, R11=0x000001f6f029e0d6
R12=0x000001f6f12a5520, R13=0x000001f6f13485e0, R14=0x0000001292cfe388, R15=0x00007ffc721f9a30
RIP=0x00007ffc7acf5e00, EFLAGS=0x0000000000000202


Register to memory mapping:

RIP=0x00007ffc7acf5e00 ntdll.dll
RAX=0x00007ffc7a0c00b2 SHCORE.dll
RBX=0x000001f6f12a5520 points into unknown readable memory: 0x0000000000000000 | 00 00 00 00 00 00 00 00
RCX=0x0000001292cfeaf2 points into unknown readable memory: 00 00 00 00 00 00
RDX=0x000001f6f029e0d6 points into unknown readable memory: 40 01
RSP=0x0000001292cfe1f0 points into unknown readable memory: 0x0000000000000057 | 57 00 00 00 00 00 00 00
RBP=0x00007ffc721f9a30 points into unknown readable memory: 0x6c894808245c8948 | 48 89 5c 24 08 48 89 6c
RSI=0x000001f682e43fd0 points into unknown readable memory: 0x0038003100000003 | 03 00 00 00 31 00 38 00
RDI=0x0 is NULL
R8 =0x0000001292cfe490 points into unknown readable memory: 0x0000000000000000 | 00 00 00 00 00 00 00 00
R9 =0x0000001292cfdb90 points into unknown readable memory: 0x0000001292cfdbf9 | f9 db cf 92 12 00 00 00
R10=0x00007ffc78412dff ucrtbase.dll
R11=0x000001f6f029e0d6 points into unknown readable memory: 40 01
R12=0x000001f6f12a5520 points into unknown readable memory: 0x0000000000000000 | 00 00 00 00 00 00 00 00
R13=0x000001f6f13485e0 points into unknown readable memory: 0x8480003ffe247b8e | 8e 7b 24 fe 3f 00 80 84
R14=0x0000001292cfe388 points into unknown readable memory: 0x0000000000000000 | 00 00 00 00 00 00 00 00
R15=0x00007ffc721f9a30 points into unknown readable memory: 0x6c894808245c8948 | 48 89 5c 24 08 48 89 6c


Top of Stack: (sp=0x0000001292cfe1f0)
0x0000001292cfe1f0:   0000000000000057 000001f6f12a5520
0x0000001292cfe200:   000001f682e43fd0 0000000000000000
0x0000001292cfe210:   00000080c000000d 0000000000000000
0x0000001292cfe220:   00007ffc7acf5e00 0000000000000000
0x0000001292cfe230:   0000000000000000 0000000000000000
0x0000001292cfe240:   0000000000000000 0000000000000000
0x0000001292cfe250:   0000000000000000 0000000000000000
0x0000001292cfe260:   0000000000000000 0000000000000000
0x0000001292cfe270:   0000000000000000 0000000000000000
0x0000001292cfe280:   0000000000000000 0000000000000000
0x0000001292cfe290:   0000000000000000 0000000000000000
0x0000001292cfe2a0:   0000000000000000 000001f682e43ee0
0x0000001292cfe2b0:   00007d7271790a4f 0000000000000e18
0x0000001292cfe2c0:   0000000000000060 00007ffc7ac96d1b
0x0000001292cfe2d0:   000001f682e43ee0 00007ffc786244db
0x0000001292cfe2e0:   000001f6f12a5520 00007ffc721f9a30
0x0000001292cfe2f0:   00007ffc721f1320 0000000000000060
0x0000001292cfe300:   00000000c0000001 00007ffc7841ff74
0x0000001292cfe310:   000001f682e7af50 000001f682e43ee0
0x0000001292cfe320:   0000000000000e18 000001f682e43fd0
0x0000001292cfe330:   00007ffc721f1320 00007ffc78654f79
0x0000001292cfe340:   000001f682e440d0 000001f6f12a5520
0x0000001292cfe350:   000001f68275a28f 0000000000000016
0x0000001292cfe360:   000001f6f12a5520 00007ffc721f8b08
0x0000001292cfe370:   000001f682e440d0 00007ffc721f8999
0x0000001292cfe380:   0000000000000000 0000000000000000
0x0000001292cfe390:   000001f6834b3468 00007ffc721f8a72
0x0000001292cfe3a0:   000001f682e440d0 000001f682e7af50
0x0000001292cfe3b0:   0000000000000000 000001f682e440a8
0x0000001292cfe3c0:   00007ffc721f1500 0000000000000e18
0x0000001292cfe3d0:   000001f682e440a8 00007ffc721fa0e5
0x0000001292cfe3e0:   0000001292cfe500 0000001292cfe450 

Instructions: (pc=0x00007ffc7acf5e00)
0x00007ffc7acf5d00:   40 48 83 c4 30 5f c3 cc cc cc cc cc cc cc cc cc
0x00007ffc7acf5d10:   40 55 48 8d 6c 24 a9 48 81 ec d0 00 00 00 48 8b
0x00007ffc7acf5d20:   05 0b 68 07 00 48 33 c4 48 89 45 47 4c 8b d2 4d
0x00007ffc7acf5d30:   85 c0 74 30 4d 8b 48 50 48 8d 05 51 81 f2 ff c7
0x00007ffc7acf5d40:   45 bf 05 00 00 00 4c 3b c8 75 13 49 8b 40 58 48
0x00007ffc7acf5d50:   8b 50 20 48 85 d2 74 06 48 89 55 e7 eb 0d 4c 89
0x00007ffc7acf5d60:   4d e7 eb 07 c7 45 bf 04 00 00 00 48 83 65 af 00
0x00007ffc7acf5d70:   48 83 65 df 00 48 63 c1 48 8d 4d a7 48 89 45 c7
0x00007ffc7acf5d80:   c7 45 a7 0a 07 00 c0 4c 89 55 cf 4c 89 45 d7 c7
0x00007ffc7acf5d90:   45 ab 01 00 00 00 e8 25 e5 f2 ff 48 8b 4d 47 48
0x00007ffc7acf5da0:   33 cc e8 79 89 f6 ff 48 81 c4 d0 00 00 00 5d c3
0x00007ffc7acf5db0:   cc cc cc cc cc cc cc cc 48 81 ec d8 00 00 00 48
0x00007ffc7acf5dc0:   8b 05 6a 67 07 00 48 33 c4 48 89 84 24 c0 00 00
0x00007ffc7acf5dd0:   00 33 d2 41 b8 94 00 00 00 48 8d 4c 24 24 e8 2d
0x00007ffc7acf5de0:   a2 00 00 c7 44 24 20 0d 00 00 c0 b9 57 00 00 00
0x00007ffc7acf5df0:   e8 db d4 f2 ff 90 48 8d 4c 24 20 e8 c0 e4 f2 ff
0x00007ffc7acf5e00:   eb 00 48 8b 8c 24 c0 00 00 00 48 33 cc e8 0e 89
0x00007ffc7acf5e10:   f6 ff 48 81 c4 d8 00 00 00 c3 cc 40 55 48 83 ec
0x00007ffc7acf5e20:   20 48 8b ea e8 0f 00 00 00 90 48 83 c4 20 5d c3
0x00007ffc7acf5e30:   cc cc cc cc cc cc cc cc 48 83 ec 28 48 8b 51 08
0x00007ffc7acf5e40:   41 b8 03 00 00 00 48 8b 09 e8 82 0e fc ff 33 c0
0x00007ffc7acf5e50:   48 83 c4 28 c3 cc cc cc cc cc cc cc 48 8b 01 48
0x00007ffc7acf5e60:   83 c9 ff 8b 10 e9 56 94 f7 ff cc cc cc cc cc cc
0x00007ffc7acf5e70:   4c 8b dc 48 81 ec 88 00 00 00 48 8b 05 af 66 07
0x00007ffc7acf5e80:   00 48 33 c4 48 89 44 24 70 48 8b 84 24 b0 00 00
0x00007ffc7acf5e90:   00 41 ba 24 1c 00 00 49 89 43 d8 8b 84 24 b8 00
0x00007ffc7acf5ea0:   00 00 66 45 89 53 9e 49 89 4b b8 49 89 53 c0 4d
0x00007ffc7acf5eb0:   89 43 c8 4d 89 4b d0 89 44 24 68 e8 e0 4c f1 ff
0x00007ffc7acf5ec0:   85 c0 74 19 65 48 8b 04 25 60 00 00 00 48 8b 88
0x00007ffc7acf5ed0:   90 00 00 00 48 81 c1 2c 02 00 00 eb 05 b9 86 03
0x00007ffc7acf5ee0:   fe 7f 0f b6 09 4c 8d 4c 24 20 ba 03 04 00 00 41
0x00007ffc7acf5ef0:   b8 2c 00 00 00 e8 f6 99 f7 ff 48 8b 4c 24 70 48 


Stack slot to memory mapping:
stack at sp + 0 slots: 0x0000000000000057 is an unknown value
stack at sp + 1 slots: 0x000001f6f12a5520 points into unknown readable memory: 0x0000000000000000 | 00 00 00 00 00 00 00 00
stack at sp + 2 slots: 0x000001f682e43fd0 points into unknown readable memory: 0x0038003100000003 | 03 00 00 00 31 00 38 00
stack at sp + 3 slots: 0x0 is NULL
stack at sp + 4 slots: 0x00000080c000000d is an unknown value
stack at sp + 5 slots: 0x0 is NULL
stack at sp + 6 slots: 0x00007ffc7acf5e00 ntdll.dll
stack at sp + 7 slots: 0x0 is NULL

VM_Operation (0x00000012943fce20): Exit, mode: safepoint, requested by thread 0x000001f6effdc110


---------------  P R O C E S S  ---------------

Threads class SMR info:
_java_thread_list=0x000001f682fbe010, length=23, elements={
0x000001f6cf62d4c0, 0x000001f6ef052aa0, 0x000001f6ef053580, 0x000001f6ef092c20,
0x000001f6ef093170, 0x000001f6ef0943f0, 0x000001f6ef098e40, 0x000001f6ef087360,
0x000001f6ef087ce0, 0x000001f6eaa032b0, 0x000001f6f0205ef0, 0x000001f6f0cf07e0,
0x000001f6effdc110, 0x000001f6f05adb10, 0x000001f6f0a77430, 0x000001f6f0a77980,
0x000001f6f0a76ee0, 0x000001f6f0e4aaf0, 0x000001f6f0e49060, 0x000001f6f0e4b590,
0x000001f6f1acc8a0, 0x000001f6902df160, 0x000001f6f0e495b0
}

Java Threads: ( => current thread )
  0x000001f6cf62d4c0 JavaThread "main" [_thread_blocked, id=12324, stack(0x0000001292600000,0x0000001292700000)]
  0x000001f6ef052aa0 JavaThread "Reference Handler" daemon [_thread_blocked, id=13716, stack(0x0000001292d00000,0x0000001292e00000)]
  0x000001f6ef053580 JavaThread "Finalizer" daemon [_thread_blocked, id=13372, stack(0x0000001292e00000,0x0000001292f00000)]
  0x000001f6ef092c20 JavaThread "Signal Dispatcher" daemon [_thread_blocked, id=15392, stack(0x0000001292f00000,0x0000001293000000)]
  0x000001f6ef093170 JavaThread "Attach Listener" daemon [_thread_blocked, id=10888, stack(0x0000001293000000,0x0000001293100000)]
  0x000001f6ef0943f0 JavaThread "Service Thread" daemon [_thread_blocked, id=3036, stack(0x0000001293100000,0x0000001293200000)]
  0x000001f6ef098e40 JavaThread "Monitor Deflation Thread" daemon [_thread_blocked, id=8716, stack(0x0000001293200000,0x0000001293300000)]
  0x000001f6ef087360 JavaThread "C2 CompilerThread0" daemon [_thread_blocked, id=13668, stack(0x0000001293300000,0x0000001293400000)]
  0x000001f6ef087ce0 JavaThread "C1 CompilerThread0" daemon [_thread_blocked, id=13672, stack(0x0000001293400000,0x0000001293500000)]
  0x000001f6eaa032b0 JavaThread "Common-Cleaner" daemon [_thread_blocked, id=16144, stack(0x0000001293500000,0x0000001293600000)]
  0x000001f6f0205ef0 JavaThread "Notification Thread" daemon [_thread_blocked, id=10256, stack(0x0000001293d00000,0x0000001293e00000)]
  0x000001f6f0cf07e0 JavaThread "InvokeLaterDispatcher" daemon [_thread_blocked, id=9116, stack(0x0000001294200000,0x0000001294300000)]
  0x000001f6effdc110 JavaThread "JavaFX Application Thread" [_thread_blocked, id=6652, stack(0x0000001294300000,0x0000001294400000)]
  0x000001f6f05adb10 JavaThread "JavaFX-Launcher" [_thread_blocked, id=12084, stack(0x0000001294d00000,0x0000001294e00000)]
  0x000001f6f0a77430 JavaThread "Thread-2" daemon [_thread_in_native, id=13456, stack(0x0000001294c00000,0x0000001294d00000)]
  0x000001f6f0a77980 JavaThread "JavaCPP Deallocator" daemon [_thread_blocked, id=12424, stack(0x0000001295300000,0x0000001295400000)]
  0x000001f6f0a76ee0 JavaThread "Java2D Disposer" daemon [_thread_blocked, id=1192, stack(0x0000001295400000,0x0000001295500000)]
  0x000001f6f0e4aaf0 JavaThread "Prism Font Disposer" daemon [_thread_blocked, id=8500, stack(0x0000001295f00000,0x0000001296000000)]
  0x000001f6f0e49060 JavaThread "Cleaner-0" daemon [_thread_blocked, id=10436, stack(0x0000001296300000,0x0000001296400000)]
  0x000001f6f0e4b590 JavaThread "mysql-cj-abandoned-connection-cleanup" daemon [_thread_blocked, id=3320, stack(0x0000001296200000,0x0000001296300000)]
  0x000001f6f1acc8a0 JavaThread "Thread-47" [_thread_blocked, id=5584, stack(0x0000001292500000,0x0000001292600000)]
  0x000001f6902df160 JavaThread "C1 CompilerThread1" daemon [_thread_blocked, id=11248, stack(0x0000001297a00000,0x0000001297b00000)]
  0x000001f6f0e495b0 JavaThread "AWT-Shutdown" [_thread_blocked, id=12868, stack(0x0000001297f00000,0x0000001298000000)]

Other Threads:
=>0x000001f6ef02d000 VMThread "VM Thread" [stack: 0x0000001292c00000,0x0000001292d00000] [id=7632]
  0x000001f6cf69cd90 WorkerThread "GC Thread#0" [stack: 0x0000001292700000,0x0000001292800000] [id=10392]
  0x000001f6ef0501f0 WorkerThread "GC Thread#1" [stack: 0x0000001294e00000,0x0000001294f00000] [id=1972]
  0x000001f6ef0504c0 WorkerThread "GC Thread#2" [stack: 0x0000001294f00000,0x0000001295000000] [id=6804]
  0x000001f6ef050d30 WorkerThread "GC Thread#3" [stack: 0x0000001295000000,0x0000001295100000] [id=4236]
  0x000001f6ef050a60 WorkerThread "GC Thread#4" [stack: 0x0000001295100000,0x0000001295200000] [id=4488]
  0x000001f6ef0512d0 WorkerThread "GC Thread#5" [stack: 0x0000001295200000,0x0000001295300000] [id=3760]
  0x000001f6f0fbf750 WorkerThread "GC Thread#6" [stack: 0x0000001295700000,0x0000001295800000] [id=13828]
  0x000001f6f0fbfcf0 WorkerThread "GC Thread#7" [stack: 0x0000001295800000,0x0000001295900000] [id=1536]
  0x000001f6f0fc0b00 WorkerThread "GC Thread#8" [stack: 0x0000001295900000,0x0000001295a00000] [id=10616]
  0x000001f6f0fc10a0 WorkerThread "GC Thread#9" [stack: 0x0000001295a00000,0x0000001295b00000] [id=12316]
  0x000001f6f0fc0560 WorkerThread "GC Thread#10" [stack: 0x0000001295b00000,0x0000001295c00000] [id=9972]
  0x000001f6f0fc0830 WorkerThread "GC Thread#11" [stack: 0x0000001296000000,0x0000001296100000] [id=7596]
  0x000001f6f0fc1370 WorkerThread "GC Thread#12" [stack: 0x0000001296100000,0x0000001296200000] [id=15848]
  0x000001f6cf6adc90 ConcurrentGCThread "G1 Main Marker" terminated
  0x000001f6cf6ae5d0 WorkerThread "G1 Conc#0" [stack: 0x0000001292900000,0x0000001292a00000] [id=3388]
  0x000001f6f0fc0dd0 WorkerThread "G1 Conc#1" [stack: 0x0000001295c00000,0x0000001295d00000] [id=6880]
  0x000001f6f0fbdb30 WorkerThread "G1 Conc#2" [stack: 0x0000001295d00000,0x0000001295e00000] [id=3580]
  0x000001f6ea8d8bc0 ConcurrentGCThread "G1 Refine#0" terminated
  0x000001f6ea8da320 ConcurrentGCThread "G1 Service" terminated

Threads with active compile tasks:

VM state: at safepoint (shutting down)

VM Mutex/Monitor currently owned by a thread:  ([mutex/lock_event])
[0x000001f6cf629940] Threads_lock - owner thread: 0x000001f6ef02d000
[0x000001f6cf629ca0] Heap_lock - owner thread: 0x000001f6effdc110

Heap address: 0x000000070a400000, size: 3932 MB, Compressed Oops mode: Zero based, Oop shift amount: 3

CDS archive(s) not mapped
Compressed class space mapped at: 0x0000000800000000-0x0000000840000000, reserved size: 1073741824
Narrow klass base: 0x0000000800000000, Narrow klass shift: 0, Narrow klass range: 0x40000000

GC Precious Log:
 CardTable entry size: 512
 Card Set container configuration: InlinePtr #cards 4 size 8 Array Of Cards #cards 16 size 48 Howl #buckets 8 coarsen threshold 3686 Howl Bitmap #cards 512 size 80 coarsen threshold 460 Card regions per heap region 1 cards per card region 4096
 CPUs: 16 total, 16 available
 Memory: 15724M
 Large Page Support: Disabled
 NUMA Support: Disabled
 Compressed Oops: Enabled (Zero based)
 Heap Region Size: 2M
 Heap Min Capacity: 8M
 Heap Initial Capacity: 246M
 Heap Max Capacity: 3932M
 Pre-touch: Disabled
 Parallel Workers: 13
 Concurrent Workers: 3
 Concurrent Refinement Workers: 13
 Periodic GC: Disabled

Heap:
 garbage-first heap   total 335872K, used 135676K [0x000000070a400000, 0x0000000800000000)
  region size 2048K, 7 young (14336K), 1 survivors (2048K)
 Metaspace       used 48973K, committed 49408K, reserved 1114112K
  class space    used 5359K, committed 5568K, reserved 1048576K

Heap Regions: E=young(eden), S=young(survivor), O=old, HS=humongous(starts), HC=humongous(continues), CS=collection set, F=free, OA=open archive, CA=closed archive, TAMS=top-at-mark-start, PB=parsable bottom
|   0|0x000000070a400000, 0x000000070a600000, 0x000000070a600000|100%|HS|  |TAMS 0x000000070a400000| PB 0x000000070a400000| Complete 
|   1|0x000000070a600000, 0x000000070a800000, 0x000000070a800000|100%|HS|  |TAMS 0x000000070a600000| PB 0x000000070a600000| Complete 
|   2|0x000000070a800000, 0x000000070aa00000, 0x000000070aa00000|100%|HS|  |TAMS 0x000000070a800000| PB 0x000000070a800000| Complete 
|   3|0x000000070aa00000, 0x000000070ac00000, 0x000000070ac00000|100%|HC|  |TAMS 0x000000070aa00000| PB 0x000000070aa00000| Complete 
|   4|0x000000070ac00000, 0x000000070ae00000, 0x000000070ae00000|100%|HC|  |TAMS 0x000000070ac00000| PB 0x000000070ac00000| Complete 
|   5|0x000000070ae00000, 0x000000070b000000, 0x000000070b000000|100%|HS|  |TAMS 0x000000070ae00000| PB 0x000000070ae00000| Complete 
|   6|0x000000070b000000, 0x000000070b200000, 0x000000070b200000|100%| O|  |TAMS 0x000000070b000000| PB 0x000000070b000000| Untracked 
|   7|0x000000070b200000, 0x000000070b400000, 0x000000070b400000|100%| O|  |TAMS 0x000000070b200000| PB 0x000000070b200000| Untracked 
|   8|0x000000070b400000, 0x000000070b600000, 0x000000070b600000|100%| O|  |TAMS 0x000000070b400000| PB 0x000000070b400000| Untracked 
|   9|0x000000070b600000, 0x000000070b800000, 0x000000070b800000|100%| O|  |TAMS 0x000000070b600000| PB 0x000000070b600000| Untracked 
|  10|0x000000070b800000, 0x000000070ba00000, 0x000000070ba00000|100%|HS|  |TAMS 0x000000070b800000| PB 0x000000070b800000| Complete 
|  11|0x000000070ba00000, 0x000000070bc00000, 0x000000070bc00000|100%| O|  |TAMS 0x000000070ba00000| PB 0x000000070ba00000| Untracked 
|  12|0x000000070bc00000, 0x000000070be00000, 0x000000070be00000|100%| O|  |TAMS 0x000000070bc00000| PB 0x000000070bc00000| Untracked 
|  13|0x000000070be00000, 0x000000070c000000, 0x000000070c000000|100%|HS|  |TAMS 0x000000070be00000| PB 0x000000070be00000| Complete 
|  14|0x000000070c000000, 0x000000070c200000, 0x000000070c200000|100%|HC|  |TAMS 0x000000070c000000| PB 0x000000070c000000| Complete 
|  15|0x000000070c200000, 0x000000070c400000, 0x000000070c400000|100%|HC|  |TAMS 0x000000070c200000| PB 0x000000070c200000| Complete 
|  16|0x000000070c400000, 0x000000070c600000, 0x000000070c600000|100%|HC|  |TAMS 0x000000070c400000| PB 0x000000070c400000| Complete 
|  17|0x000000070c600000, 0x000000070c800000, 0x000000070c800000|100%|HC|  |TAMS 0x000000070c600000| PB 0x000000070c600000| Complete 
|  18|0x000000070c800000, 0x000000070ca00000, 0x000000070ca00000|100%|HC|  |TAMS 0x000000070c800000| PB 0x000000070c800000| Complete 
|  19|0x000000070ca00000, 0x000000070cc00000, 0x000000070cc00000|100%|HC|  |TAMS 0x000000070ca00000| PB 0x000000070ca00000| Complete 
|  20|0x000000070cc00000, 0x000000070ce00000, 0x000000070ce00000|100%|HC|  |TAMS 0x000000070cc00000| PB 0x000000070cc00000| Complete 
|  21|0x000000070ce00000, 0x000000070d000000, 0x000000070d000000|100%|HC|  |TAMS 0x000000070ce00000| PB 0x000000070ce00000| Complete 
|  22|0x000000070d000000, 0x000000070d200000, 0x000000070d200000|100%|HC|  |TAMS 0x000000070d000000| PB 0x000000070d000000| Complete 
|  23|0x000000070d200000, 0x000000070d400000, 0x000000070d400000|100%|HS|  |TAMS 0x000000070d200000| PB 0x000000070d200000| Complete 
|  24|0x000000070d400000, 0x000000070d600000, 0x000000070d600000|100%|HC|  |TAMS 0x000000070d400000| PB 0x000000070d400000| Complete 
|  25|0x000000070d600000, 0x000000070d800000, 0x000000070d800000|100%| O|  |TAMS 0x000000070d600000| PB 0x000000070d600000| Untracked 
|  26|0x000000070d800000, 0x000000070da00000, 0x000000070da00000|100%|HS|  |TAMS 0x000000070d800000| PB 0x000000070d800000| Complete 
|  27|0x000000070da00000, 0x000000070dc00000, 0x000000070dc00000|100%|HS|  |TAMS 0x000000070da00000| PB 0x000000070da00000| Complete 
|  28|0x000000070dc00000, 0x000000070de00000, 0x000000070de00000|100%|HS|  |TAMS 0x000000070dc00000| PB 0x000000070dc00000| Complete 
|  29|0x000000070de00000, 0x000000070e000000, 0x000000070e000000|100%|HS|  |TAMS 0x000000070de00000| PB 0x000000070de00000| Complete 
|  30|0x000000070e000000, 0x000000070e200000, 0x000000070e200000|100%|HS|  |TAMS 0x000000070e000000| PB 0x000000070e000000| Complete 
|  31|0x000000070e200000, 0x000000070e400000, 0x000000070e400000|100%|HS|  |TAMS 0x000000070e200000| PB 0x000000070e200000| Complete 
|  32|0x000000070e400000, 0x000000070e600000, 0x000000070e600000|100%|HS|  |TAMS 0x000000070e400000| PB 0x000000070e400000| Complete 
|  33|0x000000070e600000, 0x000000070e800000, 0x000000070e800000|100%|HS|  |TAMS 0x000000070e600000| PB 0x000000070e600000| Complete 
|  34|0x000000070e800000, 0x000000070e85d600, 0x000000070ea00000| 18%| O|  |TAMS 0x000000070e800000| PB 0x000000070e800000| Complete 
|  35|0x000000070ea00000, 0x000000070ec00000, 0x000000070ec00000|100%|HS|  |TAMS 0x000000070ea00000| PB 0x000000070ea00000| Complete 
|  36|0x000000070ec00000, 0x000000070ee00000, 0x000000070ee00000|100%|HS|  |TAMS 0x000000070ec00000| PB 0x000000070ec00000| Complete 
|  37|0x000000070ee00000, 0x000000070f000000, 0x000000070f000000|100%|HS|  |TAMS 0x000000070ee00000| PB 0x000000070ee00000| Complete 
|  38|0x000000070f000000, 0x000000070f200000, 0x000000070f200000|100%|HS|  |TAMS 0x000000070f000000| PB 0x000000070f000000| Complete 
|  39|0x000000070f200000, 0x000000070f400000, 0x000000070f400000|100%|HS|  |TAMS 0x000000070f200000| PB 0x000000070f200000| Complete 
|  40|0x000000070f400000, 0x000000070f600000, 0x000000070f600000|100%| O|  |TAMS 0x000000070f400000| PB 0x000000070f400000| Untracked 
|  41|0x000000070f600000, 0x000000070f800000, 0x000000070f800000|100%| O|  |TAMS 0x000000070f600000| PB 0x000000070f600000| Untracked 
|  42|0x000000070f800000, 0x000000070fa00000, 0x000000070fa00000|100%| O|  |TAMS 0x000000070f800000| PB 0x000000070f800000| Untracked 
|  43|0x000000070fa00000, 0x000000070fc00000, 0x000000070fc00000|100%|HS|  |TAMS 0x000000070fa00000| PB 0x000000070fa00000| Complete 
|  44|0x000000070fc00000, 0x000000070fe00000, 0x000000070fe00000|100%|HS|  |TAMS 0x000000070fc00000| PB 0x000000070fc00000| Complete 
|  45|0x000000070fe00000, 0x0000000710000000, 0x0000000710000000|100%|HS|  |TAMS 0x000000070fe00000| PB 0x000000070fe00000| Complete 
|  46|0x0000000710000000, 0x0000000710200000, 0x0000000710200000|100%|HS|  |TAMS 0x0000000710000000| PB 0x0000000710000000| Complete 
|  47|0x0000000710200000, 0x0000000710400000, 0x0000000710400000|100%|HS|  |TAMS 0x0000000710200000| PB 0x0000000710200000| Complete 
|  48|0x0000000710400000, 0x0000000710600000, 0x0000000710600000|100%|HS|  |TAMS 0x0000000710400000| PB 0x0000000710400000| Complete 
|  49|0x0000000710600000, 0x0000000710800000, 0x0000000710800000|100%|HS|  |TAMS 0x0000000710600000| PB 0x0000000710600000| Complete 
|  50|0x0000000710800000, 0x0000000710a00000, 0x0000000710a00000|100%|HS|  |TAMS 0x0000000710800000| PB 0x0000000710800000| Complete 
|  51|0x0000000710a00000, 0x0000000710c00000, 0x0000000710c00000|100%|HS|  |TAMS 0x0000000710a00000| PB 0x0000000710a00000| Complete 
|  52|0x0000000710c00000, 0x0000000710c00000, 0x0000000710e00000|  0%| F|  |TAMS 0x0000000710c00000| PB 0x0000000710c00000| Untracked 
|  53|0x0000000710e00000, 0x0000000710e00000, 0x0000000711000000|  0%| F|  |TAMS 0x0000000710e00000| PB 0x0000000710e00000| Untracked 
|  54|0x0000000711000000, 0x0000000711000000, 0x0000000711200000|  0%| F|  |TAMS 0x0000000711000000| PB 0x0000000711000000| Untracked 
|  55|0x0000000711200000, 0x0000000711200000, 0x0000000711400000|  0%| F|  |TAMS 0x0000000711200000| PB 0x0000000711200000| Untracked 
|  56|0x0000000711400000, 0x0000000711400000, 0x0000000711600000|  0%| F|  |TAMS 0x0000000711400000| PB 0x0000000711400000| Untracked 
|  57|0x0000000711600000, 0x0000000711600000, 0x0000000711800000|  0%| F|  |TAMS 0x0000000711600000| PB 0x0000000711600000| Untracked 
|  58|0x0000000711800000, 0x0000000711a00000, 0x0000000711a00000|100%| O|  |TAMS 0x0000000711800000| PB 0x0000000711800000| Untracked 
|  59|0x0000000711a00000, 0x0000000711c00000, 0x0000000711c00000|100%| O|  |TAMS 0x0000000711a00000| PB 0x0000000711a00000| Untracked 
|  60|0x0000000711c00000, 0x0000000711da6c00, 0x0000000711e00000| 82%| O|  |TAMS 0x0000000711c00000| PB 0x0000000711c00000| Untracked 
|  61|0x0000000711e00000, 0x0000000711e00000, 0x0000000712000000|  0%| F|  |TAMS 0x0000000711e00000| PB 0x0000000711e00000| Untracked 
|  62|0x0000000712000000, 0x0000000712000000, 0x0000000712200000|  0%| F|  |TAMS 0x0000000712000000| PB 0x0000000712000000| Untracked 
|  63|0x0000000712200000, 0x0000000712200000, 0x0000000712400000|  0%| F|  |TAMS 0x0000000712200000| PB 0x0000000712200000| Untracked 
|  64|0x0000000712400000, 0x0000000712400000, 0x0000000712600000|  0%| F|  |TAMS 0x0000000712400000| PB 0x0000000712400000| Untracked 
|  65|0x0000000712600000, 0x0000000712600000, 0x0000000712800000|  0%| F|  |TAMS 0x0000000712600000| PB 0x0000000712600000| Untracked 
|  66|0x0000000712800000, 0x0000000712800000, 0x0000000712a00000|  0%| F|  |TAMS 0x0000000712800000| PB 0x0000000712800000| Untracked 
|  67|0x0000000712a00000, 0x0000000712a00000, 0x0000000712c00000|  0%| F|  |TAMS 0x0000000712a00000| PB 0x0000000712a00000| Untracked 
|  68|0x0000000712c00000, 0x0000000712c00000, 0x0000000712e00000|  0%| F|  |TAMS 0x0000000712c00000| PB 0x0000000712c00000| Untracked 
|  69|0x0000000712e00000, 0x0000000712e00000, 0x0000000713000000|  0%| F|  |TAMS 0x0000000712e00000| PB 0x0000000712e00000| Untracked 
|  70|0x0000000713000000, 0x0000000713000000, 0x0000000713200000|  0%| F|  |TAMS 0x0000000713000000| PB 0x0000000713000000| Untracked 
|  71|0x0000000713200000, 0x0000000713200000, 0x0000000713400000|  0%| F|  |TAMS 0x0000000713200000| PB 0x0000000713200000| Untracked 
|  72|0x0000000713400000, 0x0000000713400000, 0x0000000713600000|  0%| F|  |TAMS 0x0000000713400000| PB 0x0000000713400000| Untracked 
|  73|0x0000000713600000, 0x0000000713600000, 0x0000000713800000|  0%| F|  |TAMS 0x0000000713600000| PB 0x0000000713600000| Untracked 
|  74|0x0000000713800000, 0x0000000713800000, 0x0000000713a00000|  0%| F|  |TAMS 0x0000000713800000| PB 0x0000000713800000| Untracked 
|  75|0x0000000713a00000, 0x0000000713a00000, 0x0000000713c00000|  0%| F|  |TAMS 0x0000000713a00000| PB 0x0000000713a00000| Untracked 
|  76|0x0000000713c00000, 0x0000000713c00000, 0x0000000713e00000|  0%| F|  |TAMS 0x0000000713c00000| PB 0x0000000713c00000| Untracked 
|  77|0x0000000713e00000, 0x0000000713e00000, 0x0000000714000000|  0%| F|  |TAMS 0x0000000713e00000| PB 0x0000000713e00000| Untracked 
|  78|0x0000000714000000, 0x0000000714000000, 0x0000000714200000|  0%| F|  |TAMS 0x0000000714000000| PB 0x0000000714000000| Untracked 
|  79|0x0000000714200000, 0x0000000714200000, 0x0000000714400000|  0%| F|  |TAMS 0x0000000714200000| PB 0x0000000714200000| Untracked 
|  80|0x0000000714400000, 0x0000000714400000, 0x0000000714600000|  0%| F|  |TAMS 0x0000000714400000| PB 0x0000000714400000| Untracked 
|  81|0x0000000714600000, 0x0000000714600000, 0x0000000714800000|  0%| F|  |TAMS 0x0000000714600000| PB 0x0000000714600000| Untracked 
|  82|0x0000000714800000, 0x0000000714800000, 0x0000000714a00000|  0%| F|  |TAMS 0x0000000714800000| PB 0x0000000714800000| Untracked 
|  83|0x0000000714a00000, 0x0000000714a00000, 0x0000000714c00000|  0%| F|  |TAMS 0x0000000714a00000| PB 0x0000000714a00000| Untracked 
|  84|0x0000000714c00000, 0x0000000714c00000, 0x0000000714e00000|  0%| F|  |TAMS 0x0000000714c00000| PB 0x0000000714c00000| Untracked 
|  85|0x0000000714e00000, 0x0000000714e00000, 0x0000000715000000|  0%| F|  |TAMS 0x0000000714e00000| PB 0x0000000714e00000| Untracked 
|  86|0x0000000715000000, 0x0000000715000000, 0x0000000715200000|  0%| F|  |TAMS 0x0000000715000000| PB 0x0000000715000000| Untracked 
|  87|0x0000000715200000, 0x0000000715200000, 0x0000000715400000|  0%| F|  |TAMS 0x0000000715200000| PB 0x0000000715200000| Untracked 
|  88|0x0000000715400000, 0x0000000715400000, 0x0000000715600000|  0%| F|  |TAMS 0x0000000715400000| PB 0x0000000715400000| Untracked 
|  89|0x0000000715600000, 0x0000000715600000, 0x0000000715800000|  0%| F|  |TAMS 0x0000000715600000| PB 0x0000000715600000| Untracked 
|  90|0x0000000715800000, 0x0000000715800000, 0x0000000715a00000|  0%| F|  |TAMS 0x0000000715800000| PB 0x0000000715800000| Untracked 
|  91|0x0000000715a00000, 0x0000000715a00000, 0x0000000715c00000|  0%| F|  |TAMS 0x0000000715a00000| PB 0x0000000715a00000| Untracked 
|  92|0x0000000715c00000, 0x0000000715c00000, 0x0000000715e00000|  0%| F|  |TAMS 0x0000000715c00000| PB 0x0000000715c00000| Untracked 
|  93|0x0000000715e00000, 0x0000000715e00000, 0x0000000716000000|  0%| F|  |TAMS 0x0000000715e00000| PB 0x0000000715e00000| Untracked 
|  94|0x0000000716000000, 0x0000000716000000, 0x0000000716200000|  0%| F|  |TAMS 0x0000000716000000| PB 0x0000000716000000| Untracked 
|  95|0x0000000716200000, 0x0000000716200000, 0x0000000716400000|  0%| F|  |TAMS 0x0000000716200000| PB 0x0000000716200000| Untracked 
|  96|0x0000000716400000, 0x0000000716400000, 0x0000000716600000|  0%| F|  |TAMS 0x0000000716400000| PB 0x0000000716400000| Untracked 
|  97|0x0000000716600000, 0x0000000716600000, 0x0000000716800000|  0%| F|  |TAMS 0x0000000716600000| PB 0x0000000716600000| Untracked 
|  98|0x0000000716800000, 0x0000000716800000, 0x0000000716a00000|  0%| F|  |TAMS 0x0000000716800000| PB 0x0000000716800000| Untracked 
|  99|0x0000000716a00000, 0x0000000716a00000, 0x0000000716c00000|  0%| F|  |TAMS 0x0000000716a00000| PB 0x0000000716a00000| Untracked 
| 100|0x0000000716c00000, 0x0000000716c00000, 0x0000000716e00000|  0%| F|  |TAMS 0x0000000716c00000| PB 0x0000000716c00000| Untracked 
| 101|0x0000000716e00000, 0x0000000716e00000, 0x0000000717000000|  0%| F|  |TAMS 0x0000000716e00000| PB 0x0000000716e00000| Untracked 
| 102|0x0000000717000000, 0x0000000717000000, 0x0000000717200000|  0%| F|  |TAMS 0x0000000717000000| PB 0x0000000717000000| Untracked 
| 103|0x0000000717200000, 0x0000000717200000, 0x0000000717400000|  0%| F|  |TAMS 0x0000000717200000| PB 0x0000000717200000| Untracked 
| 104|0x0000000717400000, 0x0000000717400000, 0x0000000717600000|  0%| F|  |TAMS 0x0000000717400000| PB 0x0000000717400000| Untracked 
| 105|0x0000000717600000, 0x0000000717600000, 0x0000000717800000|  0%| F|  |TAMS 0x0000000717600000| PB 0x0000000717600000| Untracked 
| 106|0x0000000717800000, 0x0000000717800000, 0x0000000717a00000|  0%| F|  |TAMS 0x0000000717800000| PB 0x0000000717800000| Untracked 
| 107|0x0000000717a00000, 0x0000000717a00000, 0x0000000717c00000|  0%| F|  |TAMS 0x0000000717a00000| PB 0x0000000717a00000| Untracked 
| 108|0x0000000717c00000, 0x0000000717c00000, 0x0000000717e00000|  0%| F|  |TAMS 0x0000000717c00000| PB 0x0000000717c00000| Untracked 
| 109|0x0000000717e00000, 0x0000000717e00000, 0x0000000718000000|  0%| F|  |TAMS 0x0000000717e00000| PB 0x0000000717e00000| Untracked 
| 110|0x0000000718000000, 0x0000000718000000, 0x0000000718200000|  0%| F|  |TAMS 0x0000000718000000| PB 0x0000000718000000| Untracked 
| 111|0x0000000718200000, 0x0000000718200000, 0x0000000718400000|  0%| F|  |TAMS 0x0000000718200000| PB 0x0000000718200000| Untracked 
| 112|0x0000000718400000, 0x0000000718400000, 0x0000000718600000|  0%| F|  |TAMS 0x0000000718400000| PB 0x0000000718400000| Untracked 
| 113|0x0000000718600000, 0x0000000718600000, 0x0000000718800000|  0%| F|  |TAMS 0x0000000718600000| PB 0x0000000718600000| Untracked 
| 114|0x0000000718800000, 0x0000000718800000, 0x0000000718a00000|  0%| F|  |TAMS 0x0000000718800000| PB 0x0000000718800000| Untracked 
| 115|0x0000000718a00000, 0x0000000718a00000, 0x0000000718c00000|  0%| F|  |TAMS 0x0000000718a00000| PB 0x0000000718a00000| Untracked 
| 116|0x0000000718c00000, 0x0000000718c00000, 0x0000000718e00000|  0%| F|  |TAMS 0x0000000718c00000| PB 0x0000000718c00000| Untracked 
| 117|0x0000000718e00000, 0x0000000718e00000, 0x0000000719000000|  0%| F|  |TAMS 0x0000000718e00000| PB 0x0000000718e00000| Untracked 
| 118|0x0000000719000000, 0x0000000719000000, 0x0000000719200000|  0%| F|  |TAMS 0x0000000719000000| PB 0x0000000719000000| Untracked 
| 119|0x0000000719200000, 0x0000000719200000, 0x0000000719400000|  0%| F|  |TAMS 0x0000000719200000| PB 0x0000000719200000| Untracked 
| 120|0x0000000719400000, 0x0000000719400000, 0x0000000719600000|  0%| F|  |TAMS 0x0000000719400000| PB 0x0000000719400000| Untracked 
| 121|0x0000000719600000, 0x0000000719600000, 0x0000000719800000|  0%| F|  |TAMS 0x0000000719600000| PB 0x0000000719600000| Untracked 
| 122|0x0000000719800000, 0x0000000719800000, 0x0000000719a00000|  0%| F|  |TAMS 0x0000000719800000| PB 0x0000000719800000| Untracked 
| 123|0x0000000719a00000, 0x0000000719a00000, 0x0000000719c00000|  0%| F|  |TAMS 0x0000000719a00000| PB 0x0000000719a00000| Untracked 
| 124|0x0000000719c00000, 0x0000000719c00000, 0x0000000719e00000|  0%| F|  |TAMS 0x0000000719c00000| PB 0x0000000719c00000| Untracked 
| 125|0x0000000719e00000, 0x0000000719e00000, 0x000000071a000000|  0%| F|  |TAMS 0x0000000719e00000| PB 0x0000000719e00000| Untracked 
| 126|0x000000071a000000, 0x000000071a000000, 0x000000071a200000|  0%| F|  |TAMS 0x000000071a000000| PB 0x000000071a000000| Untracked 
| 127|0x000000071a200000, 0x000000071a200000, 0x000000071a400000|  0%| F|  |TAMS 0x000000071a200000| PB 0x000000071a200000| Untracked 
| 128|0x000000071a400000, 0x000000071a400000, 0x000000071a600000|  0%| F|  |TAMS 0x000000071a400000| PB 0x000000071a400000| Untracked 
| 129|0x000000071a600000, 0x000000071a600000, 0x000000071a800000|  0%| F|  |TAMS 0x000000071a600000| PB 0x000000071a600000| Untracked 
| 130|0x000000071a800000, 0x000000071a800000, 0x000000071aa00000|  0%| F|  |TAMS 0x000000071a800000| PB 0x000000071a800000| Untracked 
| 131|0x000000071aa00000, 0x000000071aa00000, 0x000000071ac00000|  0%| F|  |TAMS 0x000000071aa00000| PB 0x000000071aa00000| Untracked 
| 132|0x000000071ac00000, 0x000000071ac00000, 0x000000071ae00000|  0%| F|  |TAMS 0x000000071ac00000| PB 0x000000071ac00000| Untracked 
| 133|0x000000071ae00000, 0x000000071ae00000, 0x000000071b000000|  0%| F|  |TAMS 0x000000071ae00000| PB 0x000000071ae00000| Untracked 
| 134|0x000000071b000000, 0x000000071b000000, 0x000000071b200000|  0%| F|  |TAMS 0x000000071b000000| PB 0x000000071b000000| Untracked 
| 135|0x000000071b200000, 0x000000071b200000, 0x000000071b400000|  0%| F|  |TAMS 0x000000071b200000| PB 0x000000071b200000| Untracked 
| 136|0x000000071b400000, 0x000000071b400000, 0x000000071b600000|  0%| F|  |TAMS 0x000000071b400000| PB 0x000000071b400000| Untracked 
| 137|0x000000071b600000, 0x000000071b600000, 0x000000071b800000|  0%| F|  |TAMS 0x000000071b600000| PB 0x000000071b600000| Untracked 
| 138|0x000000071b800000, 0x000000071b800000, 0x000000071ba00000|  0%| F|  |TAMS 0x000000071b800000| PB 0x000000071b800000| Untracked 
| 139|0x000000071ba00000, 0x000000071ba00000, 0x000000071bc00000|  0%| F|  |TAMS 0x000000071ba00000| PB 0x000000071ba00000| Untracked 
| 140|0x000000071bc00000, 0x000000071bc00000, 0x000000071be00000|  0%| F|  |TAMS 0x000000071bc00000| PB 0x000000071bc00000| Untracked 
| 141|0x000000071be00000, 0x000000071be00000, 0x000000071c000000|  0%| F|  |TAMS 0x000000071be00000| PB 0x000000071be00000| Untracked 
| 142|0x000000071c000000, 0x000000071c000000, 0x000000071c200000|  0%| F|  |TAMS 0x000000071c000000| PB 0x000000071c000000| Untracked 
| 143|0x000000071c200000, 0x000000071c200000, 0x000000071c400000|  0%| F|  |TAMS 0x000000071c200000| PB 0x000000071c200000| Untracked 
| 144|0x000000071c400000, 0x000000071c400000, 0x000000071c600000|  0%| F|  |TAMS 0x000000071c400000| PB 0x000000071c400000| Untracked 
| 145|0x000000071c600000, 0x000000071c600000, 0x000000071c800000|  0%| F|  |TAMS 0x000000071c600000| PB 0x000000071c600000| Untracked 
| 146|0x000000071c800000, 0x000000071c800000, 0x000000071ca00000|  0%| F|  |TAMS 0x000000071c800000| PB 0x000000071c800000| Untracked 
| 147|0x000000071ca00000, 0x000000071ca00000, 0x000000071cc00000|  0%| F|  |TAMS 0x000000071ca00000| PB 0x000000071ca00000| Untracked 
| 148|0x000000071cc00000, 0x000000071cc00000, 0x000000071ce00000|  0%| F|  |TAMS 0x000000071cc00000| PB 0x000000071cc00000| Untracked 
| 149|0x000000071ce00000, 0x000000071cfb66f0, 0x000000071d000000| 85%| E|  |TAMS 0x000000071ce00000| PB 0x000000071ce00000| Complete 
| 150|0x000000071d000000, 0x000000071d200000, 0x000000071d200000|100%| E|CS|TAMS 0x000000071d000000| PB 0x000000071d000000| Complete 
| 151|0x000000071d200000, 0x000000071d400000, 0x000000071d400000|100%| E|CS|TAMS 0x000000071d200000| PB 0x000000071d200000| Complete 
| 152|0x000000071d400000, 0x000000071d600000, 0x000000071d600000|100%| E|CS|TAMS 0x000000071d400000| PB 0x000000071d400000| Complete 
| 153|0x000000071d600000, 0x000000071d800000, 0x000000071d800000|100%| E|CS|TAMS 0x000000071d600000| PB 0x000000071d600000| Complete 
|1955|0x00000007fea00000, 0x00000007fec00000, 0x00000007fec00000|100%| O|  |TAMS 0x00000007fea00000| PB 0x00000007fea00000| Untracked 
|1956|0x00000007fec00000, 0x00000007fec5ba00, 0x00000007fee00000| 17%| O|  |TAMS 0x00000007fec00000| PB 0x00000007fec00000| Untracked 
|1958|0x00000007ff000000, 0x00000007ff200000, 0x00000007ff200000|100%| O|  |TAMS 0x00000007ff000000| PB 0x00000007ff000000| Untracked 
|1959|0x00000007ff200000, 0x00000007ff400000, 0x00000007ff400000|100%| O|  |TAMS 0x00000007ff200000| PB 0x00000007ff200000| Untracked 
|1960|0x00000007ff400000, 0x00000007ff41f6d8, 0x00000007ff600000|  6%| S|CS|TAMS 0x00000007ff400000| PB 0x00000007ff400000| Complete 
|1961|0x00000007ff600000, 0x00000007ff800000, 0x00000007ff800000|100%| O|  |TAMS 0x00000007ff600000| PB 0x00000007ff600000| Untracked 
|1962|0x00000007ff800000, 0x00000007ffa00000, 0x00000007ffa00000|100%| E|CS|TAMS 0x00000007ff800000| PB 0x00000007ff800000| Complete 
|1963|0x00000007ffa00000, 0x00000007ffc00000, 0x00000007ffc00000|100%| O|  |TAMS 0x00000007ffa00000| PB 0x00000007ffa00000| Untracked 
|1964|0x00000007ffc00000, 0x00000007ffe00000, 0x00000007ffe00000|100%| O|  |TAMS 0x00000007ffc00000| PB 0x00000007ffc00000| Untracked 
|1965|0x00000007ffe00000, 0x0000000800000000, 0x0000000800000000|100%| O|  |TAMS 0x00000007ffe00000| PB 0x00000007ffe00000| Untracked 

Card table byte_map: [0x000001f6e2fe0000,0x000001f6e3790000] _byte_map_base: 0x000001f6df78e000

Marking Bits: (CMBitMap*) 0x000001f6cf69d2d0
 Bits: [0x000001f6e3f40000, 0x000001f6e7cb0000)

Polling page: 0x000001f6cd590000

Metaspace:

Usage:
  Non-class:     42.59 MB used.
      Class:      5.23 MB used.
       Both:     47.83 MB used.

Virtual space:
  Non-class space:       64.00 MB reserved,      42.81 MB ( 67%) committed,  1 nodes.
      Class space:        1.00 GB reserved,       5.44 MB ( <1%) committed,  1 nodes.
             Both:        1.06 GB reserved,      48.25 MB (  4%) committed. 

Chunk freelists:
   Non-Class:  576.00 KB
       Class:  2.52 MB
        Both:  3.08 MB

MaxMetaspaceSize: unlimited
CompressedClassSpaceSize: 1.00 GB
Initial GC threshold: 21.00 MB
Current GC threshold: 79.62 MB
CDS: off
MetaspaceReclaimPolicy: balanced
 - commit_granule_bytes: 65536.
 - commit_granule_words: 8192.
 - virtual_space_node_default_size: 8388608.
 - enlarge_chunks_in_place: 1.
 - new_chunks_are_fully_committed: 0.
 - uncommit_free_chunks: 1.
 - use_allocation_guard: 0.


Internal statistics:

num_allocs_failed_limit: 3.
num_arena_births: 498.
num_arena_deaths: 0.
num_vsnodes_births: 2.
num_vsnodes_deaths: 0.
num_space_committed: 772.
num_space_uncommitted: 0.
num_chunks_returned_to_freelist: 3.
num_chunks_taken_from_freelist: 1647.
num_chunk_merges: 0.
num_chunk_splits: 1101.
num_chunks_enlarged: 776.
num_inconsistent_stats: 0.

CodeHeap 'non-profiled nmethods': size=119168Kb used=7480Kb max_used=7939Kb free=111687Kb
 bounds [0x000001f6dab40000, 0x000001f6db310000, 0x000001f6e1fa0000]
CodeHeap 'profiled nmethods': size=119104Kb used=16010Kb max_used=22650Kb free=103093Kb
 bounds [0x000001f6d2fa0000, 0x000001f6d45c0000, 0x000001f6da3f0000]
CodeHeap 'non-nmethods': size=7488Kb used=2996Kb max_used=3942Kb free=4491Kb
 bounds [0x000001f6da3f0000, 0x000001f6da8b0000, 0x000001f6dab40000]
 total_blobs=9719 nmethods=8432 adapters=1194
 compilation: enabled
              stopped_count=0, restarted_count=0
 full_count=0

Compilation events (20 events):
Event: 145.539 Thread 0x000001f6902df160 nmethod 11366 0x000001f6d3085d10 code [0x000001f6d3085ea0, 0x000001f6d3086008]
Event: 145.539 Thread 0x000001f6ef087ce0 nmethod 11365 0x000001f6d329cf90 code [0x000001f6d329d140, 0x000001f6d329d548]
Event: 145.540 Thread 0x000001f6ef087360 11367       4       jdk.internal.jimage.ImageLocation::verify (218 bytes)
Event: 145.574 Thread 0x000001f6ef087360 nmethod 11367 0x000001f6dad7a290 code [0x000001f6dad7a560, 0x000001f6dad7c410]
Event: 145.643 Thread 0x000001f6ef087360 11368 %     4       jdk.internal.loader.URLClassPath::getResource @ 39 (74 bytes)
Event: 145.654 Thread 0x000001f6ef087360 nmethod 11368% 0x000001f6db104790 code [0x000001f6db104a20, 0x000001f6db105c28]
Event: 145.656 Thread 0x000001f6ef087360 11369       4       java.util.Optional::empty (6 bytes)
Event: 145.656 Thread 0x000001f6ef087360 nmethod 11369 0x000001f6db104490 code [0x000001f6db104600, 0x000001f6db104670]
Event: 145.727 Thread 0x000001f6ef087360 11370       4       java.util.TimeZone::getDefaultRef (32 bytes)
Event: 145.727 Thread 0x000001f6ef087360 nmethod 11370 0x000001f6daf82c10 code [0x000001f6daf82d80, 0x000001f6daf82e10]
Event: 145.791 Thread 0x000001f6ef087ce0 11371       1       java.util.logging.Logger::getName (5 bytes)
Event: 145.791 Thread 0x000001f6ef087ce0 nmethod 11371 0x000001f6daf47010 code [0x000001f6daf47180, 0x000001f6daf47250]
Event: 145.792 Thread 0x000001f6ef087360 11372       4       com.sun.prism.GraphicsPipeline::getPipeline (4 bytes)
Event: 145.793 Thread 0x000001f6ef087360 nmethod 11372 0x000001f6db11d410 code [0x000001f6db11d580, 0x000001f6db11d600]
Event: 145.793 Thread 0x000001f6902df160 11373       3       com.sun.prism.d3d.D3DResource$D3DRecord::markDisposed (6 bytes)
Event: 145.793 Thread 0x000001f6ef087ce0 11374       3       com.sun.prism.d3d.D3DTextureData::markDisposed (34 bytes)
Event: 145.793 Thread 0x000001f6902df160 nmethod 11373 0x000001f6d30ad710 code [0x000001f6d30ad8a0, 0x000001f6d30ad9b8]
Event: 145.793 Thread 0x000001f6ef087ce0 nmethod 11374 0x000001f6d35a2410 code [0x000001f6d35a25c0, 0x000001f6d35a28d0]
Event: 145.879 Thread 0x000001f6ef087360 11375       4       java.lang.Class::getConstructor (31 bytes)
Event: 145.888 Thread 0x000001f6ef087360 nmethod 11375 0x000001f6dae63a10 code [0x000001f6dae63be0, 0x000001f6dae64578]

GC Heap History (20 events):
Event: 144.993 GC heap before
{Heap before GC invocations=553 (full 0):
 garbage-first heap   total 389120K, used 107145K [0x000000070a400000, 0x0000000800000000)
  region size 2048K, 5 young (10240K), 1 survivors (2048K)
 Metaspace       used 47131K, committed 47616K, reserved 1114112K
  class space    used 5269K, committed 5504K, reserved 1048576K
}
Event: 144.993 GC heap after
{Heap after GC invocations=554 (full 0):
 garbage-first heap   total 389120K, used 88677K [0x000000070a400000, 0x0000000800000000)
  region size 2048K, 1 young (2048K), 1 survivors (2048K)
 Metaspace       used 47131K, committed 47616K, reserved 1114112K
  class space    used 5269K, committed 5504K, reserved 1048576K
}
Event: 145.096 GC heap before
{Heap before GC invocations=554 (full 0):
 garbage-first heap   total 389120K, used 103013K [0x000000070a400000, 0x0000000800000000)
  region size 2048K, 4 young (8192K), 1 survivors (2048K)
 Metaspace       used 47131K, committed 47616K, reserved 1114112K
  class space    used 5269K, committed 5504K, reserved 1048576K
}
Event: 145.096 GC heap after
{Heap after GC invocations=555 (full 0):
 garbage-first heap   total 389120K, used 86633K [0x000000070a400000, 0x0000000800000000)
  region size 2048K, 1 young (2048K), 1 survivors (2048K)
 Metaspace       used 47131K, committed 47616K, reserved 1114112K
  class space    used 5269K, committed 5504K, reserved 1048576K
}
Event: 145.200 GC heap before
{Heap before GC invocations=555 (full 0):
 garbage-first heap   total 389120K, used 105065K [0x000000070a400000, 0x0000000800000000)
  region size 2048K, 5 young (10240K), 1 survivors (2048K)
 Metaspace       used 47131K, committed 47616K, reserved 1114112K
  class space    used 5269K, committed 5504K, reserved 1048576K
}
Event: 145.201 GC heap after
{Heap after GC invocations=556 (full 0):
 garbage-first heap   total 389120K, used 86635K [0x000000070a400000, 0x0000000800000000)
  region size 2048K, 1 young (2048K), 1 survivors (2048K)
 Metaspace       used 47131K, committed 47616K, reserved 1114112K
  class space    used 5269K, committed 5504K, reserved 1048576K
}
Event: 145.301 GC heap before
{Heap before GC invocations=556 (full 0):
 garbage-first heap   total 389120K, used 105067K [0x000000070a400000, 0x0000000800000000)
  region size 2048K, 4 young (8192K), 1 survivors (2048K)
 Metaspace       used 47131K, committed 47616K, reserved 1114112K
  class space    used 5269K, committed 5504K, reserved 1048576K
}
Event: 145.301 GC heap after
{Heap after GC invocations=557 (full 0):
 garbage-first heap   total 389120K, used 88663K [0x000000070a400000, 0x0000000800000000)
  region size 2048K, 1 young (2048K), 1 survivors (2048K)
 Metaspace       used 47131K, committed 47616K, reserved 1114112K
  class space    used 5269K, committed 5504K, reserved 1048576K
}
Event: 145.420 GC heap before
{Heap before GC invocations=557 (full 0):
 garbage-first heap   total 389120K, used 105047K [0x000000070a400000, 0x0000000800000000)
  region size 2048K, 5 young (10240K), 1 survivors (2048K)
 Metaspace       used 47131K, committed 47616K, reserved 1114112K
  class space    used 5269K, committed 5504K, reserved 1048576K
}
Event: 145.420 GC heap after
{Heap after GC invocations=558 (full 0):
 garbage-first heap   total 389120K, used 86680K [0x000000070a400000, 0x0000000800000000)
  region size 2048K, 1 young (2048K), 1 survivors (2048K)
 Metaspace       used 47131K, committed 47616K, reserved 1114112K
  class space    used 5269K, committed 5504K, reserved 1048576K
}
Event: 145.523 GC heap before
{Heap before GC invocations=558 (full 0):
 garbage-first heap   total 389120K, used 107160K [0x000000070a400000, 0x0000000800000000)
  region size 2048K, 6 young (12288K), 1 survivors (2048K)
 Metaspace       used 48442K, committed 48896K, reserved 1114112K
  class space    used 5273K, committed 5504K, reserved 1048576K
}
Event: 145.524 GC heap after
{Heap after GC invocations=559 (full 0):
 garbage-first heap   total 389120K, used 92832K [0x000000070a400000, 0x0000000800000000)
  region size 2048K, 1 young (2048K), 1 survivors (2048K)
 Metaspace       used 48442K, committed 48896K, reserved 1114112K
  class space    used 5273K, committed 5504K, reserved 1048576K
}
Event: 145.561 GC heap before
{Heap before GC invocations=559 (full 0):
 garbage-first heap   total 389120K, used 96928K [0x000000070a400000, 0x0000000800000000)
  region size 2048K, 3 young (6144K), 1 survivors (2048K)
 Metaspace       used 48443K, committed 48896K, reserved 1114112K
  class space    used 5273K, committed 5504K, reserved 1048576K
}
Event: 145.562 GC heap after
{Heap after GC invocations=560 (full 0):
 garbage-first heap   total 389120K, used 88638K [0x000000070a400000, 0x0000000800000000)
  region size 2048K, 1 young (2048K), 1 survivors (2048K)
 Metaspace       used 48443K, committed 48896K, reserved 1114112K
  class space    used 5273K, committed 5504K, reserved 1048576K
}
Event: 145.562 GC heap before
{Heap before GC invocations=560 (full 0):
 garbage-first heap   total 389120K, used 90686K [0x000000070a400000, 0x0000000800000000)
  region size 2048K, 2 young (4096K), 1 survivors (2048K)
 Metaspace       used 48443K, committed 48896K, reserved 1114112K
  class space    used 5273K, committed 5504K, reserved 1048576K
}
Event: 145.563 GC heap after
{Heap after GC invocations=561 (full 0):
 garbage-first heap   total 389120K, used 88576K [0x000000070a400000, 0x0000000800000000)
  region size 2048K, 1 young (2048K), 1 survivors (2048K)
 Metaspace       used 48443K, committed 48896K, reserved 1114112K
  class space    used 5273K, committed 5504K, reserved 1048576K
}
Event: 145.599 GC heap before
{Heap before GC invocations=561 (full 0):
 garbage-first heap   total 389120K, used 90624K [0x000000070a400000, 0x0000000800000000)
  region size 2048K, 2 young (4096K), 1 survivors (2048K)
 Metaspace       used 48443K, committed 48896K, reserved 1114112K
  class space    used 5273K, committed 5504K, reserved 1048576K
}
Event: 145.599 GC heap after
{Heap after GC invocations=562 (full 0):
 garbage-first heap   total 389120K, used 90692K [0x000000070a400000, 0x0000000800000000)
  region size 2048K, 1 young (2048K), 1 survivors (2048K)
 Metaspace       used 48443K, committed 48896K, reserved 1114112K
  class space    used 5273K, committed 5504K, reserved 1048576K
}
Event: 145.600 GC heap before
{Heap before GC invocations=562 (full 0):
 garbage-first heap   total 389120K, used 92740K [0x000000070a400000, 0x0000000800000000)
  region size 2048K, 2 young (4096K), 1 survivors (2048K)
 Metaspace       used 48443K, committed 48896K, reserved 1114112K
  class space    used 5273K, committed 5504K, reserved 1048576K
}
Event: 145.600 GC heap after
{Heap after GC invocations=563 (full 0):
 garbage-first heap   total 389120K, used 90620K [0x000000070a400000, 0x0000000800000000)
  region size 2048K, 1 young (2048K), 1 survivors (2048K)
 Metaspace       used 48443K, committed 48896K, reserved 1114112K
  class space    used 5273K, committed 5504K, reserved 1048576K
}

Dll operation events (20 events):
Event: 9.502 Loaded shared library C:\Users\Acer\.javacpp\cache\opencv-3.2.0-1.3-windows-x86_64.jar\org\bytedeco\javacpp\windows-x86_64\opencv_highgui320.dll
Event: 9.505 Loaded shared library C:\Users\Acer\.javacpp\cache\opencv-3.2.0-1.3-windows-x86_64.jar\org\bytedeco\javacpp\windows-x86_64\jniopencv_highgui.dll
Event: 9.516 Loaded shared library C:\Users\Acer\.javacpp\cache\opencv-3.2.0-1.3-windows-x86_64.jar\org\bytedeco\javacpp\windows-x86_64\opencv_ml320.dll
Event: 9.519 Loaded shared library C:\Users\Acer\.javacpp\cache\opencv-3.2.0-1.3-windows-x86_64.jar\org\bytedeco\javacpp\windows-x86_64\jniopencv_ml.dll
Event: 9.537 Loaded shared library C:\Users\Acer\.javacpp\cache\opencv-3.2.0-1.3-windows-x86_64.jar\org\bytedeco\javacpp\windows-x86_64\opencv_objdetect320.dll
Event: 9.541 Loaded shared library C:\Users\Acer\.javacpp\cache\opencv-3.2.0-1.3-windows-x86_64.jar\org\bytedeco\javacpp\windows-x86_64\jniopencv_objdetect.dll
Event: 9.557 Loaded shared library C:\Users\Acer\.javacpp\cache\opencv-3.2.0-1.3-windows-x86_64.jar\org\bytedeco\javacpp\windows-x86_64\opencv_face320.dll
Event: 9.560 Loaded shared library C:\Users\Acer\.javacpp\cache\opencv-3.2.0-1.3-windows-x86_64.jar\org\bytedeco\javacpp\windows-x86_64\jniopencv_face.dll
Event: 10.246 Loaded shared library C:\Users\Acer\.p2\pool\plugins\org.eclipse.justj.openjdk.hotspot.jre.full.win32.x86_64_20.0.2.v20230801-2057\jre\bin\verify.dll
Event: 10.347 Loaded shared library C:\Users\Acer\.p2\pool\plugins\org.eclipse.justj.openjdk.hotspot.jre.full.win32.x86_64_20.0.2.v20230801-2057\jre\bin\extnet.dll
Event: 10.411 Loaded shared library C:\Users\Acer\.p2\pool\plugins\org.eclipse.justj.openjdk.hotspot.jre.full.win32.x86_64_20.0.2.v20230801-2057\jre\bin\sunmscapi.dll
Event: 14.075 Loaded shared library C:\Users\Acer\.p2\pool\plugins\org.eclipse.justj.openjdk.hotspot.jre.full.win32.x86_64_20.0.2.v20230801-2057\jre\bin\freetype.dll
Event: 14.077 Loaded shared library C:\Users\Acer\.p2\pool\plugins\org.eclipse.justj.openjdk.hotspot.jre.full.win32.x86_64_20.0.2.v20230801-2057\jre\bin\fontmanager.dll
Event: 145.455 Loaded shared library C:\Users\Acer\.javacpp\cache\leptonica-1.73-1.3-windows-x86_64.jar\org\bytedeco\javacpp\windows-x86_64\libwinpthread-1.dll
Event: 145.458 Loaded shared library C:\Users\Acer\.javacpp\cache\leptonica-1.73-1.3-windows-x86_64.jar\org\bytedeco\javacpp\windows-x86_64\libgcc_s_seh-1.dll
Event: 145.463 Loaded shared library C:\Users\Acer\.javacpp\cache\leptonica-1.73-1.3-windows-x86_64.jar\org\bytedeco\javacpp\windows-x86_64\libstdc++-6.dll
Event: 145.539 Loaded shared library C:\Users\Acer\.javacpp\cache\leptonica-1.73-1.3-windows-x86_64.jar\org\bytedeco\javacpp\windows-x86_64\liblept-5.dll
Event: 145.630 Loaded shared library C:\Users\Acer\.javacpp\cache\leptonica-1.73-1.3-windows-x86_64.jar\org\bytedeco\javacpp\windows-x86_64\jnilept.dll
Event: 145.733 Loaded shared library C:\Users\Acer\.javacpp\cache\tesseract-3.04.01-1.3-windows-x86_64.jar\org\bytedeco\javacpp\windows-x86_64\libtesseract-3.dll
Event: 145.768 Loaded shared library C:\Users\Acer\.javacpp\cache\tesseract-3.04.01-1.3-windows-x86_64.jar\org\bytedeco\javacpp\windows-x86_64\jnitesseract.dll

Deoptimization events (20 events):
Event: 145.792 Thread 0x000001f6efd60e80 Uncommon trap: trap_request=0xffffff45 fr.pc=0x000001f6db1f5f3c relative=0x00000000000004fc
Event: 145.792 Thread 0x000001f6efd60e80 Uncommon trap: reason=unstable_if action=reinterpret pc=0x000001f6db1f5f3c method=java.util.concurrent.locks.AbstractQueuedSynchronizer$ConditionNode.isReleasable()Z @ 14 c2
Event: 145.792 Thread 0x000001f6efd60e80 DEOPT PACKING pc=0x000001f6db1f5f3c sp=0x0000001293ffec40
Event: 145.792 Thread 0x000001f6efd60e80 DEOPT UNPACKING pc=0x000001f6da459d22 sp=0x0000001293ffea68 mode 2
Event: 145.792 Thread 0x000001f6efd60e80 Uncommon trap: trap_request=0xffffff45 fr.pc=0x000001f6db080658 relative=0x0000000000000058
Event: 145.792 Thread 0x000001f6efd60e80 Uncommon trap: reason=unstable_if action=reinterpret pc=0x000001f6db080658 method=java.lang.Thread.getAndClearInterrupt()Z @ 6 c2
Event: 145.792 Thread 0x000001f6efd60e80 DEOPT PACKING pc=0x000001f6db080658 sp=0x0000001293ffebf0
Event: 145.792 Thread 0x000001f6efd60e80 DEOPT UNPACKING pc=0x000001f6da459d22 sp=0x0000001293ffeb28 mode 2
Event: 145.792 Thread 0x000001f6efd60e80 Uncommon trap: trap_request=0xffffff76 fr.pc=0x000001f6db0106e0 relative=0x00000000000004e0
Event: 145.792 Thread 0x000001f6efd60e80 Uncommon trap: reason=predicate action=maybe_recompile pc=0x000001f6db0106e0 method=java.util.LinkedList.remove(Ljava/lang/Object;)Z @ 45 c2
Event: 145.792 Thread 0x000001f6efd60e80 DEOPT PACKING pc=0x000001f6db0106e0 sp=0x0000001293ffeb00
Event: 145.792 Thread 0x000001f6efd60e80 DEOPT UNPACKING pc=0x000001f6da459d22 sp=0x0000001293ffeaa8 mode 2
Event: 145.792 Thread 0x000001f6efd60e80 Uncommon trap: trap_request=0xffffff45 fr.pc=0x000001f6db10df20 relative=0x0000000000000800
Event: 145.792 Thread 0x000001f6efd60e80 Uncommon trap: reason=unstable_if action=reinterpret pc=0x000001f6db10df20 method=java.util.concurrent.ConcurrentHashMap.replaceNode(Ljava/lang/Object;Ljava/lang/Object;Ljava/lang/Object;)Ljava/lang/Object; @ 136 c2
Event: 145.792 Thread 0x000001f6efd60e80 DEOPT PACKING pc=0x000001f6db10df20 sp=0x0000001293ffea70
Event: 145.792 Thread 0x000001f6efd60e80 DEOPT UNPACKING pc=0x000001f6da459d22 sp=0x0000001293ffe9d8 mode 2
Event: 145.816 Thread 0x000001f6f1acc8a0 Uncommon trap: trap_request=0xffffff45 fr.pc=0x000001f6db2e9d88 relative=0x00000000000004a8
Event: 145.816 Thread 0x000001f6f1acc8a0 Uncommon trap: reason=unstable_if action=reinterpret pc=0x000001f6db2e9d88 method=com.sun.javafx.tk.quantum.QuantumToolkit.defer(Ljava/lang/Runnable;)V @ 7 c2
Event: 145.816 Thread 0x000001f6f1acc8a0 DEOPT PACKING pc=0x000001f6db2e9d88 sp=0x00000012925feee0
Event: 145.816 Thread 0x000001f6f1acc8a0 DEOPT UNPACKING pc=0x000001f6da459d22 sp=0x00000012925fed58 mode 2

Classes loaded (20 events):
Event: 119.519 Loading class java/util/Formatter
Event: 119.520 Loading class java/util/Formatter done
Event: 119.520 Loading class java/util/Formatter$FixedString
Event: 119.520 Loading class java/util/Formatter$FormatString
Event: 119.520 Loading class java/util/Formatter$FormatString done
Event: 119.520 Loading class java/util/Formatter$FixedString done
Event: 119.520 Loading class java/util/Formatter$Conversion
Event: 119.520 Loading class java/util/Formatter$Conversion done
Event: 119.520 Loading class java/util/Formatter$FormatSpecifier
Event: 119.520 Loading class java/util/Formatter$FormatSpecifier done
Event: 119.520 Loading class java/util/Formattable
Event: 119.520 Loading class java/util/Formattable done
Event: 119.520 Loading class java/util/Formatter$Flags
Event: 119.521 Loading class java/util/Formatter$Flags done
Event: 119.521 Loading class java/lang/invoke/WrongMethodTypeException
Event: 119.521 Loading class java/lang/invoke/WrongMethodTypeException done
Event: 119.522 Loading class java/lang/Throwable$WrappedPrintStream
Event: 119.522 Loading class java/lang/Throwable$PrintStreamOrWriter
Event: 119.522 Loading class java/lang/Throwable$PrintStreamOrWriter done
Event: 119.522 Loading class java/lang/Throwable$WrappedPrintStream done

Classes unloaded (0 events):
No events

Classes redefined (0 events):
No events

Internal exceptions (20 events):
Event: 129.124 Thread 0x000001f6f1acc8a0 Exception <a 'java/net/SocketException'{0x00000007fef6ed50}: Connection reset by peer: shutdown> (0x00000007fef6ed50) 
thrown [s\src\hotspot\share\prims\jni.cpp, line 538]
Event: 129.493 Thread 0x000001f6f1acc8a0 Exception <a 'java/net/SocketException'{0x00000007fef1a030}: Connection reset by peer: shutdown> (0x00000007fef1a030) 
thrown [s\src\hotspot\share\prims\jni.cpp, line 538]
Event: 136.316 Thread 0x000001f6f1acc8a0 Exception <a 'java/net/SocketException'{0x00000007fef6ef38}: Connection reset by peer: shutdown> (0x00000007fef6ef38) 
thrown [s\src\hotspot\share\prims\jni.cpp, line 538]
Event: 137.179 Thread 0x000001f6f1acc8a0 Exception <a 'java/io/IOException'{0x00000007fef1a058}> (0x00000007fef1a058) 
thrown [s\src\hotspot\share\prims\jni.cpp, line 519]
Event: 137.611 Thread 0x000001f6f1acc8a0 Exception <a 'java/io/IOException'{0x00000007fef6f5b0}> (0x00000007fef6f5b0) 
thrown [s\src\hotspot\share\prims\jni.cpp, line 519]
Event: 138.010 Thread 0x000001f6f1acc8a0 Exception <a 'java/io/IOException'{0x00000007fef6fa50}> (0x00000007fef6fa50) 
thrown [s\src\hotspot\share\prims\jni.cpp, line 519]
Event: 143.900 Thread 0x000001f6f1acc8a0 Exception <a 'java/io/IOException'{0x00000007fef19c30}> (0x00000007fef19c30) 
thrown [s\src\hotspot\share\prims\jni.cpp, line 519]
Event: 143.995 Thread 0x000001f6f1acc8a0 Exception <a 'java/net/SocketException'{0x00000007fef1a100}: Connection reset by peer: shutdown> (0x00000007fef1a100) 
thrown [s\src\hotspot\share\prims\jni.cpp, line 538]
Event: 144.353 Thread 0x000001f6f1acc8a0 Exception <a 'java/net/SocketException'{0x0000000721818240}: Connection reset by peer: shutdown> (0x0000000721818240) 
thrown [s\src\hotspot\share\prims\jni.cpp, line 538]
Event: 144.449 Thread 0x000001f6f1acc8a0 Exception <a 'java/net/SocketException'{0x0000000721a17728}: Connection reset by peer: shutdown> (0x0000000721a17728) 
thrown [s\src\hotspot\share\prims\jni.cpp, line 538]
Event: 144.743 Thread 0x000001f6f1acc8a0 Exception <a 'java/net/SocketException'{0x00000007fefc2940}: Connection reset by peer: shutdown> (0x00000007fefc2940) 
thrown [s\src\hotspot\share\prims\jni.cpp, line 538]
Event: 144.834 Thread 0x000001f6f1acc8a0 Exception <a 'java/net/SocketException'{0x00000007fee6df68}: Connection reset by peer: shutdown> (0x00000007fee6df68) 
thrown [s\src\hotspot\share\prims\jni.cpp, line 538]
Event: 144.978 Thread 0x000001f6f1acc8a0 Exception <a 'java/net/SocketException'{0x00000007fefc33b8}: Connection reset by peer: shutdown> (0x00000007fefc33b8) 
thrown [s\src\hotspot\share\prims\jni.cpp, line 538]
Event: 145.046 Thread 0x000001f6f1acc8a0 Exception <a 'java/net/SocketException'{0x00000007fee19550}: Connection reset by peer: shutdown> (0x00000007fee19550) 
thrown [s\src\hotspot\share\prims\jni.cpp, line 538]
Event: 145.118 Thread 0x000001f6f1acc8a0 Exception <a 'java/net/SocketException'{0x00000007ff965af8}: Connection reset by peer: shutdown> (0x00000007ff965af8) 
thrown [s\src\hotspot\share\prims\jni.cpp, line 538]
Event: 145.290 Thread 0x000001f6f1acc8a0 Exception <a 'java/net/SocketException'{0x00000007fefc3240}: Connection reset by peer: shutdown> (0x00000007fefc3240) 
thrown [s\src\hotspot\share\prims\jni.cpp, line 538]
Event: 145.478 Thread 0x000001f6f1acc8a0 Exception <a 'java/net/SocketException'{0x0000000721af5ed8}: Connection reset by peer: shutdown> (0x0000000721af5ed8) 
thrown [s\src\hotspot\share\prims\jni.cpp, line 538]
Event: 145.624 Thread 0x000001f6f1acc8a0 Exception <a 'java/net/SocketException'{0x00000007ff8545a0}: Connection reset by peer: shutdown> (0x00000007ff8545a0) 
thrown [s\src\hotspot\share\prims\jni.cpp, line 538]
Event: 145.764 Thread 0x000001f6f1acc8a0 Exception <a 'java/net/SocketException'{0x000000071d4a7f90}: Connection reset by peer: shutdown> (0x000000071d4a7f90) 
thrown [s\src\hotspot\share\prims\jni.cpp, line 538]
Event: 145.791 Thread 0x000001f6f0e4bae0 Implicit null exception at 0x000001f6db27230d to 0x000001f6db272cfc

VM Operations (20 events):
Event: 145.201 Executing VM operation: G1TryInitiateConcMark done
Event: 145.301 Executing VM operation: G1TryInitiateConcMark
Event: 145.301 Executing VM operation: G1TryInitiateConcMark done
Event: 145.419 Executing VM operation: G1TryInitiateConcMark
Event: 145.420 Executing VM operation: G1TryInitiateConcMark done
Event: 145.523 Executing VM operation: G1TryInitiateConcMark
Event: 145.524 Executing VM operation: G1TryInitiateConcMark done
Event: 145.561 Executing VM operation: G1TryInitiateConcMark
Event: 145.562 Executing VM operation: G1TryInitiateConcMark done
Event: 145.562 Executing VM operation: G1TryInitiateConcMark
Event: 145.563 Executing VM operation: G1TryInitiateConcMark done
Event: 145.598 Executing VM operation: G1TryInitiateConcMark
Event: 145.599 Executing VM operation: G1TryInitiateConcMark done
Event: 145.600 Executing VM operation: G1TryInitiateConcMark
Event: 145.600 Executing VM operation: G1TryInitiateConcMark done
Event: 145.610 Executing VM operation: G1PauseRemark
Event: 145.613 Executing VM operation: G1PauseRemark done
Event: 145.615 Executing VM operation: G1PauseCleanup
Event: 145.615 Executing VM operation: G1PauseCleanup done
Event: 145.893 Executing VM operation: Exit

Events (20 events):
Event: 145.613 Thread 0x000001f6ef02d000 flushing nmethod 0x000001f6d311f510
Event: 145.613 Thread 0x000001f6ef02d000 flushing nmethod 0x000001f6d30df090
Event: 145.613 Thread 0x000001f6ef02d000 flushing nmethod 0x000001f6d305cc90
Event: 145.613 Thread 0x000001f6ef02d000 flushing nmethod 0x000001f6d303b390
Event: 145.613 Thread 0x000001f6ef02d000 flushing nmethod 0x000001f6d3032590
Event: 145.613 Thread 0x000001f6ef02d000 flushing nmethod 0x000001f6d2fafc10
Event: 145.613 Thread 0x000001f6ef02d000 flushing nmethod 0x000001f6db262890
Event: 145.613 Thread 0x000001f6ef02d000 flushing nmethod 0x000001f6dac83090
Event: 145.613 Thread 0x000001f6ef02d000 flushing nmethod 0x000001f6db11d410
Event: 145.613 Thread 0x000001f6ef02d000 flushing nmethod 0x000001f6db104490
Event: 145.613 Thread 0x000001f6ef02d000 flushing nmethod 0x000001f6dab99290
Event: 145.791 Thread 0x000001f6f0e4c030 Thread added: 0x000001f6f0e4c030
Event: 145.791 Thread 0x000001f6f0e4a050 Thread added: 0x000001f6f0e4a050
Event: 145.791 Thread 0x000001f6f0e4c580 Thread added: 0x000001f6f0e4c580
Event: 145.791 Thread 0x000001f6f0e4a050 Thread exited: 0x000001f6f0e4a050
Event: 145.791 Thread 0x000001f6f0e495b0 Thread added: 0x000001f6f0e495b0
Event: 145.792 Thread 0x000001f6f0e4c580 Thread exited: 0x000001f6f0e4c580
Event: 145.793 Thread 0x000001f6f0e4bae0 Thread exited: 0x000001f6f0e4bae0
Event: 145.825 Thread 0x000001f6efd60e80 Thread exited: 0x000001f6efd60e80
Event: 145.893 Thread 0x000001f6f0e4c030 Thread exited: 0x000001f6f0e4c030


Dynamic libraries:
0x00007ff72cac0000 - 0x00007ff72cace000 	C:\Users\Acer\.p2\pool\plugins\org.eclipse.justj.openjdk.hotspot.jre.full.win32.x86_64_20.0.2.v20230801-2057\jre\bin\javaw.exe
0x00007ffc7abd0000 - 0x00007ffc7ade4000 	C:\WINDOWS\SYSTEM32\ntdll.dll
0x00007ffc79d60000 - 0x00007ffc79e24000 	C:\WINDOWS\System32\KERNEL32.DLL
0x00007ffc785e0000 - 0x00007ffc78984000 	C:\WINDOWS\System32\KERNELBASE.dll
0x00007ffc78400000 - 0x00007ffc78511000 	C:\WINDOWS\System32\ucrtbase.dll
0x00007ffc2ffd0000 - 0x00007ffc2ffeb000 	C:\Users\Acer\.p2\pool\plugins\org.eclipse.justj.openjdk.hotspot.jre.full.win32.x86_64_20.0.2.v20230801-2057\jre\bin\VCRUNTIME140.dll
0x00007ffc28b40000 - 0x00007ffc28b57000 	C:\Users\Acer\.p2\pool\plugins\org.eclipse.justj.openjdk.hotspot.jre.full.win32.x86_64_20.0.2.v20230801-2057\jre\bin\jli.dll
0x00007ffc79510000 - 0x00007ffc796ba000 	C:\WINDOWS\System32\USER32.dll
0x00007ffc68bb0000 - 0x00007ffc68e3f000 	C:\WINDOWS\WinSxS\amd64_microsoft.windows.common-controls_6595b64144ccf1df_6.0.22621.2070_none_2713e6537381f706\COMCTL32.dll
0x00007ffc78030000 - 0x00007ffc78056000 	C:\WINDOWS\System32\win32u.dll
0x00007ffc796c0000 - 0x00007ffc79767000 	C:\WINDOWS\System32\msvcrt.dll
0x00007ffc78a00000 - 0x00007ffc78a29000 	C:\WINDOWS\System32\GDI32.dll
0x00007ffc780d0000 - 0x00007ffc781e9000 	C:\WINDOWS\System32\gdi32full.dll
0x00007ffc78360000 - 0x00007ffc783fa000 	C:\WINDOWS\System32\msvcp_win.dll
0x00007ffc7a970000 - 0x00007ffc7a9a1000 	C:\WINDOWS\System32\IMM32.DLL
0x00007ffc4d000000 - 0x00007ffc4d00c000 	C:\Users\Acer\.p2\pool\plugins\org.eclipse.justj.openjdk.hotspot.jre.full.win32.x86_64_20.0.2.v20230801-2057\jre\bin\vcruntime140_1.dll
0x00007ffc24310000 - 0x00007ffc2439d000 	C:\Users\Acer\.p2\pool\plugins\org.eclipse.justj.openjdk.hotspot.jre.full.win32.x86_64_20.0.2.v20230801-2057\jre\bin\msvcp140.dll
0x00007ffc302e0000 - 0x00007ffc30fef000 	C:\Users\Acer\.p2\pool\plugins\org.eclipse.justj.openjdk.hotspot.jre.full.win32.x86_64_20.0.2.v20230801-2057\jre\bin\server\jvm.dll
0x00007ffc79cb0000 - 0x00007ffc79d60000 	C:\WINDOWS\System32\ADVAPI32.dll
0x00007ffc79eb0000 - 0x00007ffc79f56000 	C:\WINDOWS\System32\sechost.dll
0x00007ffc7a760000 - 0x00007ffc7a877000 	C:\WINDOWS\System32\RPCRT4.dll
0x00007ffc5feb0000 - 0x00007ffc5feb9000 	C:\WINDOWS\SYSTEM32\WSOCK32.dll
0x00007ffc6f900000 - 0x00007ffc6f90a000 	C:\WINDOWS\SYSTEM32\VERSION.dll
0x00007ffc7a030000 - 0x00007ffc7a0a1000 	C:\WINDOWS\System32\WS2_32.dll
0x00007ffc71460000 - 0x00007ffc71494000 	C:\WINDOWS\SYSTEM32\WINMM.dll
0x00007ffc77090000 - 0x00007ffc770a8000 	C:\WINDOWS\SYSTEM32\kernel.appcore.dll
0x00007ffc5d610000 - 0x00007ffc5d61a000 	C:\Users\Acer\.p2\pool\plugins\org.eclipse.justj.openjdk.hotspot.jre.full.win32.x86_64_20.0.2.v20230801-2057\jre\bin\jimage.dll
0x00007ffc6af20000 - 0x00007ffc6b14e000 	C:\WINDOWS\SYSTEM32\DBGHELP.DLL
0x00007ffc7a1b0000 - 0x00007ffc7a53a000 	C:\WINDOWS\System32\combase.dll
0x00007ffc7a890000 - 0x00007ffc7a967000 	C:\WINDOWS\System32\OLEAUT32.dll
0x00007ffc5dfc0000 - 0x00007ffc5dff2000 	C:\WINDOWS\SYSTEM32\dbgcore.DLL
0x00007ffc77fb0000 - 0x00007ffc7802a000 	C:\WINDOWS\System32\bcryptPrimitives.dll
0x00007ffc32170000 - 0x00007ffc32196000 	C:\Users\Acer\.p2\pool\plugins\org.eclipse.justj.openjdk.hotspot.jre.full.win32.x86_64_20.0.2.v20230801-2057\jre\bin\java.dll
0x00007ffc311b0000 - 0x00007ffc311c8000 	C:\Users\Acer\.p2\pool\plugins\org.eclipse.justj.openjdk.hotspot.jre.full.win32.x86_64_20.0.2.v20230801-2057\jre\bin\zip.dll
0x00007ffc78cf0000 - 0x00007ffc79506000 	C:\WINDOWS\System32\SHELL32.dll
0x00007ffc75f90000 - 0x00007ffc7687a000 	C:\WINDOWS\SYSTEM32\windows.storage.dll
0x00007ffc75e50000 - 0x00007ffc75f8e000 	C:\WINDOWS\SYSTEM32\wintypes.dll
0x00007ffc7a0b0000 - 0x00007ffc7a1a3000 	C:\WINDOWS\System32\SHCORE.dll
0x00007ffc7aae0000 - 0x00007ffc7ab3e000 	C:\WINDOWS\System32\shlwapi.dll
0x00007ffc77ee0000 - 0x00007ffc77f06000 	C:\WINDOWS\SYSTEM32\profapi.dll
0x00007ffc31150000 - 0x00007ffc31163000 	C:\Users\Acer\.p2\pool\plugins\org.eclipse.justj.openjdk.hotspot.jre.full.win32.x86_64_20.0.2.v20230801-2057\jre\bin\net.dll
0x00007ffc71d00000 - 0x00007ffc71e37000 	C:\WINDOWS\SYSTEM32\WINHTTP.dll
0x00007ffc77560000 - 0x00007ffc775c9000 	C:\WINDOWS\system32\mswsock.dll
0x00007ffc31190000 - 0x00007ffc311a6000 	C:\Users\Acer\.p2\pool\plugins\org.eclipse.justj.openjdk.hotspot.jre.full.win32.x86_64_20.0.2.v20230801-2057\jre\bin\nio.dll
0x000001f6ead80000 - 0x000001f6ead83000 	D:\javafx-sdk-20.0.2\bin\api-ms-win-core-console-l1-1-0.dll
0x000001f6ead90000 - 0x000001f6ead93000 	D:\javafx-sdk-20.0.2\bin\api-ms-win-core-console-l1-2-0.dll
0x000001f6eaed0000 - 0x000001f6eaed3000 	D:\javafx-sdk-20.0.2\bin\api-ms-win-core-datetime-l1-1-0.dll
0x000001f6eaee0000 - 0x000001f6eaee3000 	D:\javafx-sdk-20.0.2\bin\api-ms-win-core-debug-l1-1-0.dll
0x000001f6eada0000 - 0x000001f6eada3000 	D:\javafx-sdk-20.0.2\bin\api-ms-win-core-errorhandling-l1-1-0.dll
0x000001f6eadb0000 - 0x000001f6eadb4000 	D:\javafx-sdk-20.0.2\bin\api-ms-win-core-file-l1-1-0.dll
0x000001f6eadc0000 - 0x000001f6eadc3000 	D:\javafx-sdk-20.0.2\bin\api-ms-win-core-file-l1-2-0.dll
0x000001f6eadd0000 - 0x000001f6eadd3000 	D:\javafx-sdk-20.0.2\bin\api-ms-win-core-file-l2-1-0.dll
0x000001f6eade0000 - 0x000001f6eade3000 	D:\javafx-sdk-20.0.2\bin\api-ms-win-core-handle-l1-1-0.dll
0x000001f6eadf0000 - 0x000001f6eadf3000 	D:\javafx-sdk-20.0.2\bin\api-ms-win-core-heap-l1-1-0.dll
0x000001f6eae00000 - 0x000001f6eae03000 	D:\javafx-sdk-20.0.2\bin\api-ms-win-core-interlocked-l1-1-0.dll
0x000001f6eae10000 - 0x000001f6eae13000 	D:\javafx-sdk-20.0.2\bin\api-ms-win-core-libraryloader-l1-1-0.dll
0x000001f6eae20000 - 0x000001f6eae23000 	D:\javafx-sdk-20.0.2\bin\api-ms-win-core-localization-l1-2-0.dll
0x000001f6eae30000 - 0x000001f6eae33000 	D:\javafx-sdk-20.0.2\bin\api-ms-win-core-memory-l1-1-0.dll
0x000001f6eae40000 - 0x000001f6eae43000 	D:\javafx-sdk-20.0.2\bin\api-ms-win-core-namedpipe-l1-1-0.dll
0x000001f6eae50000 - 0x000001f6eae53000 	D:\javafx-sdk-20.0.2\bin\api-ms-win-core-processenvironment-l1-1-0.dll
0x000001f6eae60000 - 0x000001f6eae63000 	D:\javafx-sdk-20.0.2\bin\api-ms-win-core-processthreads-l1-1-0.dll
0x000001f6eae70000 - 0x000001f6eae73000 	D:\javafx-sdk-20.0.2\bin\api-ms-win-core-processthreads-l1-1-1.dll
0x000001f6eae80000 - 0x000001f6eae83000 	D:\javafx-sdk-20.0.2\bin\api-ms-win-core-profile-l1-1-0.dll
0x000001f6eae90000 - 0x000001f6eae93000 	D:\javafx-sdk-20.0.2\bin\api-ms-win-core-rtlsupport-l1-1-0.dll
0x000001f6eaea0000 - 0x000001f6eaea3000 	D:\javafx-sdk-20.0.2\bin\api-ms-win-core-string-l1-1-0.dll
0x000001f6eaeb0000 - 0x000001f6eaeb3000 	D:\javafx-sdk-20.0.2\bin\api-ms-win-core-synch-l1-1-0.dll
0x000001f6eaec0000 - 0x000001f6eaec3000 	D:\javafx-sdk-20.0.2\bin\api-ms-win-core-synch-l1-2-0.dll
0x000001f6eaef0000 - 0x000001f6eaef3000 	D:\javafx-sdk-20.0.2\bin\api-ms-win-core-sysinfo-l1-1-0.dll
0x000001f6eaf00000 - 0x000001f6eaf03000 	D:\javafx-sdk-20.0.2\bin\api-ms-win-core-timezone-l1-1-0.dll
0x000001f6eaf10000 - 0x000001f6eaf13000 	D:\javafx-sdk-20.0.2\bin\api-ms-win-core-util-l1-1-0.dll
0x000001f6eaf20000 - 0x000001f6eaf23000 	D:\javafx-sdk-20.0.2\bin\api-ms-win-crt-conio-l1-1-0.dll
0x000001f6eaf30000 - 0x000001f6eaf34000 	D:\javafx-sdk-20.0.2\bin\api-ms-win-crt-convert-l1-1-0.dll
0x000001f6eaf40000 - 0x000001f6eaf43000 	D:\javafx-sdk-20.0.2\bin\api-ms-win-crt-environment-l1-1-0.dll
0x000001f6eaf50000 - 0x000001f6eaf53000 	D:\javafx-sdk-20.0.2\bin\api-ms-win-crt-filesystem-l1-1-0.dll
0x000001f6eaf60000 - 0x000001f6eaf63000 	D:\javafx-sdk-20.0.2\bin\api-ms-win-crt-heap-l1-1-0.dll
0x000001f6eaf70000 - 0x000001f6eaf73000 	D:\javafx-sdk-20.0.2\bin\api-ms-win-crt-locale-l1-1-0.dll
0x000001f6eaf80000 - 0x000001f6eaf85000 	D:\javafx-sdk-20.0.2\bin\api-ms-win-crt-math-l1-1-0.dll
0x000001f6eaf90000 - 0x000001f6eaf95000 	D:\javafx-sdk-20.0.2\bin\api-ms-win-crt-multibyte-l1-1-0.dll
0x000001f6eafa0000 - 0x000001f6eafb0000 	D:\javafx-sdk-20.0.2\bin\api-ms-win-crt-private-l1-1-0.dll
0x000001f6eafb0000 - 0x000001f6eafb3000 	D:\javafx-sdk-20.0.2\bin\api-ms-win-crt-process-l1-1-0.dll
0x000001f6eafc0000 - 0x000001f6eafc4000 	D:\javafx-sdk-20.0.2\bin\api-ms-win-crt-runtime-l1-1-0.dll
0x000001f6eafd0000 - 0x000001f6eafd4000 	D:\javafx-sdk-20.0.2\bin\api-ms-win-crt-stdio-l1-1-0.dll
0x000001f6eafe0000 - 0x000001f6eafe4000 	D:\javafx-sdk-20.0.2\bin\api-ms-win-crt-string-l1-1-0.dll
0x000001f6eaff0000 - 0x000001f6eaff3000 	D:\javafx-sdk-20.0.2\bin\api-ms-win-crt-time-l1-1-0.dll
0x000001f6f1cd0000 - 0x000001f6f1cd3000 	D:\javafx-sdk-20.0.2\bin\api-ms-win-crt-utility-l1-1-0.dll
0x00007ffc6a2e0000 - 0x00007ffc6a3dc000 	D:\javafx-sdk-20.0.2\bin\ucrtbase.dll
0x00007ffc75380000 - 0x00007ffc7539b000 	D:\javafx-sdk-20.0.2\bin\vcruntime140.dll
0x00007ffc75370000 - 0x00007ffc7537c000 	D:\javafx-sdk-20.0.2\bin\vcruntime140_1.dll
0x00007ffc6a250000 - 0x00007ffc6a2de000 	D:\javafx-sdk-20.0.2\bin\msvcp140.dll
0x00007ffc75360000 - 0x00007ffc75369000 	D:\javafx-sdk-20.0.2\bin\msvcp140_1.dll
0x00007ffc6a220000 - 0x00007ffc6a250000 	D:\javafx-sdk-20.0.2\bin\msvcp140_2.dll
0x00007ffc6a1f0000 - 0x00007ffc6a21f000 	D:\javafx-sdk-20.0.2\bin\prism_d3d.dll
0x00007ffc4e550000 - 0x00007ffc4e6f9000 	C:\WINDOWS\system32\d3d9.dll
0x00007ffc75750000 - 0x00007ffc7577b000 	C:\WINDOWS\SYSTEM32\dwmapi.dll
0x00007ffc757c0000 - 0x00007ffc757f8000 	C:\WINDOWS\SYSTEM32\dxcore.dll
0x00007ffc754d0000 - 0x00007ffc7557b000 	C:\WINDOWS\system32\uxtheme.dll
0x00007ffc78b50000 - 0x00007ffc78cec000 	C:\WINDOWS\System32\ole32.dll
0x00007ffc77950000 - 0x00007ffc77978000 	C:\WINDOWS\SYSTEM32\bcrypt.dll
0x00007ffc71fe0000 - 0x00007ffc7202a000 	C:\WINDOWS\SYSTEM32\directxdatabasehelper.dll
0x00007ffc240e0000 - 0x00007ffc24122000 	D:\javafx-sdk-20.0.2\bin\glass.dll
0x00007ffc78a50000 - 0x00007ffc78b47000 	C:\WINDOWS\System32\COMDLG32.dll
0x00007ffc7a9b0000 - 0x00007ffc7aad7000 	C:\WINDOWS\System32\MSCTF.dll
0x00007ffc23430000 - 0x00007ffc2351f000 	C:\Users\Acer\.javacpp\cache\opencv-3.2.0-1.3-windows-x86_64.jar\org\bytedeco\javacpp\windows-x86_64\msvcr120.dll
0x00007ffc23e10000 - 0x00007ffc23eb6000 	C:\Users\Acer\.javacpp\cache\opencv-3.2.0-1.3-windows-x86_64.jar\org\bytedeco\javacpp\windows-x86_64\msvcp120.dll
0x00007ffc21680000 - 0x00007ffc21908000 	C:\Users\Acer\.javacpp\cache\opencv-3.2.0-1.3-windows-x86_64.jar\org\bytedeco\javacpp\windows-x86_64\opencv_core320.dll
0x00007ffc1fa70000 - 0x00007ffc1fdd2000 	C:\Users\Acer\.javacpp\cache\opencv-3.2.0-1.3-windows-x86_64.jar\org\bytedeco\javacpp\windows-x86_64\opencv_imgproc320.dll
0x00007ffc1f820000 - 0x00007ffc1fa6a000 	C:\Users\Acer\.javacpp\cache\opencv-3.2.0-1.3-windows-x86_64.jar\org\bytedeco\javacpp\windows-x86_64\jniopencv_core.dll
0x00007ffc79780000 - 0x00007ffc79788000 	C:\WINDOWS\System32\PSAPI.DLL
0x00007ffc22ee0000 - 0x00007ffc23070000 	C:\Users\Acer\.p2\pool\plugins\org.eclipse.justj.openjdk.hotspot.jre.full.win32.x86_64_20.0.2.v20230801-2057\jre\bin\awt.dll
0x00007ffc753d0000 - 0x00007ffc75467000 	C:\WINDOWS\SYSTEM32\apphelp.dll
0x00007ffc75340000 - 0x00007ffc75354000 	D:\javafx-sdk-20.0.2\bin\javafx_font.dll
0x00007ffc73d50000 - 0x00007ffc73fb7000 	C:\WINDOWS\SYSTEM32\dwrite.dll
0x00007ffc79f60000 - 0x00007ffc7a010000 	C:\WINDOWS\System32\clbcatq.dll
0x00007ffc73af0000 - 0x00007ffc73ca0000 	C:\WINDOWS\SYSTEM32\WindowsCodecs.dll
0x00007ffc63010000 - 0x00007ffc6306e000 	C:\WINDOWS\system32\dataexchange.dll
0x00007ffc71a70000 - 0x00007ffc71cde000 	C:\WINDOWS\system32\twinapi.appcore.dll
0x00007ffc233f0000 - 0x00007ffc23422000 	C:\Program Files\Common Files\Microsoft Shared\Ink\rtscom.dll
0x00007ffc26ba0000 - 0x00007ffc26bcd000 	D:\javafx-sdk-20.0.2\bin\javafx_iio.dll
0x00007ffc64c10000 - 0x00007ffc64d3d000 	C:\WINDOWS\SYSTEM32\textinputframework.dll
0x00007ffc74fb0000 - 0x00007ffc750e3000 	C:\WINDOWS\SYSTEM32\CoreMessaging.dll
0x00007ffc70230000 - 0x00007ffc7059c000 	C:\WINDOWS\SYSTEM32\CoreUIComponents.dll
0x00007ffc777d0000 - 0x00007ffc777dc000 	C:\WINDOWS\SYSTEM32\CRYPTBASE.DLL
0x00007ffc74120000 - 0x00007ffc746e1000 	C:\WINDOWS\SYSTEM32\d2d1.dll
0x00007ffc746f0000 - 0x00007ffc74947000 	C:\WINDOWS\SYSTEM32\d3d11.dll
0x00007ffc75640000 - 0x00007ffc75738000 	C:\WINDOWS\SYSTEM32\dxgi.dll
0x00007ffc6f910000 - 0x00007ffc70021000 	C:\WINDOWS\SYSTEM32\D3D10Warp.dll
0x00007ffc6ab00000 - 0x00007ffc6abf0000 	C:\Users\Acer\.javacpp\cache\opencv-3.2.0-1.3-windows-x86_64.jar\org\bytedeco\javacpp\windows-x86_64\jniopencv_imgproc.dll
0x00007ffc6a830000 - 0x00007ffc6aafa000 	C:\Users\Acer\.javacpp\cache\opencv-3.2.0-1.3-windows-x86_64.jar\org\bytedeco\javacpp\windows-x86_64\opencv_imgcodecs320.dll

dbghelp: loaded successfully - version: 4.0.5 - missing functions: none
symbol engine: initialized successfully - sym options: 0x614 - pdb path: .;C:\Users\Acer\.p2\pool\plugins\org.eclipse.justj.openjdk.hotspot.jre.full.win32.x86_64_20.0.2.v20230801-2057\jre\bin;C:\WINDOWS\SYSTEM32;C:\WINDOWS\WinSxS\amd64_microsoft.windows.common-controls_6595b64144ccf1df_6.0.22621.2070_none_2713e6537381f706;C:\Users\Acer\.p2\pool\plugins\org.eclipse.justj.openjdk.hotspot.jre.full.win32.x86_64_20.0.2.v20230801-2057\jre\bin\server;D:\javafx-sdk-20.0.2\bin;C:\WINDOWS\System32\DriverStore\FileRepository\u0371182.inf_amd64_e046f8d87ec91fad\B371034;C:\Users\Acer\.javacpp\cache\opencv-3.2.0-1.3-windows-x86_64.jar\org\bytedeco\javacpp\windows-x86_64;C:\Program Files\Common Files\Microsoft Shared\Ink;C:\WINDOWS\WinSxS\amd64_microsoft.windows.gdiplus_6595b64144ccf1df_1.1.22621.1778_none_57fe2016ce1542ec;C:\Users\Acer\.javacpp\cache\leptonica-1.73-1.3-windows-x86_64.jar\org\bytedeco\javacpp\windows-x86_64;C:\Users\Acer\.javacpp\cache\tesseract-3.04.01-1.3-windows-x86_64.jar\org\bytedeco\javacpp\windows-x86_64

VM Arguments:
jvm_args: --module-path=D:\javafx-sdk-20.0.2\lib --add-modules=javafx.controls,javafx.fxml -Djava.library.path=C:\Users\Administrator\Desktop\opencv\build\java\x64 -Dfile.encoding=UTF-8 -XX:+ShowCodeDetailsInExceptionMessages 
java_command: application.Main
java_class_path (initial): C:\Users\Acer\Desktop\ExoVisix-master\target\classes;C:\Users\Acer\Desktop\ExoVisix-master\bin\opencv-341.jar;D:\javafx-sdk-20.0.2\lib\javafx.base.jar;D:\javafx-sdk-20.0.2\lib\javafx.controls.jar;D:\javafx-sdk-20.0.2\lib\javafx.fxml.jar;D:\javafx-sdk-20.0.2\lib\javafx.graphics.jar;D:\javafx-sdk-20.0.2\lib\javafx.media.jar;D:\javafx-sdk-20.0.2\lib\javafx.swing.jar;D:\javafx-sdk-20.0.2\lib\javafx.web.jar;D:\javafx-sdk-20.0.2\lib\javafx-swt.jar;C:\Users\Acer\.m2\repository\org\bytedeco\javacv-platform\1.3.2\javacv-platform-1.3.2.jar;C:\Users\Acer\.m2\repository\org\bytedeco\javacv\1.3.2\javacv-1.3.2.jar;C:\Users\Acer\.m2\repository\org\bytedeco\javacpp\1.3.2\javacpp-1.3.2.jar;C:\Users\Acer\.m2\repository\org\bytedeco\javacpp-presets\opencv\3.2.0-1.3\opencv-3.2.0-1.3.jar;C:\Users\Acer\.m2\repository\org\bytedeco\javacpp-presets\ffmpeg\3.2.1-1.3\ffmpeg-3.2.1-1.3.jar;C:\Users\Acer\.m2\repository\org\bytedeco\javacpp-presets\flycapture\2.9.3.43-1.3\flycapture-2.9.3.43-1.3.jar;C:\Users\Acer\.m2\repository\org\bytedeco\javacpp-presets\libdc1394\2.2.4-1.3\libdc1394-2.2.4-1.3.jar;C:\Users\Acer\.m2\repository\org\bytedeco\javacpp-presets\libfreenect\0.5.3-1.3\libfreenect-0.5.3-1.3.jar;C:\Users\Acer\.m2\repository\org\bytedeco\javacpp-presets\libfreenect2\0.2.0-1.3\libfreenect2-0.2.0-1.3.jar;C:\Users\Acer\.m2\repository\org\bytedeco\javacpp-presets\librealsense\1.9.6-1.3\librealsense-1.9.6-1.3.jar;C:\Users\Acer\.m2\repository\org\bytedeco\javacpp-presets\videoinput\0.200-1.3\videoinput-0.200-1.3.jar;C:\Users\Acer\.m2\repository\org\bytedeco\javacpp-presets\artoolkitplus\2.3.1-1.3\artoolkitplus-2.3.1-1.3.jar;C:\Users\Acer\.m2\repository\org\bytedeco\javacpp-presets\flandmark\1.07-1.3\flandmark-1.07-1.3.jar;C:\Users\Acer\.m2\repository\org\bytedeco\javacpp-presets\opencv-platform\3.2.0-1.3\opencv-platform-3.2.0-1.3.jar;C:\Users\Acer\.m2\repository\org\bytedeco\javacpp-presets\opencv\3.2.0-1.3\opencv-3.2.0-1.3-android-arm.jar;C:\Users\Acer\.m2\repository\org\bytedeco\javacpp-presets\opencv\3.2.0-1.3\opencv-3.2.0-1.3-android-x86.jar;C:\Users\Acer\.m2\repository\org\bytedeco\javacpp-presets\opencv\3.2.0-1.3\opencv-3.2.0-1.3-linux-x86.jar;C:\Users\Acer\.m2\repository\org\bytedeco\javacpp-presets\opencv\3.2.0-1.3\opencv-3.2.0-1.3-linux-x86_64.jar;C:\Users\Acer\.m2\repository\org\bytedeco\javacpp-presets\opencv\3.2.0-1.3\opencv-3.2.0-1.3-linux-armhf.jar;C:\Users\Acer\.m2\repository\org\bytedeco\javacpp-presets\opencv\3.2.0-1.3\opencv-3.2.0-1.3-linux-ppc64le.jar;C:\Users\Acer\.m2\repository\org\bytedeco\javacpp-presets\opencv\3.2.0-1.3\opencv-3.2.0-1.3-macosx-x86_64.jar;C:\Users\Acer\.m2\repository\org\bytedeco\javacpp-presets\opencv\3.2.0-1.3\opencv-3.2.0-1.3-windows-x86.jar;C:\Users\Acer\.m2\repository\org\bytedeco\javacpp-presets\opencv\3.2.0-1.3\opencv-3.2.0-1.3-windows-x86_64.jar;C:\Users\Acer\.m2\repository\org\bytedeco\javacpp-presets\ffmpeg-platform\3.2.1-1.3\ffmpeg-platform-3.2.1-1.3.jar;C:\Users\Acer\.m2\repository\org\bytedeco\javacpp-presets\ffmpeg\3.2.1-1.3\ffmpeg-3.2.1-1.3-android-arm.jar;C:\Users\Acer\.m2\repository\org\bytedeco\javacpp-presets\ffmpeg\3.2.1-1.3\ffmpeg-3.2.1-1.3-android-x86.jar;C:\Users\Acer\.m2\repository\org\bytedeco\javacpp-presets\ffmpeg\3.2.1-1.3\ffmpeg-3.2.1-1.3-linux-x86.jar;C:\Users\Acer\.m2\repository\org\bytedeco\javacpp-presets\ffmpeg\3.2.1-1.3\ffmpeg-3.2.1-1.3-linux-x86_64.jar;C:\Users\Acer\.m2\repository\org\bytedeco\javacpp-presets\ffmpeg\3.2.1-1.3\ffmpeg-3.2.1-1.3-linux-armhf.jar;C:\Users\Acer\.m2\repository\org\bytedeco\javacpp-presets\ffmpeg\3.2.1-1.3\ffmpeg-3.2.1-1.3-linux-ppc64le.jar;C:\Users\Acer\.m2\repository\org\bytedeco\javacpp-presets\ffmpeg\3.2.1-1.3\ffmpeg-3.2.1-1.3-macosx-x86_64.jar;C:\Users\Acer\.m2\repository\org\bytedeco\javacpp-presets\ffmpeg\3.2.1-1.3\ffmpeg-3.2.1-1.3-windows-x86.jar;C:\Users\Acer\.m2\repository\org\bytedeco\javacpp-presets\ffmpeg\3.2.1-1.3\ffmpeg-3.2.1-1.3-windows-x86_64.jar;C:\Users\Acer\.m2\repository\org\bytedeco\javacpp-presets\flycapture-platform\2.9.3.43-1.3\flycapture-platform-2.9.3.43-1.3.jar;C:\Users\Acer\.m2\repository\org\bytedeco\javacpp-presets\flycapture\2.9.3.43-1.3\flycapture-2.9.3.43-1.3-linux-x86.jar;C:\Users\Acer\.m2\repository\org\bytedeco\javacpp-presets\flycapture\2.9.3.43-1.3\flycapture-2.9.3.43-1.3-linux-x86_64.jar;C:\Users\Acer\.m2\repository\org\bytedeco\javacpp-presets\flycapture\2.9.3.43-1.3\flycapture-2.9.3.43-1.3-linux-armhf.jar;C:\Users\Acer\.m2\repository\org\bytedeco\javacpp-presets\flycapture\2.9.3.43-1.3\flycapture-2.9.3.43-1.3-windows-x86.jar;C:\Users\Acer\.m2\repository\org\bytedeco\javacpp-presets\flycapture\2.9.3.43-1.3\flycapture-2.9.3.43-1.3-windows-x86_64.jar;C:\Users\Acer\.m2\repository\org\bytedeco\javacpp-presets\libdc1394-platform\2.2.4-1.3\libdc1394-platform-2.2.4-1.3.jar;C:\Users\Acer\.m2\repository\org\bytedeco\javacpp-presets\libdc1394\2.2.4-1.3\libdc1394-2.2.4-1.3-linux-x86.jar;C:\Users\Acer\.m2\repository\org\bytedeco\javacpp-presets\libdc1394\2.2.4-1.3\libdc1394-2.2.4-1.3-linux-x86_64.jar;C:\Users\Acer\.m2\repository\org\bytedeco\javacpp-presets\libdc1394\2.2.4-1.3\libdc1394-2.2.4-1.3-linux-armhf.jar;C:\Users\Acer\.m2\repository\org\bytedeco\javacpp-presets\libdc1394\2.2.4-1.3\libdc1394-2.2.4-1.3-linux-ppc64le.jar;C:\Users\Acer\.m2\repository\org\bytedeco\javacpp-presets\libdc1394\2.2.4-1.3\libdc1394-2.2.4-1.3-macosx-x86_64.jar;C:\Users\Acer\.m2\repository\org\bytedeco\javacpp-presets\libdc1394\2.2.4-1.3\libdc1394-2.2.4-1.3-windows-x86.jar;C:\Users\Acer\.m2\repository\org\bytedeco\javacpp-presets\libdc1394\2.2.4-1.3\libdc1394-2.2.4-1.3-windows-x86_64.jar;C:\Users\Acer\.m2\repository\org\bytedeco\javacpp-presets\libfreenect-platform\0.5.3-1.3\libfreenect-platform-0.5.3-1.3.jar;C:\Users\Acer\.m2\repository\org\bytedeco\javacpp-presets\libfreenect\0.5.3-1.3\libfreenect-0.5.3-1.3-linux-x86.jar;C:\Users\Acer\.m2\repository\org\bytedeco\javacpp-presets\libfreenect\0.5.3-1.3\libfreenect-0.5.3-1.3-linux-x86_64.jar;C:\Users\Acer\.m2\repository\org\bytedeco\javacpp-presets\libfreenect\0.5.3-1.3\libfreenect-0.5.3-1.3-linux-armhf.jar;C:\Users\Acer\.m2\repository\org\bytedeco\javacpp-presets\libfreenect\0.5.3-1.3\libfreenect-0.5.3-1.3-linux-ppc64le.jar;C:\Users\Acer\.m2\repository\org\bytedeco\javacpp-presets\libfreenect\0.5.3-1.3\libfreenect-0.5.3-1.3-macosx-x86_64.jar;C:\Users\Acer\.m2\repository\org\bytedeco\javacpp-presets\libfreenect\0.5.3-1.3\libfreenect-0.5.3-1.3-windows-x86.jar;C:\Users\Acer\.m2\repository\org\bytedeco\javacpp-presets\libfreenect\0.5.3-1.3\libfreenect-0.5.3-1.3-windows-x86_64.jar;C:\Users\Acer\.m2\repository\org\bytedeco\javacpp-presets\libfreenect2-platform\0.2.0-1.3\libfreenect2-platform-0.2.0-1.3.jar;C:\Users\Acer\.m2\repository\org\bytedeco\javacpp-presets\libfreenect2\0.2.0-1.3\libfreenect2-0.2.0-1.3-linux-x86.jar;C:\Users\Acer\.m2\repository\org\bytedeco\javacpp-presets\libfreenect2\0.2.0-1.3\libfreenect2-0.2.0-1.3-linux-x86_64.jar;C:\Users\Acer\.m2\repository\org\bytedeco\javacpp-presets\librealsense-platform\1.9.6-1.3\librealsense-platform-1.9.6-1.3.jar;C:\Users\Acer\.m2\repository\org\bytedeco\javacpp-presets\librealsense\1.9.6-1.3\librealsense-1.9.6-1.3-linux-x86.jar;C:\Users\Acer\.m2\repository\org\bytedeco\javacpp-presets\librealsense\1.9.6-1.3\librealsense-1.9.6-1.3-linux-x86_64.jar;C:\Users\Acer\.m2\repository\org\bytedeco\javacpp-presets\videoinput-platform\0.200-1.3\videoinput-platform-0.200-1.3.jar;C:\Users\Acer\.m2\repository\org\bytedeco\javacpp-presets\videoinput\0.200-1.3\videoinput-0.200-1.3-windows-x86.jar;C:\Users\Acer\.m2\repository\org\bytedeco\javacpp-presets\videoinput\0.200-1.3\videoinput-0.200-1.3-windows-x86_64.jar;C:\Users\Acer\.m2\repository\org\bytedeco\javacpp-presets\artoolkitplus-platform\2.3.1-1.3\artoolkitplus-platform-2.3.1-1.3.jar;C:\Users\Acer\.m2\repository\org\bytedeco\javacpp-presets\artoolkitplus\2.3.1-1.3\artoolkitplus-2.3.1-1.3-android-arm.jar;C:\Users\Acer\.m2\repository\org\bytedeco\javacpp-presets\artoolkitplus\2.3.1-1.3\artoolkitplus-2.3.1-1.3-android-x86.jar;C:\Users\Acer\.m2\repository\org\bytedeco\javacpp-presets\artoolkitplus\2.3.1-1.3\artoolkitplus-2.3.1-1.3-linux-x86.jar;C:\Users\Acer\.m2\repository\org\bytedeco\javacpp-presets\artoolkitplus\2.3.1-1.3\artoolkitplus-2.3.1-1.3-linux-x86_64.jar;C:\Users\Acer\.m2\repository\org\bytedeco\javacpp-presets\artoolkitplus\2.3.1-1.3\artoolkitplus-2.3.1-1.3-linux-armhf.jar;C:\Users\Acer\.m2\repository\org\bytedeco\javacpp-presets\artoolkitplus\2.3.1-1.3\artoolkitplus-2.3.1-1.3-linux-ppc64le.jar;C:\Users\Acer\.m2\repository\org\bytedeco\javacpp-presets\artoolkitplus\2.3.1-1.3\artoolkitplus-2.3.1-1.3-macosx-x86_64.jar;C:\Users\Acer\.m2\repository\org\bytedeco\javacpp-presets\artoolkitplus\2.3.1-1.3\artoolkitplus-2.3.1-1.3-windows-x86.jar;C:\Users\Acer\.m2\repository\org\bytedeco\javacpp-presets\artoolkitplus\2.3.1-1.3\artoolkitplus-2.3.1-1.3-windows-x86_64.jar;C:\Users\Acer\.m2\repository\org\bytedeco\javacpp-presets\flandmark-platform\1.07-1.3\flandmark-platform-1.07-1.3.jar;C:\Users\Acer\.m2\repository\org\bytedeco\javacpp-presets\flandmark\1.07-1.3\flandmark-1.07-1.3-android-arm.jar;C:\Users\Acer\.m2\repository\org\bytedeco\javacpp-presets\flandmark\1.07-1.3\flandmark-1.07-1.3-android-x86.jar;C:\Users\Acer\.m2\repository\org\bytedeco\javacpp-presets\flandmark\1.07-1.3\flandmark-1.07-1.3-linux-x86.jar;C:\Users\Acer\.m2\repository\org\bytedeco\javacpp-presets\flandmark\1.07-1.3\flandmark-1.07-1.3-linux-x86_64.jar;C:\Users\Acer\.m2\repository\org\bytedeco\javacpp-presets\flandmark\1.07-1.3\flandmark-1.07-1.3-linux-armhf.jar;C:\Users\Acer\.m2\repository\org\bytedeco\javacpp-presets\flandmark\1.07-1.3\flandmark-1.07-1.3-linux-ppc64le.jar;C:\Users\Acer\.m2\repository\org\bytedeco\javacpp-presets\flandmark\1.07-1.3\flandmark-1.07-1.3-macosx-x86_64.jar;C:\Users\Acer\.m2\repository\org\bytedeco\javacpp-presets\flandmark\1.07-1.3\flandmark-1.07-1.3-windows-x86.jar;C:\Users\Acer\.m2\repository\org\bytedeco\javacpp-presets\flandmark\1.07-1.3\flandmark-1.07-1.3-windows-x86_64.jar;C:\Users\Acer\.m2\repository\mysql\mysql-connector-java\5.1.14\mysql-connector-java-5.1.14.jar;C:\Users\Acer\.m2\repository\com\mysql\mysql-connector-j\8.1.0\mysql-connector-j-8.1.0.jar;C:\Users\Acer\.m2\repository\com\google\protobuf\protobuf-java\3.21.9\protobuf-java-3.21.9.jar;C:\Users\Acer\.m2\repository\org\bytedeco\javacpp-presets\tesseract-platform\3.04.01-1.3\tesseract-platform-3.04.01-1.3.jar;C:\Users\Acer\.m2\repository\org\bytedeco\javacpp-presets\leptonica-platform\1.73-1.3\leptonica-platform-1.73-1.3.jar;C:\Users\Acer\.m2\repository\org\bytedeco\javacpp-presets\leptonica\1.73-1.3\leptonica-1.73-1.3.jar;C:\Users\Acer\.m2\repository\org\bytedeco\javacpp-presets\leptonica\1.73-1.3\leptonica-1.73-1.3-android-arm.jar;C:\Users\Acer\.m2\repository\org\bytedeco\javacpp-presets\leptonica\1.73-1.3\leptonica-1.73-1.3-android-x86.jar;C:\Users\Acer\.m2\repository\org\bytedeco\javacpp-presets\leptonica\1.73-1.3\leptonica-1.73-1.3-linux-x86.jar;C:\Users\Acer\.m2\repository\org\bytedeco\javacpp-presets\leptonica\1.73-1.3\leptonica-1.73-1.3-linux-x86_64.jar;C:\Users\Acer\.m2\repository\org\bytedeco\javacpp-presets\leptonica\1.73-1.3\leptonica-1.73-1.3-linux-armhf.jar;C:\Users\Acer\.m2\repository\org\bytedeco\javacpp-presets\leptonica\1.73-1.3\leptonica-1.73-1.3-linux-ppc64le.jar;C:\Users\Acer\.m2\repository\org\bytedeco\javacpp-presets\leptonica\1.73-1.3\leptonica-1.73-1.3-macosx-x86_64.jar;C:\Users\Acer\.m2\repository\org\bytedeco\javacpp-presets\leptonica\1.73-1.3\leptonica-1.73-1.3-windows-x86.jar;C:\Users\Acer\.m2\repository\org\bytedeco\javacpp-presets\leptonica\1.73-1.3\leptonica-1.73-1.3-windows-x86_64.jar;C:\Users\Acer\.m2\repository\org\bytedeco\javacpp-presets\tesseract\3.04.01-1.3\tesseract-3.04.01-1.3.jar;C:\Users\Acer\.m2\repository\org\bytedeco\javacpp-presets\tesseract\3.04.01-1.3\tesseract-3.04.01-1.3-android-arm.jar;C:\Users\Acer\.m2\repository\org\bytedeco\javacpp-presets\tesseract\3.04.01-1.3\tesseract-3.04.01-1.3-android-x86.jar;C:\Users\Acer\.m2\repository\org\bytedeco\javacpp-presets\tesseract\3.04.01-1.3\tesseract-3.04.01-1.3-linux-x86.jar;C:\Users\Acer\.m2\repository\org\bytedeco\javacpp-presets\tesseract\3.04.01-1.3\tesseract-3.04.01-1.3-linux-x86_64.jar;C:\Users\Acer\.m2\repository\org\bytedeco\javacpp-presets\tesseract\3.04.01-1.3\tesseract-3.04.01-1.3-linux-armhf.jar;C:\Users\Acer\.m2\repository\org\bytedeco\javacpp-presets\tesseract\3.04.01-1.3\tesseract-3.04.01-1.3-linux-ppc64le.jar;C:\Users\Acer\.m2\repository\org\bytedeco\javacpp-presets\tesseract\3.04.01-1.3\tesseract-3.04.01-1.3-macosx-x86_64.jar;C:\Users\Acer\.m2\repository\org\bytedeco\javacpp-presets\tesseract\3.04.01-1.3\tesseract-3.04.01-1.3-windows-x86.jar;C:\Users\Acer\.m2\repository\org\bytedeco\javacpp-presets\tesseract\3.04.01-1.3\tesseract-3.04.01-1.3-windows-x86_64.jar
Launcher Type: SUN_STANDARD

[Global flags]
     intx CICompilerCount                          = 12                                        {product} {ergonomic}
     uint ConcGCThreads                            = 3                                         {product} {ergonomic}
     uint G1ConcRefinementThreads                  = 13                                        {product} {ergonomic}
   size_t G1HeapRegionSize                         = 2097152                                   {product} {ergonomic}
    uintx GCDrainStackTargetSize                   = 64                                        {product} {ergonomic}
   size_t InitialHeapSize                          = 257949696                                 {product} {ergonomic}
   size_t MarkStackSize                            = 4194304                                   {product} {ergonomic}
   size_t MaxHeapSize                              = 4123000832                                {product} {ergonomic}
   size_t MaxNewSize                               = 2472542208                                {product} {ergonomic}
   size_t MinHeapDeltaBytes                        = 2097152                                   {product} {ergonomic}
   size_t MinHeapSize                              = 8388608                                   {product} {ergonomic}
    uintx NonNMethodCodeHeapSize                   = 7602480                                {pd product} {ergonomic}
    uintx NonProfiledCodeHeapSize                  = 122027880                              {pd product} {ergonomic}
    uintx ProfiledCodeHeapSize                     = 122027880                              {pd product} {ergonomic}
    uintx ReservedCodeCacheSize                    = 251658240                              {pd product} {ergonomic}
     bool SegmentedCodeCache                       = true                                      {product} {ergonomic}
     bool ShowCodeDetailsInExceptionMessages       = true                                   {manageable} {command line}
   size_t SoftMaxHeapSize                          = 4123000832                             {manageable} {ergonomic}
     bool UseCompressedClassPointers               = true                           {product lp64_product} {ergonomic}
     bool UseCompressedOops                        = true                           {product lp64_product} {ergonomic}
     bool UseG1GC                                  = true                                      {product} {ergonomic}
     bool UseLargePagesIndividualAllocation        = false                                  {pd product} {ergonomic}

Logging:
Log output configuration:
 #0: stdout all=off uptime,level,tags foldmultilines=false
 #1: stderr all=off uptime,level,tags foldmultilines=false

Environment Variables:
PATH=C:/Users/Acer/.p2/pool/plugins/org.eclipse.justj.openjdk.hotspot.jre.full.win32.x86_64_20.0.2.v20230801-2057/jre/bin/server;C:/Users/Acer/.p2/pool/plugins/org.eclipse.justj.openjdk.hotspot.jre.full.win32.x86_64_20.0.2.v20230801-2057/jre/bin;C:\Windows\system32;C:\Windows;C:\Windows\System32\Wbem;C:\Windows\System32\WindowsPowerShell\v1.0\;C:\Windows\System32\OpenSSH\;C:\Program Files (x86)\NVIDIA Corporation\PhysX\Common;C:\Program Files\NVIDIA Corporation\NVIDIA NvDLISR;C:\WINDOWS\system32;C:\WINDOWS;C:\WINDOWS\System32\Wbem;C:\WINDOWS\System32\WindowsPowerShell\v1.0\;C:\WINDOWS\System32\OpenSSH\;C:\Program Files\Git\cmd;C:\Program Files\MySQL\MySQL Shell 8.0\bin\;C:\Users\Acer\AppData\Local\Microsoft\WindowsApps;;C:\Program Files\JetBrains\IntelliJ IDEA Community Edition 2023.2\bin;;C:\Users\Acer\AppData\Local\Programs\Microsoft VS Code\bin;C:\Program Files (x86)\Nmap;C:\WINDOWS\System32;
USERNAME=Acer
OS=Windows_NT
PROCESSOR_IDENTIFIER=AMD64 Family 25 Model 80 Stepping 0, AuthenticAMD
TMP=C:\Users\Acer\AppData\Local\Temp
TEMP=C:\Users\Acer\AppData\Local\Temp




---------------  S Y S T E M  ---------------

OS:
 Windows 11 , 64 bit Build 22621 (10.0.22621.2070)
OS uptime: 0 days 1:17 hours

CPU: total 16 (initial active 16) (16 cores per cpu, 2 threads per core) family 25 model 80 stepping 0 microcode 0x0, cx8, cmov, fxsr, ht, mmx, 3dnowpref, sse, sse2, sse3, ssse3, sse4a, sse4.1, sse4.2, popcnt, lzcnt, tsc, tscinvbit, avx, avx2, aes, erms, clmul, bmi1, bmi2, adx, sha, fma, vzeroupper, clflush, clflushopt, rdtscp, rdpid, fsrm, f16c, pku, cet_ss

Memory: 4k page, system-wide physical 15724M (10448M free)
TotalPageFile size 27500M (AvailPageFile size 19845M)
current process WorkingSet (physical memory assigned to process): 637M, peak: 830M
current process commit charge ("private bytes"): 841M, peak: 1088M

vm_info: OpenJDK 64-Bit Server VM (20.0.2+9) for windows-amd64 JRE (20.0.2+9), built on 2023-07-18T00:00:00Z by "admin" with MS VC++ 16.10 / 16.11 (VS2019)

END.
